INFO 2024-12-09 13:06:34,489 basehttp "GET /api/user/profile/ HTTP/1.1" 200 9083
INFO 2024-12-09 13:06:41,373 basehttp "GET /api/user/register HTTP/1.1" 301 0
WARNING 2024-12-09 13:06:41,387 basehttp "GET /api/user/register/ HTTP/1.1" 405 8307
WARNING 2024-12-09 13:06:46,348 basehttp "GET /api/user/register/ HTTP/1.1" 405 8307
INFO 2024-12-09 13:06:46,366 basehttp "GET /static/rest_framework/css/prettify.css HTTP/1.1" 200 817
INFO 2024-12-09 13:06:46,367 basehttp "GET /static/rest_framework/css/bootstrap-tweaks.css HTTP/1.1" 200 3426
INFO 2024-12-09 13:06:46,368 basehttp "GET /static/rest_framework/js/ajax-form.js HTTP/1.1" 200 3796
INFO 2024-12-09 13:06:46,369 basehttp "GET /static/rest_framework/css/default.css HTTP/1.1" 200 1152
INFO 2024-12-09 13:06:46,372 basehttp "GET /static/rest_framework/js/csrf.js HTTP/1.1" 200 1793
INFO 2024-12-09 13:06:46,373 basehttp "GET /static/rest_framework/js/default.js HTTP/1.1" 200 1268
INFO 2024-12-09 13:06:46,375 basehttp "GET /static/rest_framework/js/jquery-3.7.1.min.js HTTP/1.1" 200 87533
INFO 2024-12-09 13:06:46,375 basehttp "GET /static/rest_framework/js/prettify-min.js HTTP/1.1" 200 13632
INFO 2024-12-09 13:06:46,375 basehttp "GET /static/rest_framework/js/bootstrap.min.js HTTP/1.1" 200 39680
INFO 2024-12-09 13:06:46,376 basehttp "GET /static/rest_framework/css/bootstrap.min.css HTTP/1.1" 200 121457
INFO 2024-12-09 13:06:46,421 basehttp "GET /static/rest_framework/js/load-ajax-form.js HTTP/1.1" 200 59
INFO 2024-12-09 13:06:46,472 basehttp "GET /static/rest_framework/img/grid.png HTTP/1.1" 200 1458
WARNING 2024-12-09 13:06:46,544 basehttp "GET /favicon.ico HTTP/1.1" 404 2535
WARNING 2024-12-09 13:06:49,345 basehttp "GET /api/user/register/ HTTP/1.1" 405 8307
INFO 2024-12-09 13:06:49,363 basehttp "GET /static/rest_framework/css/bootstrap-tweaks.css HTTP/1.1" 200 3426
INFO 2024-12-09 13:06:49,364 basehttp "GET /static/rest_framework/js/ajax-form.js HTTP/1.1" 200 3796
INFO 2024-12-09 13:06:49,364 basehttp "GET /static/rest_framework/css/prettify.css HTTP/1.1" 200 817
INFO 2024-12-09 13:06:49,365 basehttp "GET /static/rest_framework/css/default.css HTTP/1.1" 200 1152
INFO 2024-12-09 13:06:49,368 basehttp "GET /static/rest_framework/js/csrf.js HTTP/1.1" 200 1793
INFO 2024-12-09 13:06:49,370 basehttp "GET /static/rest_framework/js/prettify-min.js HTTP/1.1" 200 13632
INFO 2024-12-09 13:06:49,371 basehttp "GET /static/rest_framework/js/default.js HTTP/1.1" 200 1268
INFO 2024-12-09 13:06:49,372 basehttp "GET /static/rest_framework/css/bootstrap.min.css HTTP/1.1" 200 121457
INFO 2024-12-09 13:06:49,372 basehttp "GET /static/rest_framework/js/bootstrap.min.js HTTP/1.1" 200 39680
INFO 2024-12-09 13:06:49,373 basehttp "GET /static/rest_framework/js/jquery-3.7.1.min.js HTTP/1.1" 200 87533
INFO 2024-12-09 13:06:49,422 basehttp "GET /static/rest_framework/js/load-ajax-form.js HTTP/1.1" 200 59
INFO 2024-12-09 13:06:49,463 basehttp "GET /static/rest_framework/img/grid.png HTTP/1.1" 200 1458
WARNING 2024-12-09 13:06:49,551 basehttp "GET /favicon.ico HTTP/1.1" 404 2535
WARNING 2024-12-09 13:10:40,186 basehttp "GET /api/user/logout HTTP/1.1" 404 3766
WARNING 2024-12-09 13:10:45,961 basehttp "GET /api/user/login HTTP/1.1" 404 3763
WARNING 2024-12-09 13:10:59,497 basehttp "GET /api-auth/logout/ HTTP/1.1" 404 2550
WARNING 2024-12-09 13:11:04,348 basehttp "GET /api-auth/login/ HTTP/1.1" 404 2547
INFO 2024-12-09 13:12:50,668 autoreload /home/alex/Ecole42/42cursus/ft_transcendence/ft_transcendence_microservices/user-service/user_service/urls.py changed, reloading.
INFO 2024-12-09 13:12:50,861 autoreload Watching for file changes with StatReloader
INFO 2024-12-09 13:12:50,519 autoreload /home/alex/Ecole42/42cursus/ft_transcendence/ft_transcendence_microservices/user-service/user_service/urls.py changed, reloading.
INFO 2024-12-09 13:12:50,700 autoreload Watching for file changes with StatReloader
WARNING 2024-12-09 13:13:18,503 basehttp "GET /api/game/games/ HTTP/1.1" 404 2699
INFO 2024-12-09 13:13:25,401 basehttp "GET /api-auth/login/ HTTP/1.1" 200 2700
INFO 2024-12-09 13:13:32,325 basehttp "GET /api-auth/login/ HTTP/1.1" 200 2700
INFO 2024-12-09 13:13:47,937 basehttp "GET /api/user/profile HTTP/1.1" 301 0
INFO 2024-12-09 13:13:47,954 basehttp "GET /api/user/profile/ HTTP/1.1" 200 9652
INFO 2024-12-09 13:13:48,263 basehttp "POST /api-auth/logout/?next=/api/user/profile/ HTTP/1.1" 302 0
WARNING 2024-12-09 13:13:48,267 basehttp "GET /api/user/profile/ HTTP/1.1" 403 5054
INFO 2024-12-09 13:13:58,808 basehttp "GET /api-auth/login/?next=/api/user/profile/ HTTP/1.1" 200 2718
INFO 2024-12-09 13:14:10,222 basehttp "POST /api-auth/login/ HTTP/1.1" 302 0
INFO 2024-12-09 13:14:10,235 basehttp "GET /api/user/profile/ HTTP/1.1" 200 9652
WARNING 2024-12-09 13:20:26,064 basehttp "GET /media/user_1/IMG-20211118-WA0004.jpg HTTP/1.1" 404 3049
INFO 2024-12-09 13:20:36,479 basehttp "PUT /api/user/profile/ HTTP/1.1" 200 9640
WARNING 2024-12-13 09:57:37,657 base Session data corrupted
WARNING 2024-12-13 09:57:39,501 base Session data corrupted
WARNING 2024-12-13 09:57:52,175 base Session data corrupted
WARNING 2024-12-13 09:57:54,648 base Session data corrupted
WARNING 2024-12-13 09:58:03,227 base Session data corrupted
WARNING 2024-12-13 09:58:05,776 base Session data corrupted
WARNING 2024-12-13 09:58:11,529 base Session data corrupted
WARNING 2024-12-13 09:58:13,900 base Session data corrupted
WARNING 2024-12-13 09:59:26,331 base Session data corrupted
WARNING 2024-12-13 09:59:28,919 base Session data corrupted
WARNING 2024-12-13 10:31:01,859 base Session data corrupted
WARNING 2024-12-13 10:31:04,404 base Session data corrupted
WARNING 2024-12-13 10:34:59,453 base Session data corrupted
WARNING 2024-12-13 10:35:01,934 base Session data corrupted
INFO 2024-12-13 15:59:32,414 autoreload Watching for file changes with StatReloader
INFO 2024-12-13 16:07:27,947 autoreload /home/alex/Ecole42/42cursus/ft_transcendence/ft_transcendence_microservices/matchtracker-service/game/views.py changed, reloading.
INFO 2024-12-13 16:07:28,128 autoreload Watching for file changes with StatReloader
INFO 2024-12-16 19:52:46,717 autoreload Watching for file changes with StatReloader
INFO 2024-12-16 19:54:27,413 autoreload Watching for file changes with StatReloader
WARNING 2024-12-16 19:54:29,442 base Session data corrupted
INFO 2024-12-16 19:54:29,453 basehttp "GET / HTTP/1.1" 200 5529
INFO 2024-12-16 19:54:29,483 basehttp "GET /static/rest_framework/css/bootstrap.min.css HTTP/1.1" 304 0
INFO 2024-12-16 19:54:29,484 basehttp "GET /static/rest_framework/css/bootstrap-tweaks.css HTTP/1.1" 304 0
INFO 2024-12-16 19:54:29,486 basehttp "GET /static/rest_framework/css/prettify.css HTTP/1.1" 304 0
INFO 2024-12-16 19:54:29,488 basehttp "GET /static/rest_framework/js/csrf.js HTTP/1.1" 304 0
INFO 2024-12-16 19:54:29,488 basehttp "GET /static/rest_framework/js/bootstrap.min.js HTTP/1.1" 304 0
INFO 2024-12-16 19:54:29,491 basehttp "GET /static/rest_framework/js/ajax-form.js HTTP/1.1" 304 0
INFO 2024-12-16 19:54:29,491 basehttp "GET /static/rest_framework/css/default.css HTTP/1.1" 304 0
INFO 2024-12-16 19:54:29,491 basehttp "GET /static/rest_framework/js/jquery-3.7.1.min.js HTTP/1.1" 304 0
INFO 2024-12-16 19:54:29,493 basehttp "GET /static/rest_framework/js/default.js HTTP/1.1" 304 0
INFO 2024-12-16 19:54:29,493 basehttp "GET /static/rest_framework/js/prettify-min.js HTTP/1.1" 304 0
INFO 2024-12-16 19:54:29,493 basehttp "GET /static/rest_framework/js/load-ajax-form.js HTTP/1.1" 304 0
INFO 2024-12-16 19:54:29,596 basehttp "GET /static/rest_framework/img/grid.png HTTP/1.1" 304 0
WARNING 2024-12-16 19:54:36,002 base Session data corrupted
WARNING 2024-12-16 19:54:36,004 basehttp "GET /games/ HTTP/1.1" 403 4998
WARNING 2024-12-16 19:55:00,311 base Session data corrupted
WARNING 2024-12-16 19:55:00,313 basehttp "GET /games/ HTTP/1.1" 403 4998
WARNING 2024-12-16 19:55:11,739 base Session data corrupted
WARNING 2024-12-16 19:55:11,741 basehttp "GET /tournament-matches/ HTTP/1.1" 403 5135
WARNING 2024-12-16 19:55:14,856 base Session data corrupted
WARNING 2024-12-16 19:55:14,858 basehttp "GET /tournaments/ HTTP/1.1" 403 5064
WARNING 2024-12-16 19:55:20,401 base Session data corrupted
INFO 2024-12-16 19:55:20,403 basehttp "OPTIONS / HTTP/1.1" 200 5507
WARNING 2024-12-16 19:55:24,862 base Session data corrupted
INFO 2024-12-16 19:55:24,864 basehttp "OPTIONS / HTTP/1.1" 200 5507
WARNING 2024-12-16 19:55:27,163 base Session data corrupted
INFO 2024-12-16 19:55:27,165 basehttp "GET / HTTP/1.1" 200 5529
WARNING 2024-12-16 19:55:29,265 base Session data corrupted
WARNING 2024-12-16 19:55:29,267 basehttp "GET /games/ HTTP/1.1" 403 4998
WARNING 2024-12-16 19:57:15,422 base Session data corrupted
WARNING 2024-12-16 19:57:15,424 basehttp "GET /games/ HTTP/1.1" 403 4998
WARNING 2024-12-16 19:57:38,812 basehttp "GET /api/user/profile/ HTTP/1.1" 404 6778
INFO 2024-12-16 20:01:43,512 autoreload /home/alex/Ecole42/42cursus/ft_transcendence/ft_transcendence_microservices/matchtracker-service/game/views.py changed, reloading.
INFO 2024-12-16 20:01:43,717 autoreload Watching for file changes with StatReloader
INFO 2024-12-16 20:01:44,774 autoreload /home/alex/Ecole42/42cursus/ft_transcendence/ft_transcendence_microservices/matchtracker-service/game/views.py changed, reloading.
INFO 2024-12-16 20:01:44,984 autoreload Watching for file changes with StatReloader
INFO 2024-12-16 20:03:28,523 autoreload /home/alex/Ecole42/42cursus/ft_transcendence/ft_transcendence_microservices/matchtracker-service/matchtracker_service/settings.py changed, reloading.
INFO 2024-12-16 20:03:28,727 autoreload Watching for file changes with StatReloader
WARNING 2024-12-16 20:03:32,004 base Session data corrupted
INFO 2024-12-16 20:03:32,015 basehttp "GET / HTTP/1.1" 200 5529
WARNING 2024-12-16 20:03:34,410 base Session data corrupted
WARNING 2024-12-16 20:03:34,412 basehttp "GET /tournaments/ HTTP/1.1" 403 5064
WARNING 2024-12-16 20:03:36,494 base Session data corrupted
WARNING 2024-12-16 20:03:36,496 basehttp "GET /games/ HTTP/1.1" 403 4998
WARNING 2024-12-16 20:03:57,674 base Session data corrupted
WARNING 2024-12-16 20:03:57,676 basehttp "GET /games/ HTTP/1.1" 403 4998
INFO 2024-12-16 20:05:13,566 basehttp "GET /match-history HTTP/1.1" 301 0
WARNING 2024-12-16 20:05:13,574 base Session data corrupted
WARNING 2024-12-16 20:05:13,576 basehttp "GET /match-history/ HTTP/1.1" 403 5056
INFO 2024-12-16 20:18:03,997 autoreload /home/alex/Ecole42/42cursus/ft_transcendence/ft_transcendence_microservices/matchtracker-service/matchtracker_service/settings.py changed, reloading.
INFO 2024-12-16 20:18:04,203 autoreload Watching for file changes with StatReloader
INFO 2024-12-16 20:18:07,325 autoreload /home/alex/Ecole42/42cursus/ft_transcendence/ft_transcendence_microservices/matchtracker-service/matchtracker_service/settings.py changed, reloading.
INFO 2024-12-16 20:18:07,535 autoreload Watching for file changes with StatReloader
INFO 2024-12-16 20:18:38,256 autoreload /home/alex/Ecole42/42cursus/ft_transcendence/ft_transcendence_microservices/matchtracker-service/matchtracker_service/settings.py changed, reloading.
INFO 2024-12-16 20:18:38,455 autoreload Watching for file changes with StatReloader
INFO 2024-12-16 20:18:39,544 autoreload /home/alex/Ecole42/42cursus/ft_transcendence/ft_transcendence_microservices/matchtracker-service/matchtracker_service/settings.py changed, reloading.
INFO 2024-12-16 20:18:39,745 autoreload Watching for file changes with StatReloader
INFO 2024-12-16 20:18:40,813 autoreload /home/alex/Ecole42/42cursus/ft_transcendence/ft_transcendence_microservices/matchtracker-service/matchtracker_service/settings.py changed, reloading.
INFO 2024-12-16 20:18:41,016 autoreload Watching for file changes with StatReloader
INFO 2024-12-16 20:18:42,078 autoreload /home/alex/Ecole42/42cursus/ft_transcendence/ft_transcendence_microservices/matchtracker-service/matchtracker_service/settings.py changed, reloading.
INFO 2024-12-16 20:18:42,285 autoreload Watching for file changes with StatReloader
INFO 2024-12-16 20:18:45,388 autoreload /home/alex/Ecole42/42cursus/ft_transcendence/ft_transcendence_microservices/matchtracker-service/matchtracker_service/settings.py changed, reloading.
INFO 2024-12-16 20:18:45,595 autoreload Watching for file changes with StatReloader
INFO 2024-12-16 20:19:19,411 autoreload /home/alex/Ecole42/42cursus/ft_transcendence/ft_transcendence_microservices/matchtracker-service/matchtracker_service/settings.py changed, reloading.
INFO 2024-12-16 20:19:19,612 autoreload Watching for file changes with StatReloader
INFO 2024-12-16 20:21:23,820 autoreload /home/alex/Ecole42/42cursus/ft_transcendence/ft_transcendence_microservices/matchtracker-service/matchtracker_service/settings.py changed, reloading.
INFO 2024-12-16 20:21:24,018 autoreload Watching for file changes with StatReloader
INFO 2024-12-16 20:21:26,145 autoreload /home/alex/Ecole42/42cursus/ft_transcendence/ft_transcendence_microservices/matchtracker-service/matchtracker_service/settings.py changed, reloading.
INFO 2024-12-16 20:21:26,350 autoreload Watching for file changes with StatReloader
INFO 2024-12-16 20:21:32,551 autoreload /home/alex/Ecole42/42cursus/ft_transcendence/ft_transcendence_microservices/matchtracker-service/matchtracker_service/settings.py changed, reloading.
INFO 2024-12-16 20:21:32,760 autoreload Watching for file changes with StatReloader
INFO 2024-12-16 20:21:45,356 autoreload /home/alex/Ecole42/42cursus/ft_transcendence/ft_transcendence_microservices/matchtracker-service/matchtracker_service/settings.py changed, reloading.
INFO 2024-12-16 20:21:45,559 autoreload Watching for file changes with StatReloader
INFO 2024-12-16 20:21:55,696 autoreload /home/alex/Ecole42/42cursus/ft_transcendence/ft_transcendence_microservices/matchtracker-service/matchtracker_service/settings.py changed, reloading.
INFO 2024-12-16 20:36:42,865 autoreload Watching for file changes with StatReloader
INFO 2024-12-16 20:37:29,122 autoreload Watching for file changes with StatReloader
INFO 2024-12-16 20:40:08,781 autoreload /home/alex/Ecole42/42cursus/ft_transcendence/ft_transcendence_microservices/matchtracker-service/matchtracker_service/settings.py changed, reloading.
INFO 2024-12-16 20:40:08,989 autoreload Watching for file changes with StatReloader
INFO 2024-12-16 20:40:11,158 autoreload /home/alex/Ecole42/42cursus/ft_transcendence/ft_transcendence_microservices/matchtracker-service/matchtracker_service/settings.py changed, reloading.
INFO 2024-12-16 20:40:11,371 autoreload Watching for file changes with StatReloader
INFO 2024-12-16 20:40:25,270 basehttp "GET / HTTP/1.1" 200 5529
INFO 2024-12-16 21:14:44,355 autoreload Watching for file changes with StatReloader
INFO 2024-12-16 21:19:33,643 autoreload /home/alex/Ecole42/42cursus/ft_transcendence/ft_transcendence_microservices/matchtracker-service/matchtracker_service/settings.py changed, reloading.
INFO 2024-12-16 21:19:33,854 autoreload Watching for file changes with StatReloader
INFO 2024-12-16 21:19:35,004 autoreload /home/alex/Ecole42/42cursus/ft_transcendence/ft_transcendence_microservices/matchtracker-service/matchtracker_service/settings.py changed, reloading.
INFO 2024-12-16 21:19:35,219 autoreload Watching for file changes with StatReloader
INFO 2024-12-16 21:23:20,568 autoreload /home/alex/Ecole42/42cursus/ft_transcendence/ft_transcendence_microservices/matchtracker-service/matchtracker_service/settings.py changed, reloading.
INFO 2024-12-16 21:23:20,783 autoreload Watching for file changes with StatReloader
INFO 2024-12-16 21:23:23,964 autoreload /home/alex/Ecole42/42cursus/ft_transcendence/ft_transcendence_microservices/matchtracker-service/matchtracker_service/settings.py changed, reloading.
INFO 2024-12-16 21:23:24,178 autoreload Watching for file changes with StatReloader
INFO 2024-12-16 21:23:26,339 autoreload /home/alex/Ecole42/42cursus/ft_transcendence/ft_transcendence_microservices/matchtracker-service/matchtracker_service/settings.py changed, reloading.
INFO 2024-12-16 21:23:26,558 autoreload Watching for file changes with StatReloader
INFO 2024-12-16 21:26:06,708 autoreload /home/alex/Ecole42/42cursus/ft_transcendence/ft_transcendence_microservices/matchtracker-service/matchtracker_service/settings.py changed, reloading.
INFO 2024-12-16 21:26:06,957 autoreload Watching for file changes with StatReloader
INFO 2024-12-16 21:26:10,159 autoreload /home/alex/Ecole42/42cursus/ft_transcendence/ft_transcendence_microservices/matchtracker-service/matchtracker_service/settings.py changed, reloading.
INFO 2024-12-16 21:26:10,370 autoreload Watching for file changes with StatReloader
INFO 2024-12-16 21:26:13,541 autoreload /home/alex/Ecole42/42cursus/ft_transcendence/ft_transcendence_microservices/matchtracker-service/matchtracker_service/settings.py changed, reloading.
INFO 2024-12-16 21:26:13,766 autoreload Watching for file changes with StatReloader
INFO 2024-12-16 21:33:15,789 autoreload /home/alex/Ecole42/42cursus/ft_transcendence/ft_transcendence_microservices/matchtracker-service/matchtracker_service/settings.py changed, reloading.
INFO 2024-12-16 21:33:16,015 autoreload Watching for file changes with StatReloader
INFO 2024-12-16 21:33:18,180 autoreload /home/alex/Ecole42/42cursus/ft_transcendence/ft_transcendence_microservices/matchtracker-service/matchtracker_service/settings.py changed, reloading.
INFO 2024-12-16 21:33:18,413 autoreload Watching for file changes with StatReloader
INFO 2024-12-16 21:33:50,003 autoreload /home/alex/Ecole42/42cursus/ft_transcendence/ft_transcendence_microservices/matchtracker-service/matchtracker_service/settings.py changed, reloading.
INFO 2024-12-16 21:33:50,272 autoreload Watching for file changes with StatReloader
INFO 2024-12-16 21:38:33,350 autoreload /home/alex/Ecole42/42cursus/ft_transcendence/ft_transcendence_microservices/matchtracker-service/game/views.py changed, reloading.
INFO 2024-12-16 21:38:33,563 autoreload Watching for file changes with StatReloader
INFO 2024-12-16 21:40:20,479 autoreload Watching for file changes with StatReloader
WARNING 2024-12-16 21:41:36,004 basehttp "GET /test-redis-session/ HTTP/1.1" 404 6784
WARNING 2024-12-16 21:41:44,942 basehttp "GET /game/test-redis-session/ HTTP/1.1" 404 6799
WARNING 2024-12-16 21:41:49,553 basehttp "GET /games/test-redis-session/ HTTP/1.1" 403 5231
INFO 2024-12-16 21:41:49,566 basehttp "GET /static/rest_framework/css/bootstrap.min.css HTTP/1.1" 304 0
INFO 2024-12-16 21:41:49,569 basehttp "GET /static/rest_framework/css/bootstrap-tweaks.css HTTP/1.1" 304 0
INFO 2024-12-16 21:41:49,571 basehttp "GET /static/rest_framework/js/csrf.js HTTP/1.1" 304 0
INFO 2024-12-16 21:41:49,572 basehttp "GET /static/rest_framework/js/jquery-3.7.1.min.js HTTP/1.1" 304 0
INFO 2024-12-16 21:41:49,572 basehttp "GET /static/rest_framework/css/default.css HTTP/1.1" 304 0
INFO 2024-12-16 21:41:49,573 basehttp "GET /static/rest_framework/js/bootstrap.min.js HTTP/1.1" 304 0
INFO 2024-12-16 21:41:49,573 basehttp "GET /static/rest_framework/css/prettify.css HTTP/1.1" 304 0
INFO 2024-12-16 21:41:49,574 basehttp "GET /static/rest_framework/js/ajax-form.js HTTP/1.1" 304 0
INFO 2024-12-16 21:41:49,574 basehttp "GET /static/rest_framework/js/prettify-min.js HTTP/1.1" 304 0
INFO 2024-12-16 21:41:49,575 basehttp "GET /static/rest_framework/js/default.js HTTP/1.1" 304 0
INFO 2024-12-16 21:41:49,575 basehttp "GET /static/rest_framework/js/load-ajax-form.js HTTP/1.1" 304 0
INFO 2024-12-16 21:41:49,667 basehttp "GET /static/rest_framework/img/grid.png HTTP/1.1" 304 0
WARNING 2024-12-16 21:42:23,073 basehttp "GET /match-history/ HTTP/1.1" 403 5056
WARNING 2024-12-16 21:42:34,346 basehttp "GET /test_redis_session HTTP/1.1" 404 6781
INFO 2024-12-16 21:43:07,130 autoreload /home/alex/Ecole42/42cursus/ft_transcendence/ft_transcendence_microservices/matchtracker-service/game/views.py changed, reloading.
INFO 2024-12-16 21:43:07,345 autoreload Watching for file changes with StatReloader
INFO 2024-12-16 21:43:11,519 autoreload /home/alex/Ecole42/42cursus/ft_transcendence/ft_transcendence_microservices/matchtracker-service/game/views.py changed, reloading.
INFO 2024-12-16 21:43:11,734 autoreload Watching for file changes with StatReloader
INFO 2024-12-16 21:48:23,586 autoreload /home/alex/Ecole42/42cursus/ft_transcendence/ft_transcendence_microservices/matchtracker-service/matchtracker_service/urls.py changed, reloading.
INFO 2024-12-16 21:48:23,804 autoreload Watching for file changes with StatReloader
INFO 2024-12-16 21:48:24,888 autoreload /home/alex/Ecole42/42cursus/ft_transcendence/ft_transcendence_microservices/matchtracker-service/matchtracker_service/urls.py changed, reloading.
INFO 2024-12-16 21:48:25,104 autoreload Watching for file changes with StatReloader
INFO 2024-12-16 21:48:30,222 autoreload /home/alex/Ecole42/42cursus/ft_transcendence/ft_transcendence_microservices/matchtracker-service/matchtracker_service/urls.py changed, reloading.
INFO 2024-12-16 21:48:30,431 autoreload Watching for file changes with StatReloader
INFO 2024-12-16 21:48:31,514 autoreload /home/alex/Ecole42/42cursus/ft_transcendence/ft_transcendence_microservices/matchtracker-service/matchtracker_service/urls.py changed, reloading.
INFO 2024-12-16 21:48:31,721 autoreload Watching for file changes with StatReloader
INFO 2024-12-16 21:48:34,943 autoreload /home/alex/Ecole42/42cursus/ft_transcendence/ft_transcendence_microservices/matchtracker-service/matchtracker_service/urls.py changed, reloading.
INFO 2024-12-16 21:48:35,151 autoreload Watching for file changes with StatReloader
INFO 2024-12-16 21:49:12,665 autoreload Watching for file changes with StatReloader
INFO 2024-12-16 21:51:26,170 basehttp "GET / HTTP/1.1" 200 5529
WARNING 2024-12-16 21:51:33,512 basehttp "GET /api/user/profile/ HTTP/1.1" 404 6967
INFO 2024-12-16 21:51:56,365 basehttp "GET /test-redis-session HTTP/1.1" 301 0
INFO 2024-12-16 21:51:56,369 basehttp "GET /test-redis-session/ HTTP/1.1" 200 21
INFO 2024-12-16 21:56:07,873 autoreload /home/alex/Ecole42/42cursus/ft_transcendence/ft_transcendence_microservices/matchtracker-service/game/views.py changed, reloading.
INFO 2024-12-16 21:56:08,088 autoreload Watching for file changes with StatReloader
INFO 2024-12-16 21:57:53,230 basehttp "GET /test-redis-session/ HTTP/1.1" 200 59
INFO 2024-12-16 22:01:24,691 basehttp "GET /test-redis-session/ HTTP/1.1" 200 59
INFO 2024-12-16 22:01:43,262 basehttp "GET /test-redis-session/ HTTP/1.1" 200 59
INFO 2024-12-16 22:01:51,555 basehttp "GET /test-redis-session/ HTTP/1.1" 200 59
INFO 2024-12-16 22:05:37,313 basehttp "GET /test-redis-session/ HTTP/1.1" 200 59
INFO 2024-12-16 22:09:14,135 autoreload /home/alex/Ecole42/42cursus/ft_transcendence/ft_transcendence_microservices/matchtracker-service/matchtracker_service/settings.py changed, reloading.
INFO 2024-12-16 22:09:14,349 autoreload Watching for file changes with StatReloader
INFO 2024-12-16 22:09:24,256 autoreload Watching for file changes with StatReloader
INFO 2024-12-16 22:09:56,615 basehttp "GET /test-redis-session/ HTTP/1.1" 200 59
INFO 2024-12-16 22:09:59,358 basehttp "GET /test-redis-session/ HTTP/1.1" 200 59
INFO 2024-12-16 22:09:59,884 basehttp "GET /test-redis-session/ HTTP/1.1" 200 59
INFO 2024-12-16 22:10:07,695 basehttp "GET /test-redis-session/ HTTP/1.1" 200 59
WARNING 2024-12-16 22:10:07,825 basehttp "GET /favicon.ico HTTP/1.1" 404 6949
INFO 2024-12-16 22:10:30,288 basehttp "GET /test-redis-session/ HTTP/1.1" 200 59
INFO 2024-12-16 22:13:35,596 autoreload /home/alex/Ecole42/42cursus/ft_transcendence/ft_transcendence_microservices/matchtracker-service/matchtracker_service/settings.py changed, reloading.
INFO 2024-12-16 22:13:35,825 autoreload Watching for file changes with StatReloader
INFO 2024-12-16 22:13:54,029 autoreload Watching for file changes with StatReloader
INFO 2024-12-16 22:16:17,920 basehttp "GET /test-redis-session/ HTTP/1.1" 200 59
INFO 2024-12-16 22:20:56,852 autoreload /home/alex/Ecole42/42cursus/ft_transcendence/ft_transcendence_microservices/matchtracker-service/matchtracker_service/settings.py changed, reloading.
INFO 2024-12-16 22:20:57,074 autoreload Watching for file changes with StatReloader
INFO 2024-12-16 22:21:13,664 basehttp "GET /test-redis-session/ HTTP/1.1" 200 59
WARNING 2024-12-16 22:21:13,819 basehttp "GET /favicon.ico HTTP/1.1" 404 6949
INFO 2024-12-16 22:21:40,580 autoreload Watching for file changes with StatReloader
INFO 2024-12-16 22:21:50,757 basehttp "GET /test-redis-session/ HTTP/1.1" 200 59
WARNING 2024-12-16 22:21:50,893 basehttp "GET /favicon.ico HTTP/1.1" 404 6949
INFO 2024-12-16 22:22:10,240 basehttp "GET /test-redis-session/ HTTP/1.1" 200 59
WARNING 2024-12-16 22:22:10,369 basehttp "GET /favicon.ico HTTP/1.1" 404 6949
INFO 2024-12-16 22:23:14,545 basehttp "GET /test-redis-session/ HTTP/1.1" 200 59
INFO 2024-12-16 22:24:43,120 basehttp "GET /test-redis-session/ HTTP/1.1" 200 59
INFO 2024-12-16 22:24:44,224 basehttp "GET /test-redis-session/ HTTP/1.1" 200 59
INFO 2024-12-16 22:25:37,779 basehttp "GET /test-redis-session/ HTTP/1.1" 200 59
INFO 2024-12-17 09:00:41,191 autoreload Watching for file changes with StatReloader
INFO 2024-12-17 09:01:39,530 basehttp "GET /test-redis-session/ HTTP/1.1" 200 59
WARNING 2024-12-17 09:01:39,595 basehttp "GET /favicon.ico HTTP/1.1" 404 6949
INFO 2024-12-17 09:02:50,589 basehttp "GET /test-redis-session/ HTTP/1.1" 200 59
INFO 2024-12-17 09:03:05,567 basehttp "GET /test-redis-session/ HTTP/1.1" 200 59
INFO 2024-12-17 09:03:09,597 basehttp "GET /test-redis-session/ HTTP/1.1" 200 59
INFO 2024-12-17 09:03:10,143 basehttp "GET /test-redis-session/ HTTP/1.1" 200 59
INFO 2024-12-17 09:03:10,520 basehttp "GET /test-redis-session/ HTTP/1.1" 200 59
INFO 2024-12-17 09:03:10,833 basehttp "GET /test-redis-session/ HTTP/1.1" 200 59
INFO 2024-12-17 09:03:11,153 basehttp "GET /test-redis-session/ HTTP/1.1" 200 59
INFO 2024-12-17 09:03:11,440 basehttp "GET /test-redis-session/ HTTP/1.1" 200 59
INFO 2024-12-17 09:03:11,719 basehttp "GET /test-redis-session/ HTTP/1.1" 200 59
INFO 2024-12-17 09:03:12,014 basehttp "GET /test-redis-session/ HTTP/1.1" 200 59
INFO 2024-12-17 09:03:12,294 basehttp "GET /test-redis-session/ HTTP/1.1" 200 59
INFO 2024-12-17 09:03:12,596 basehttp "GET /test-redis-session/ HTTP/1.1" 200 59
INFO 2024-12-17 09:03:12,867 basehttp "GET /test-redis-session/ HTTP/1.1" 200 59
INFO 2024-12-17 09:03:13,134 basehttp "GET /test-redis-session/ HTTP/1.1" 200 59
INFO 2024-12-17 09:03:13,409 basehttp "GET /test-redis-session/ HTTP/1.1" 200 59
INFO 2024-12-17 09:03:13,649 basehttp "GET /test-redis-session/ HTTP/1.1" 200 59
INFO 2024-12-17 09:03:13,924 basehttp "GET /test-redis-session/ HTTP/1.1" 200 59
INFO 2024-12-17 09:07:00,032 autoreload /home/alex/Ecole42/42cursus/ft_transcendence/ft_transcendence_microservices/matchtracker-service/game/views.py changed, reloading.
INFO 2024-12-17 09:07:00,249 autoreload Watching for file changes with StatReloader
INFO 2024-12-17 09:07:04,899 autoreload Watching for file changes with StatReloader
INFO 2024-12-17 09:07:15,783 basehttp "GET /test-redis-session/ HTTP/1.1" 200 59
INFO 2024-12-17 09:10:46,491 basehttp "GET /test-redis-session/ HTTP/1.1" 200 59
INFO 2024-12-17 09:11:32,376 basehttp "GET /test-redis-session/ HTTP/1.1" 200 59
INFO 2024-12-17 09:11:33,722 basehttp "GET /test-redis-session/ HTTP/1.1" 200 59
INFO 2024-12-17 09:26:16,652 basehttp "GET / HTTP/1.1" 200 5529
INFO 2024-12-17 09:26:16,676 basehttp "GET /static/rest_framework/css/bootstrap.min.css HTTP/1.1" 200 121457
INFO 2024-12-17 09:26:16,725 basehttp "GET /static/rest_framework/css/bootstrap-tweaks.css HTTP/1.1" 200 3426
INFO 2024-12-17 09:26:16,789 basehttp "GET /static/rest_framework/css/prettify.css HTTP/1.1" 200 817
INFO 2024-12-17 09:26:16,861 basehttp "GET /static/rest_framework/css/default.css HTTP/1.1" 200 1152
INFO 2024-12-17 09:26:16,906 basehttp "GET /static/rest_framework/js/jquery-3.7.1.min.js HTTP/1.1" 200 87533
INFO 2024-12-17 09:26:16,914 basehttp "GET /static/rest_framework/js/ajax-form.js HTTP/1.1" 200 3796
INFO 2024-12-17 09:26:16,915 basehttp "GET /static/rest_framework/js/csrf.js HTTP/1.1" 200 1793
INFO 2024-12-17 09:26:16,965 basehttp "GET /static/rest_framework/js/prettify-min.js HTTP/1.1" 200 13632
INFO 2024-12-17 09:26:16,965 basehttp "GET /static/rest_framework/js/bootstrap.min.js HTTP/1.1" 200 39680
INFO 2024-12-17 09:26:17,004 basehttp "GET /static/rest_framework/js/default.js HTTP/1.1" 200 1268
INFO 2024-12-17 09:26:17,004 basehttp "GET /static/rest_framework/js/load-ajax-form.js HTTP/1.1" 200 59
INFO 2024-12-17 09:26:17,005 basehttp "GET /static/rest_framework/img/grid.png HTTP/1.1" 200 1458
WARNING 2024-12-17 09:26:21,848 basehttp "GET /games/ HTTP/1.1" 403 4998
ERROR 2024-12-17 09:26:54,115 log Internal Server Error: /games/
Traceback (most recent call last):
  File "/home/alex/Ecole42/42cursus/ft_transcendence/ft_transcendence_microservices/matchtracker-service/venv/lib/python3.13/site-packages/django/db/backends/utils.py", line 105, in _execute
    return self.cursor.execute(sql, params)
           ~~~~~~~~~~~~~~~~~~~^^^^^^^^^^^^^
psycopg2.errors.UndefinedTable: relation "auth_user" does not exist
LINE 1: ...user"."is_active", "auth_user"."date_joined" FROM "auth_user...
                                                             ^


The above exception was the direct cause of the following exception:

Traceback (most recent call last):
  File "/home/alex/Ecole42/42cursus/ft_transcendence/ft_transcendence_microservices/matchtracker-service/venv/lib/python3.13/site-packages/django/core/handlers/exception.py", line 55, in inner
    response = get_response(request)
  File "/home/alex/Ecole42/42cursus/ft_transcendence/ft_transcendence_microservices/matchtracker-service/venv/lib/python3.13/site-packages/django/core/handlers/base.py", line 197, in _get_response
    response = wrapped_callback(request, *callback_args, **callback_kwargs)
  File "/home/alex/Ecole42/42cursus/ft_transcendence/ft_transcendence_microservices/matchtracker-service/venv/lib/python3.13/site-packages/django/views/decorators/csrf.py", line 65, in _view_wrapper
    return view_func(request, *args, **kwargs)
  File "/home/alex/Ecole42/42cursus/ft_transcendence/ft_transcendence_microservices/matchtracker-service/venv/lib/python3.13/site-packages/rest_framework/viewsets.py", line 124, in view
    return self.dispatch(request, *args, **kwargs)
           ~~~~~~~~~~~~~^^^^^^^^^^^^^^^^^^^^^^^^^^
  File "/home/alex/Ecole42/42cursus/ft_transcendence/ft_transcendence_microservices/matchtracker-service/venv/lib/python3.13/site-packages/rest_framework/views.py", line 509, in dispatch
    response = self.handle_exception(exc)
  File "/home/alex/Ecole42/42cursus/ft_transcendence/ft_transcendence_microservices/matchtracker-service/venv/lib/python3.13/site-packages/rest_framework/views.py", line 469, in handle_exception
    self.raise_uncaught_exception(exc)
    ~~~~~~~~~~~~~~~~~~~~~~~~~~~~~^^^^^
  File "/home/alex/Ecole42/42cursus/ft_transcendence/ft_transcendence_microservices/matchtracker-service/venv/lib/python3.13/site-packages/rest_framework/views.py", line 480, in raise_uncaught_exception
    raise exc
  File "/home/alex/Ecole42/42cursus/ft_transcendence/ft_transcendence_microservices/matchtracker-service/venv/lib/python3.13/site-packages/rest_framework/views.py", line 497, in dispatch
    self.initial(request, *args, **kwargs)
    ~~~~~~~~~~~~^^^^^^^^^^^^^^^^^^^^^^^^^^
  File "/home/alex/Ecole42/42cursus/ft_transcendence/ft_transcendence_microservices/matchtracker-service/venv/lib/python3.13/site-packages/rest_framework/views.py", line 414, in initial
    self.perform_authentication(request)
    ~~~~~~~~~~~~~~~~~~~~~~~~~~~^^^^^^^^^
  File "/home/alex/Ecole42/42cursus/ft_transcendence/ft_transcendence_microservices/matchtracker-service/venv/lib/python3.13/site-packages/rest_framework/views.py", line 324, in perform_authentication
    request.user
  File "/home/alex/Ecole42/42cursus/ft_transcendence/ft_transcendence_microservices/matchtracker-service/venv/lib/python3.13/site-packages/rest_framework/request.py", line 231, in user
    self._authenticate()
    ~~~~~~~~~~~~~~~~~~^^
  File "/home/alex/Ecole42/42cursus/ft_transcendence/ft_transcendence_microservices/matchtracker-service/venv/lib/python3.13/site-packages/rest_framework/request.py", line 384, in _authenticate
    user_auth_tuple = authenticator.authenticate(self)
  File "/home/alex/Ecole42/42cursus/ft_transcendence/ft_transcendence_microservices/matchtracker-service/venv/lib/python3.13/site-packages/rest_framework/authentication.py", line 127, in authenticate
    if not user or not user.is_active:
           ^^^^
  File "/home/alex/Ecole42/42cursus/ft_transcendence/ft_transcendence_microservices/matchtracker-service/venv/lib/python3.13/site-packages/django/utils/functional.py", line 251, in inner
    self._setup()
    ~~~~~~~~~~~^^
  File "/home/alex/Ecole42/42cursus/ft_transcendence/ft_transcendence_microservices/matchtracker-service/venv/lib/python3.13/site-packages/django/utils/functional.py", line 404, in _setup
    self._wrapped = self._setupfunc()
                    ~~~~~~~~~~~~~~~^^
  File "/home/alex/Ecole42/42cursus/ft_transcendence/ft_transcendence_microservices/matchtracker-service/venv/lib/python3.13/site-packages/django/contrib/auth/middleware.py", line 37, in <lambda>
    request.user = SimpleLazyObject(lambda: get_user(request))
                                            ~~~~~~~~^^^^^^^^^
  File "/home/alex/Ecole42/42cursus/ft_transcendence/ft_transcendence_microservices/matchtracker-service/venv/lib/python3.13/site-packages/django/contrib/auth/middleware.py", line 17, in get_user
    request._cached_user = auth.get_user(request)
                           ~~~~~~~~~~~~~^^^^^^^^^
  File "/home/alex/Ecole42/42cursus/ft_transcendence/ft_transcendence_microservices/matchtracker-service/venv/lib/python3.13/site-packages/django/contrib/auth/__init__.py", line 216, in get_user
    user = backend.get_user(user_id)
  File "/home/alex/Ecole42/42cursus/ft_transcendence/ft_transcendence_microservices/matchtracker-service/venv/lib/python3.13/site-packages/django/contrib/auth/backends.py", line 157, in get_user
    user = UserModel._default_manager.get(pk=user_id)
  File "/home/alex/Ecole42/42cursus/ft_transcendence/ft_transcendence_microservices/matchtracker-service/venv/lib/python3.13/site-packages/django/db/models/manager.py", line 87, in manager_method
    return getattr(self.get_queryset(), name)(*args, **kwargs)
           ~~~~~~~~~~~~~~~~~~~~~~~~~~~~~~~~~~^^^^^^^^^^^^^^^^^
  File "/home/alex/Ecole42/42cursus/ft_transcendence/ft_transcendence_microservices/matchtracker-service/venv/lib/python3.13/site-packages/django/db/models/query.py", line 645, in get
    num = len(clone)
  File "/home/alex/Ecole42/42cursus/ft_transcendence/ft_transcendence_microservices/matchtracker-service/venv/lib/python3.13/site-packages/django/db/models/query.py", line 382, in __len__
    self._fetch_all()
    ~~~~~~~~~~~~~~~^^
  File "/home/alex/Ecole42/42cursus/ft_transcendence/ft_transcendence_microservices/matchtracker-service/venv/lib/python3.13/site-packages/django/db/models/query.py", line 1928, in _fetch_all
    self._result_cache = list(self._iterable_class(self))
                         ~~~~^^^^^^^^^^^^^^^^^^^^^^^^^^^^
  File "/home/alex/Ecole42/42cursus/ft_transcendence/ft_transcendence_microservices/matchtracker-service/venv/lib/python3.13/site-packages/django/db/models/query.py", line 91, in __iter__
    results = compiler.execute_sql(
        chunked_fetch=self.chunked_fetch, chunk_size=self.chunk_size
    )
  File "/home/alex/Ecole42/42cursus/ft_transcendence/ft_transcendence_microservices/matchtracker-service/venv/lib/python3.13/site-packages/django/db/models/sql/compiler.py", line 1574, in execute_sql
    cursor.execute(sql, params)
    ~~~~~~~~~~~~~~^^^^^^^^^^^^^
  File "/home/alex/Ecole42/42cursus/ft_transcendence/ft_transcendence_microservices/matchtracker-service/venv/lib/python3.13/site-packages/django/db/backends/utils.py", line 122, in execute
    return super().execute(sql, params)
           ~~~~~~~~~~~~~~~^^^^^^^^^^^^^
  File "/home/alex/Ecole42/42cursus/ft_transcendence/ft_transcendence_microservices/matchtracker-service/venv/lib/python3.13/site-packages/django/db/backends/utils.py", line 79, in execute
    return self._execute_with_wrappers(
           ~~~~~~~~~~~~~~~~~~~~~~~~~~~^
        sql, params, many=False, executor=self._execute
        ^^^^^^^^^^^^^^^^^^^^^^^^^^^^^^^^^^^^^^^^^^^^^^^
    )
    ^
  File "/home/alex/Ecole42/42cursus/ft_transcendence/ft_transcendence_microservices/matchtracker-service/venv/lib/python3.13/site-packages/django/db/backends/utils.py", line 92, in _execute_with_wrappers
    return executor(sql, params, many, context)
  File "/home/alex/Ecole42/42cursus/ft_transcendence/ft_transcendence_microservices/matchtracker-service/venv/lib/python3.13/site-packages/django/db/backends/utils.py", line 100, in _execute
    with self.db.wrap_database_errors:
         ^^^^^^^^^^^^^^^^^^^^^^^^^^^^
  File "/home/alex/Ecole42/42cursus/ft_transcendence/ft_transcendence_microservices/matchtracker-service/venv/lib/python3.13/site-packages/django/db/utils.py", line 91, in __exit__
    raise dj_exc_value.with_traceback(traceback) from exc_value
  File "/home/alex/Ecole42/42cursus/ft_transcendence/ft_transcendence_microservices/matchtracker-service/venv/lib/python3.13/site-packages/django/db/backends/utils.py", line 105, in _execute
    return self.cursor.execute(sql, params)
           ~~~~~~~~~~~~~~~~~~~^^^^^^^^^^^^^
django.db.utils.ProgrammingError: relation "auth_user" does not exist
LINE 1: ...user"."is_active", "auth_user"."date_joined" FROM "auth_user...
                                                             ^

ERROR 2024-12-17 09:26:54,118 basehttp "GET /games/ HTTP/1.1" 500 210413
ERROR 2024-12-17 09:27:01,512 log Internal Server Error: /
Traceback (most recent call last):
  File "/home/alex/Ecole42/42cursus/ft_transcendence/ft_transcendence_microservices/matchtracker-service/venv/lib/python3.13/site-packages/django/db/backends/utils.py", line 105, in _execute
    return self.cursor.execute(sql, params)
           ~~~~~~~~~~~~~~~~~~~^^^^^^^^^^^^^
psycopg2.errors.UndefinedTable: relation "auth_user" does not exist
LINE 1: ...user"."is_active", "auth_user"."date_joined" FROM "auth_user...
                                                             ^


The above exception was the direct cause of the following exception:

Traceback (most recent call last):
  File "/home/alex/Ecole42/42cursus/ft_transcendence/ft_transcendence_microservices/matchtracker-service/venv/lib/python3.13/site-packages/django/core/handlers/exception.py", line 55, in inner
    response = get_response(request)
  File "/home/alex/Ecole42/42cursus/ft_transcendence/ft_transcendence_microservices/matchtracker-service/venv/lib/python3.13/site-packages/django/core/handlers/base.py", line 197, in _get_response
    response = wrapped_callback(request, *callback_args, **callback_kwargs)
  File "/home/alex/Ecole42/42cursus/ft_transcendence/ft_transcendence_microservices/matchtracker-service/venv/lib/python3.13/site-packages/django/views/decorators/csrf.py", line 65, in _view_wrapper
    return view_func(request, *args, **kwargs)
  File "/home/alex/Ecole42/42cursus/ft_transcendence/ft_transcendence_microservices/matchtracker-service/venv/lib/python3.13/site-packages/django/views/generic/base.py", line 104, in view
    return self.dispatch(request, *args, **kwargs)
           ~~~~~~~~~~~~~^^^^^^^^^^^^^^^^^^^^^^^^^^
  File "/home/alex/Ecole42/42cursus/ft_transcendence/ft_transcendence_microservices/matchtracker-service/venv/lib/python3.13/site-packages/rest_framework/views.py", line 509, in dispatch
    response = self.handle_exception(exc)
  File "/home/alex/Ecole42/42cursus/ft_transcendence/ft_transcendence_microservices/matchtracker-service/venv/lib/python3.13/site-packages/rest_framework/views.py", line 469, in handle_exception
    self.raise_uncaught_exception(exc)
    ~~~~~~~~~~~~~~~~~~~~~~~~~~~~~^^^^^
  File "/home/alex/Ecole42/42cursus/ft_transcendence/ft_transcendence_microservices/matchtracker-service/venv/lib/python3.13/site-packages/rest_framework/views.py", line 480, in raise_uncaught_exception
    raise exc
  File "/home/alex/Ecole42/42cursus/ft_transcendence/ft_transcendence_microservices/matchtracker-service/venv/lib/python3.13/site-packages/rest_framework/views.py", line 497, in dispatch
    self.initial(request, *args, **kwargs)
    ~~~~~~~~~~~~^^^^^^^^^^^^^^^^^^^^^^^^^^
  File "/home/alex/Ecole42/42cursus/ft_transcendence/ft_transcendence_microservices/matchtracker-service/venv/lib/python3.13/site-packages/rest_framework/views.py", line 414, in initial
    self.perform_authentication(request)
    ~~~~~~~~~~~~~~~~~~~~~~~~~~~^^^^^^^^^
  File "/home/alex/Ecole42/42cursus/ft_transcendence/ft_transcendence_microservices/matchtracker-service/venv/lib/python3.13/site-packages/rest_framework/views.py", line 324, in perform_authentication
    request.user
  File "/home/alex/Ecole42/42cursus/ft_transcendence/ft_transcendence_microservices/matchtracker-service/venv/lib/python3.13/site-packages/rest_framework/request.py", line 231, in user
    self._authenticate()
    ~~~~~~~~~~~~~~~~~~^^
  File "/home/alex/Ecole42/42cursus/ft_transcendence/ft_transcendence_microservices/matchtracker-service/venv/lib/python3.13/site-packages/rest_framework/request.py", line 384, in _authenticate
    user_auth_tuple = authenticator.authenticate(self)
  File "/home/alex/Ecole42/42cursus/ft_transcendence/ft_transcendence_microservices/matchtracker-service/venv/lib/python3.13/site-packages/rest_framework/authentication.py", line 127, in authenticate
    if not user or not user.is_active:
           ^^^^
  File "/home/alex/Ecole42/42cursus/ft_transcendence/ft_transcendence_microservices/matchtracker-service/venv/lib/python3.13/site-packages/django/utils/functional.py", line 251, in inner
    self._setup()
    ~~~~~~~~~~~^^
  File "/home/alex/Ecole42/42cursus/ft_transcendence/ft_transcendence_microservices/matchtracker-service/venv/lib/python3.13/site-packages/django/utils/functional.py", line 404, in _setup
    self._wrapped = self._setupfunc()
                    ~~~~~~~~~~~~~~~^^
  File "/home/alex/Ecole42/42cursus/ft_transcendence/ft_transcendence_microservices/matchtracker-service/venv/lib/python3.13/site-packages/django/contrib/auth/middleware.py", line 37, in <lambda>
    request.user = SimpleLazyObject(lambda: get_user(request))
                                            ~~~~~~~~^^^^^^^^^
  File "/home/alex/Ecole42/42cursus/ft_transcendence/ft_transcendence_microservices/matchtracker-service/venv/lib/python3.13/site-packages/django/contrib/auth/middleware.py", line 17, in get_user
    request._cached_user = auth.get_user(request)
                           ~~~~~~~~~~~~~^^^^^^^^^
  File "/home/alex/Ecole42/42cursus/ft_transcendence/ft_transcendence_microservices/matchtracker-service/venv/lib/python3.13/site-packages/django/contrib/auth/__init__.py", line 216, in get_user
    user = backend.get_user(user_id)
  File "/home/alex/Ecole42/42cursus/ft_transcendence/ft_transcendence_microservices/matchtracker-service/venv/lib/python3.13/site-packages/django/contrib/auth/backends.py", line 157, in get_user
    user = UserModel._default_manager.get(pk=user_id)
  File "/home/alex/Ecole42/42cursus/ft_transcendence/ft_transcendence_microservices/matchtracker-service/venv/lib/python3.13/site-packages/django/db/models/manager.py", line 87, in manager_method
    return getattr(self.get_queryset(), name)(*args, **kwargs)
           ~~~~~~~~~~~~~~~~~~~~~~~~~~~~~~~~~~^^^^^^^^^^^^^^^^^
  File "/home/alex/Ecole42/42cursus/ft_transcendence/ft_transcendence_microservices/matchtracker-service/venv/lib/python3.13/site-packages/django/db/models/query.py", line 645, in get
    num = len(clone)
  File "/home/alex/Ecole42/42cursus/ft_transcendence/ft_transcendence_microservices/matchtracker-service/venv/lib/python3.13/site-packages/django/db/models/query.py", line 382, in __len__
    self._fetch_all()
    ~~~~~~~~~~~~~~~^^
  File "/home/alex/Ecole42/42cursus/ft_transcendence/ft_transcendence_microservices/matchtracker-service/venv/lib/python3.13/site-packages/django/db/models/query.py", line 1928, in _fetch_all
    self._result_cache = list(self._iterable_class(self))
                         ~~~~^^^^^^^^^^^^^^^^^^^^^^^^^^^^
  File "/home/alex/Ecole42/42cursus/ft_transcendence/ft_transcendence_microservices/matchtracker-service/venv/lib/python3.13/site-packages/django/db/models/query.py", line 91, in __iter__
    results = compiler.execute_sql(
        chunked_fetch=self.chunked_fetch, chunk_size=self.chunk_size
    )
  File "/home/alex/Ecole42/42cursus/ft_transcendence/ft_transcendence_microservices/matchtracker-service/venv/lib/python3.13/site-packages/django/db/models/sql/compiler.py", line 1574, in execute_sql
    cursor.execute(sql, params)
    ~~~~~~~~~~~~~~^^^^^^^^^^^^^
  File "/home/alex/Ecole42/42cursus/ft_transcendence/ft_transcendence_microservices/matchtracker-service/venv/lib/python3.13/site-packages/django/db/backends/utils.py", line 122, in execute
    return super().execute(sql, params)
           ~~~~~~~~~~~~~~~^^^^^^^^^^^^^
  File "/home/alex/Ecole42/42cursus/ft_transcendence/ft_transcendence_microservices/matchtracker-service/venv/lib/python3.13/site-packages/django/db/backends/utils.py", line 79, in execute
    return self._execute_with_wrappers(
           ~~~~~~~~~~~~~~~~~~~~~~~~~~~^
        sql, params, many=False, executor=self._execute
        ^^^^^^^^^^^^^^^^^^^^^^^^^^^^^^^^^^^^^^^^^^^^^^^
    )
    ^
  File "/home/alex/Ecole42/42cursus/ft_transcendence/ft_transcendence_microservices/matchtracker-service/venv/lib/python3.13/site-packages/django/db/backends/utils.py", line 92, in _execute_with_wrappers
    return executor(sql, params, many, context)
  File "/home/alex/Ecole42/42cursus/ft_transcendence/ft_transcendence_microservices/matchtracker-service/venv/lib/python3.13/site-packages/django/db/backends/utils.py", line 100, in _execute
    with self.db.wrap_database_errors:
         ^^^^^^^^^^^^^^^^^^^^^^^^^^^^
  File "/home/alex/Ecole42/42cursus/ft_transcendence/ft_transcendence_microservices/matchtracker-service/venv/lib/python3.13/site-packages/django/db/utils.py", line 91, in __exit__
    raise dj_exc_value.with_traceback(traceback) from exc_value
  File "/home/alex/Ecole42/42cursus/ft_transcendence/ft_transcendence_microservices/matchtracker-service/venv/lib/python3.13/site-packages/django/db/backends/utils.py", line 105, in _execute
    return self.cursor.execute(sql, params)
           ~~~~~~~~~~~~~~~~~~~^^^^^^^^^^^^^
django.db.utils.ProgrammingError: relation "auth_user" does not exist
LINE 1: ...user"."is_active", "auth_user"."date_joined" FROM "auth_user...
                                                             ^

ERROR 2024-12-17 09:27:01,514 basehttp "GET / HTTP/1.1" 500 209816
ERROR 2024-12-17 09:27:41,591 log Internal Server Error: /
Traceback (most recent call last):
  File "/home/alex/Ecole42/42cursus/ft_transcendence/ft_transcendence_microservices/matchtracker-service/venv/lib/python3.13/site-packages/django/db/backends/utils.py", line 105, in _execute
    return self.cursor.execute(sql, params)
           ~~~~~~~~~~~~~~~~~~~^^^^^^^^^^^^^
psycopg2.errors.UndefinedTable: relation "auth_user" does not exist
LINE 1: ...user"."is_active", "auth_user"."date_joined" FROM "auth_user...
                                                             ^


The above exception was the direct cause of the following exception:

Traceback (most recent call last):
  File "/home/alex/Ecole42/42cursus/ft_transcendence/ft_transcendence_microservices/matchtracker-service/venv/lib/python3.13/site-packages/django/core/handlers/exception.py", line 55, in inner
    response = get_response(request)
  File "/home/alex/Ecole42/42cursus/ft_transcendence/ft_transcendence_microservices/matchtracker-service/venv/lib/python3.13/site-packages/django/core/handlers/base.py", line 197, in _get_response
    response = wrapped_callback(request, *callback_args, **callback_kwargs)
  File "/home/alex/Ecole42/42cursus/ft_transcendence/ft_transcendence_microservices/matchtracker-service/venv/lib/python3.13/site-packages/django/views/decorators/csrf.py", line 65, in _view_wrapper
    return view_func(request, *args, **kwargs)
  File "/home/alex/Ecole42/42cursus/ft_transcendence/ft_transcendence_microservices/matchtracker-service/venv/lib/python3.13/site-packages/django/views/generic/base.py", line 104, in view
    return self.dispatch(request, *args, **kwargs)
           ~~~~~~~~~~~~~^^^^^^^^^^^^^^^^^^^^^^^^^^
  File "/home/alex/Ecole42/42cursus/ft_transcendence/ft_transcendence_microservices/matchtracker-service/venv/lib/python3.13/site-packages/rest_framework/views.py", line 509, in dispatch
    response = self.handle_exception(exc)
  File "/home/alex/Ecole42/42cursus/ft_transcendence/ft_transcendence_microservices/matchtracker-service/venv/lib/python3.13/site-packages/rest_framework/views.py", line 469, in handle_exception
    self.raise_uncaught_exception(exc)
    ~~~~~~~~~~~~~~~~~~~~~~~~~~~~~^^^^^
  File "/home/alex/Ecole42/42cursus/ft_transcendence/ft_transcendence_microservices/matchtracker-service/venv/lib/python3.13/site-packages/rest_framework/views.py", line 480, in raise_uncaught_exception
    raise exc
  File "/home/alex/Ecole42/42cursus/ft_transcendence/ft_transcendence_microservices/matchtracker-service/venv/lib/python3.13/site-packages/rest_framework/views.py", line 497, in dispatch
    self.initial(request, *args, **kwargs)
    ~~~~~~~~~~~~^^^^^^^^^^^^^^^^^^^^^^^^^^
  File "/home/alex/Ecole42/42cursus/ft_transcendence/ft_transcendence_microservices/matchtracker-service/venv/lib/python3.13/site-packages/rest_framework/views.py", line 414, in initial
    self.perform_authentication(request)
    ~~~~~~~~~~~~~~~~~~~~~~~~~~~^^^^^^^^^
  File "/home/alex/Ecole42/42cursus/ft_transcendence/ft_transcendence_microservices/matchtracker-service/venv/lib/python3.13/site-packages/rest_framework/views.py", line 324, in perform_authentication
    request.user
  File "/home/alex/Ecole42/42cursus/ft_transcendence/ft_transcendence_microservices/matchtracker-service/venv/lib/python3.13/site-packages/rest_framework/request.py", line 231, in user
    self._authenticate()
    ~~~~~~~~~~~~~~~~~~^^
  File "/home/alex/Ecole42/42cursus/ft_transcendence/ft_transcendence_microservices/matchtracker-service/venv/lib/python3.13/site-packages/rest_framework/request.py", line 384, in _authenticate
    user_auth_tuple = authenticator.authenticate(self)
  File "/home/alex/Ecole42/42cursus/ft_transcendence/ft_transcendence_microservices/matchtracker-service/venv/lib/python3.13/site-packages/rest_framework/authentication.py", line 127, in authenticate
    if not user or not user.is_active:
           ^^^^
  File "/home/alex/Ecole42/42cursus/ft_transcendence/ft_transcendence_microservices/matchtracker-service/venv/lib/python3.13/site-packages/django/utils/functional.py", line 251, in inner
    self._setup()
    ~~~~~~~~~~~^^
  File "/home/alex/Ecole42/42cursus/ft_transcendence/ft_transcendence_microservices/matchtracker-service/venv/lib/python3.13/site-packages/django/utils/functional.py", line 404, in _setup
    self._wrapped = self._setupfunc()
                    ~~~~~~~~~~~~~~~^^
  File "/home/alex/Ecole42/42cursus/ft_transcendence/ft_transcendence_microservices/matchtracker-service/venv/lib/python3.13/site-packages/django/contrib/auth/middleware.py", line 37, in <lambda>
    request.user = SimpleLazyObject(lambda: get_user(request))
                                            ~~~~~~~~^^^^^^^^^
  File "/home/alex/Ecole42/42cursus/ft_transcendence/ft_transcendence_microservices/matchtracker-service/venv/lib/python3.13/site-packages/django/contrib/auth/middleware.py", line 17, in get_user
    request._cached_user = auth.get_user(request)
                           ~~~~~~~~~~~~~^^^^^^^^^
  File "/home/alex/Ecole42/42cursus/ft_transcendence/ft_transcendence_microservices/matchtracker-service/venv/lib/python3.13/site-packages/django/contrib/auth/__init__.py", line 216, in get_user
    user = backend.get_user(user_id)
  File "/home/alex/Ecole42/42cursus/ft_transcendence/ft_transcendence_microservices/matchtracker-service/venv/lib/python3.13/site-packages/django/contrib/auth/backends.py", line 157, in get_user
    user = UserModel._default_manager.get(pk=user_id)
  File "/home/alex/Ecole42/42cursus/ft_transcendence/ft_transcendence_microservices/matchtracker-service/venv/lib/python3.13/site-packages/django/db/models/manager.py", line 87, in manager_method
    return getattr(self.get_queryset(), name)(*args, **kwargs)
           ~~~~~~~~~~~~~~~~~~~~~~~~~~~~~~~~~~^^^^^^^^^^^^^^^^^
  File "/home/alex/Ecole42/42cursus/ft_transcendence/ft_transcendence_microservices/matchtracker-service/venv/lib/python3.13/site-packages/django/db/models/query.py", line 645, in get
    num = len(clone)
  File "/home/alex/Ecole42/42cursus/ft_transcendence/ft_transcendence_microservices/matchtracker-service/venv/lib/python3.13/site-packages/django/db/models/query.py", line 382, in __len__
    self._fetch_all()
    ~~~~~~~~~~~~~~~^^
  File "/home/alex/Ecole42/42cursus/ft_transcendence/ft_transcendence_microservices/matchtracker-service/venv/lib/python3.13/site-packages/django/db/models/query.py", line 1928, in _fetch_all
    self._result_cache = list(self._iterable_class(self))
                         ~~~~^^^^^^^^^^^^^^^^^^^^^^^^^^^^
  File "/home/alex/Ecole42/42cursus/ft_transcendence/ft_transcendence_microservices/matchtracker-service/venv/lib/python3.13/site-packages/django/db/models/query.py", line 91, in __iter__
    results = compiler.execute_sql(
        chunked_fetch=self.chunked_fetch, chunk_size=self.chunk_size
    )
  File "/home/alex/Ecole42/42cursus/ft_transcendence/ft_transcendence_microservices/matchtracker-service/venv/lib/python3.13/site-packages/django/db/models/sql/compiler.py", line 1574, in execute_sql
    cursor.execute(sql, params)
    ~~~~~~~~~~~~~~^^^^^^^^^^^^^
  File "/home/alex/Ecole42/42cursus/ft_transcendence/ft_transcendence_microservices/matchtracker-service/venv/lib/python3.13/site-packages/django/db/backends/utils.py", line 122, in execute
    return super().execute(sql, params)
           ~~~~~~~~~~~~~~~^^^^^^^^^^^^^
  File "/home/alex/Ecole42/42cursus/ft_transcendence/ft_transcendence_microservices/matchtracker-service/venv/lib/python3.13/site-packages/django/db/backends/utils.py", line 79, in execute
    return self._execute_with_wrappers(
           ~~~~~~~~~~~~~~~~~~~~~~~~~~~^
        sql, params, many=False, executor=self._execute
        ^^^^^^^^^^^^^^^^^^^^^^^^^^^^^^^^^^^^^^^^^^^^^^^
    )
    ^
  File "/home/alex/Ecole42/42cursus/ft_transcendence/ft_transcendence_microservices/matchtracker-service/venv/lib/python3.13/site-packages/django/db/backends/utils.py", line 92, in _execute_with_wrappers
    return executor(sql, params, many, context)
  File "/home/alex/Ecole42/42cursus/ft_transcendence/ft_transcendence_microservices/matchtracker-service/venv/lib/python3.13/site-packages/django/db/backends/utils.py", line 100, in _execute
    with self.db.wrap_database_errors:
         ^^^^^^^^^^^^^^^^^^^^^^^^^^^^
  File "/home/alex/Ecole42/42cursus/ft_transcendence/ft_transcendence_microservices/matchtracker-service/venv/lib/python3.13/site-packages/django/db/utils.py", line 91, in __exit__
    raise dj_exc_value.with_traceback(traceback) from exc_value
  File "/home/alex/Ecole42/42cursus/ft_transcendence/ft_transcendence_microservices/matchtracker-service/venv/lib/python3.13/site-packages/django/db/backends/utils.py", line 105, in _execute
    return self.cursor.execute(sql, params)
           ~~~~~~~~~~~~~~~~~~~^^^^^^^^^^^^^
django.db.utils.ProgrammingError: relation "auth_user" does not exist
LINE 1: ...user"."is_active", "auth_user"."date_joined" FROM "auth_user...
                                                             ^

ERROR 2024-12-17 09:27:41,593 basehttp "GET / HTTP/1.1" 500 209816
ERROR 2024-12-17 09:28:00,776 log Internal Server Error: /
Traceback (most recent call last):
  File "/home/alex/Ecole42/42cursus/ft_transcendence/ft_transcendence_microservices/matchtracker-service/venv/lib/python3.13/site-packages/django/db/backends/utils.py", line 105, in _execute
    return self.cursor.execute(sql, params)
           ~~~~~~~~~~~~~~~~~~~^^^^^^^^^^^^^
psycopg2.errors.UndefinedTable: relation "auth_user" does not exist
LINE 1: ...user"."is_active", "auth_user"."date_joined" FROM "auth_user...
                                                             ^


The above exception was the direct cause of the following exception:

Traceback (most recent call last):
  File "/home/alex/Ecole42/42cursus/ft_transcendence/ft_transcendence_microservices/matchtracker-service/venv/lib/python3.13/site-packages/django/core/handlers/exception.py", line 55, in inner
    response = get_response(request)
  File "/home/alex/Ecole42/42cursus/ft_transcendence/ft_transcendence_microservices/matchtracker-service/venv/lib/python3.13/site-packages/django/core/handlers/base.py", line 197, in _get_response
    response = wrapped_callback(request, *callback_args, **callback_kwargs)
  File "/home/alex/Ecole42/42cursus/ft_transcendence/ft_transcendence_microservices/matchtracker-service/venv/lib/python3.13/site-packages/django/views/decorators/csrf.py", line 65, in _view_wrapper
    return view_func(request, *args, **kwargs)
  File "/home/alex/Ecole42/42cursus/ft_transcendence/ft_transcendence_microservices/matchtracker-service/venv/lib/python3.13/site-packages/django/views/generic/base.py", line 104, in view
    return self.dispatch(request, *args, **kwargs)
           ~~~~~~~~~~~~~^^^^^^^^^^^^^^^^^^^^^^^^^^
  File "/home/alex/Ecole42/42cursus/ft_transcendence/ft_transcendence_microservices/matchtracker-service/venv/lib/python3.13/site-packages/rest_framework/views.py", line 509, in dispatch
    response = self.handle_exception(exc)
  File "/home/alex/Ecole42/42cursus/ft_transcendence/ft_transcendence_microservices/matchtracker-service/venv/lib/python3.13/site-packages/rest_framework/views.py", line 469, in handle_exception
    self.raise_uncaught_exception(exc)
    ~~~~~~~~~~~~~~~~~~~~~~~~~~~~~^^^^^
  File "/home/alex/Ecole42/42cursus/ft_transcendence/ft_transcendence_microservices/matchtracker-service/venv/lib/python3.13/site-packages/rest_framework/views.py", line 480, in raise_uncaught_exception
    raise exc
  File "/home/alex/Ecole42/42cursus/ft_transcendence/ft_transcendence_microservices/matchtracker-service/venv/lib/python3.13/site-packages/rest_framework/views.py", line 497, in dispatch
    self.initial(request, *args, **kwargs)
    ~~~~~~~~~~~~^^^^^^^^^^^^^^^^^^^^^^^^^^
  File "/home/alex/Ecole42/42cursus/ft_transcendence/ft_transcendence_microservices/matchtracker-service/venv/lib/python3.13/site-packages/rest_framework/views.py", line 414, in initial
    self.perform_authentication(request)
    ~~~~~~~~~~~~~~~~~~~~~~~~~~~^^^^^^^^^
  File "/home/alex/Ecole42/42cursus/ft_transcendence/ft_transcendence_microservices/matchtracker-service/venv/lib/python3.13/site-packages/rest_framework/views.py", line 324, in perform_authentication
    request.user
  File "/home/alex/Ecole42/42cursus/ft_transcendence/ft_transcendence_microservices/matchtracker-service/venv/lib/python3.13/site-packages/rest_framework/request.py", line 231, in user
    self._authenticate()
    ~~~~~~~~~~~~~~~~~~^^
  File "/home/alex/Ecole42/42cursus/ft_transcendence/ft_transcendence_microservices/matchtracker-service/venv/lib/python3.13/site-packages/rest_framework/request.py", line 384, in _authenticate
    user_auth_tuple = authenticator.authenticate(self)
  File "/home/alex/Ecole42/42cursus/ft_transcendence/ft_transcendence_microservices/matchtracker-service/venv/lib/python3.13/site-packages/rest_framework/authentication.py", line 127, in authenticate
    if not user or not user.is_active:
           ^^^^
  File "/home/alex/Ecole42/42cursus/ft_transcendence/ft_transcendence_microservices/matchtracker-service/venv/lib/python3.13/site-packages/django/utils/functional.py", line 251, in inner
    self._setup()
    ~~~~~~~~~~~^^
  File "/home/alex/Ecole42/42cursus/ft_transcendence/ft_transcendence_microservices/matchtracker-service/venv/lib/python3.13/site-packages/django/utils/functional.py", line 404, in _setup
    self._wrapped = self._setupfunc()
                    ~~~~~~~~~~~~~~~^^
  File "/home/alex/Ecole42/42cursus/ft_transcendence/ft_transcendence_microservices/matchtracker-service/venv/lib/python3.13/site-packages/django/contrib/auth/middleware.py", line 37, in <lambda>
    request.user = SimpleLazyObject(lambda: get_user(request))
                                            ~~~~~~~~^^^^^^^^^
  File "/home/alex/Ecole42/42cursus/ft_transcendence/ft_transcendence_microservices/matchtracker-service/venv/lib/python3.13/site-packages/django/contrib/auth/middleware.py", line 17, in get_user
    request._cached_user = auth.get_user(request)
                           ~~~~~~~~~~~~~^^^^^^^^^
  File "/home/alex/Ecole42/42cursus/ft_transcendence/ft_transcendence_microservices/matchtracker-service/venv/lib/python3.13/site-packages/django/contrib/auth/__init__.py", line 216, in get_user
    user = backend.get_user(user_id)
  File "/home/alex/Ecole42/42cursus/ft_transcendence/ft_transcendence_microservices/matchtracker-service/venv/lib/python3.13/site-packages/django/contrib/auth/backends.py", line 157, in get_user
    user = UserModel._default_manager.get(pk=user_id)
  File "/home/alex/Ecole42/42cursus/ft_transcendence/ft_transcendence_microservices/matchtracker-service/venv/lib/python3.13/site-packages/django/db/models/manager.py", line 87, in manager_method
    return getattr(self.get_queryset(), name)(*args, **kwargs)
           ~~~~~~~~~~~~~~~~~~~~~~~~~~~~~~~~~~^^^^^^^^^^^^^^^^^
  File "/home/alex/Ecole42/42cursus/ft_transcendence/ft_transcendence_microservices/matchtracker-service/venv/lib/python3.13/site-packages/django/db/models/query.py", line 645, in get
    num = len(clone)
  File "/home/alex/Ecole42/42cursus/ft_transcendence/ft_transcendence_microservices/matchtracker-service/venv/lib/python3.13/site-packages/django/db/models/query.py", line 382, in __len__
    self._fetch_all()
    ~~~~~~~~~~~~~~~^^
  File "/home/alex/Ecole42/42cursus/ft_transcendence/ft_transcendence_microservices/matchtracker-service/venv/lib/python3.13/site-packages/django/db/models/query.py", line 1928, in _fetch_all
    self._result_cache = list(self._iterable_class(self))
                         ~~~~^^^^^^^^^^^^^^^^^^^^^^^^^^^^
  File "/home/alex/Ecole42/42cursus/ft_transcendence/ft_transcendence_microservices/matchtracker-service/venv/lib/python3.13/site-packages/django/db/models/query.py", line 91, in __iter__
    results = compiler.execute_sql(
        chunked_fetch=self.chunked_fetch, chunk_size=self.chunk_size
    )
  File "/home/alex/Ecole42/42cursus/ft_transcendence/ft_transcendence_microservices/matchtracker-service/venv/lib/python3.13/site-packages/django/db/models/sql/compiler.py", line 1574, in execute_sql
    cursor.execute(sql, params)
    ~~~~~~~~~~~~~~^^^^^^^^^^^^^
  File "/home/alex/Ecole42/42cursus/ft_transcendence/ft_transcendence_microservices/matchtracker-service/venv/lib/python3.13/site-packages/django/db/backends/utils.py", line 122, in execute
    return super().execute(sql, params)
           ~~~~~~~~~~~~~~~^^^^^^^^^^^^^
  File "/home/alex/Ecole42/42cursus/ft_transcendence/ft_transcendence_microservices/matchtracker-service/venv/lib/python3.13/site-packages/django/db/backends/utils.py", line 79, in execute
    return self._execute_with_wrappers(
           ~~~~~~~~~~~~~~~~~~~~~~~~~~~^
        sql, params, many=False, executor=self._execute
        ^^^^^^^^^^^^^^^^^^^^^^^^^^^^^^^^^^^^^^^^^^^^^^^
    )
    ^
  File "/home/alex/Ecole42/42cursus/ft_transcendence/ft_transcendence_microservices/matchtracker-service/venv/lib/python3.13/site-packages/django/db/backends/utils.py", line 92, in _execute_with_wrappers
    return executor(sql, params, many, context)
  File "/home/alex/Ecole42/42cursus/ft_transcendence/ft_transcendence_microservices/matchtracker-service/venv/lib/python3.13/site-packages/django/db/backends/utils.py", line 100, in _execute
    with self.db.wrap_database_errors:
         ^^^^^^^^^^^^^^^^^^^^^^^^^^^^
  File "/home/alex/Ecole42/42cursus/ft_transcendence/ft_transcendence_microservices/matchtracker-service/venv/lib/python3.13/site-packages/django/db/utils.py", line 91, in __exit__
    raise dj_exc_value.with_traceback(traceback) from exc_value
  File "/home/alex/Ecole42/42cursus/ft_transcendence/ft_transcendence_microservices/matchtracker-service/venv/lib/python3.13/site-packages/django/db/backends/utils.py", line 105, in _execute
    return self.cursor.execute(sql, params)
           ~~~~~~~~~~~~~~~~~~~^^^^^^^^^^^^^
django.db.utils.ProgrammingError: relation "auth_user" does not exist
LINE 1: ...user"."is_active", "auth_user"."date_joined" FROM "auth_user...
                                                             ^

ERROR 2024-12-17 09:28:00,778 basehttp "GET / HTTP/1.1" 500 209953
INFO 2024-12-17 09:35:45,870 autoreload /home/alex/Ecole42/42cursus/ft_transcendence/ft_transcendence_microservices/matchtracker-service/matchtracker_service/settings.py changed, reloading.
INFO 2024-12-17 09:35:46,100 autoreload Watching for file changes with StatReloader
INFO 2024-12-17 09:35:48,268 autoreload /home/alex/Ecole42/42cursus/ft_transcendence/ft_transcendence_microservices/matchtracker-service/matchtracker_service/settings.py changed, reloading.
INFO 2024-12-17 09:35:48,483 autoreload Watching for file changes with StatReloader
INFO 2024-12-17 09:55:45,831 basehttp "GET / HTTP/1.1" 200 5529
WARNING 2024-12-17 09:55:57,169 basehttp "GET /games/ HTTP/1.1" 403 4998
INFO 2024-12-17 09:56:16,556 basehttp "GET /static/rest_framework/css/bootstrap.min.css.map HTTP/1.1" 200 540434
INFO 2024-12-17 11:57:33,866 autoreload Watching for file changes with StatReloader
INFO 2024-12-17 11:57:52,335 autoreload Watching for file changes with StatReloader
INFO 2024-12-17 11:59:20,931 autoreload /home/alex/Ecole42/42cursus/ft_transcendence/ft_transcendence_microservices/matchtracker-service/matchtracker_service/settings.py changed, reloading.
INFO 2024-12-17 11:59:21,158 autoreload Watching for file changes with StatReloader
INFO 2024-12-17 11:59:25,346 autoreload /home/alex/Ecole42/42cursus/ft_transcendence/ft_transcendence_microservices/matchtracker-service/matchtracker_service/settings.py changed, reloading.
INFO 2024-12-17 11:59:25,571 autoreload Watching for file changes with StatReloader
INFO 2024-12-17 11:59:28,756 autoreload /home/alex/Ecole42/42cursus/ft_transcendence/ft_transcendence_microservices/matchtracker-service/matchtracker_service/settings.py changed, reloading.
INFO 2024-12-17 12:14:22,350 autoreload Watching for file changes with StatReloader
WARNING 2024-12-17 12:15:15,167 basehttp "GET /games/ HTTP/1.1" 401 51
INFO 2024-12-17 14:07:13,475 autoreload Watching for file changes with StatReloader
WARNING 2024-12-17 14:07:58,930 basehttp "GET /games/ HTTP/1.1" 401 51
INFO 2024-12-17 14:15:42,934 autoreload /home/alex/Ecole42/42cursus/ft_transcendence/ft_transcendence_microservices/matchtracker-service/matchtracker_service/settings.py changed, reloading.
INFO 2024-12-17 14:25:52,274 autoreload Watching for file changes with StatReloader
INFO 2024-12-17 14:28:14,452 basehttp "GET /games HTTP/1.1" 301 0
WARNING 2024-12-17 14:29:42,473 basehttp "GET /game HTTP/1.1" 404 6928
INFO 2024-12-17 14:29:45,081 basehttp "GET /games HTTP/1.1" 301 0
WARNING 2024-12-17 14:29:45,093 basehttp "GET /games/ HTTP/1.1" 401 5124
INFO 2024-12-17 14:32:14,928 autoreload /home/alex/Ecole42/42cursus/ft_transcendence/ft_transcendence_microservices/matchtracker-service/game/views.py changed, reloading.
INFO 2024-12-17 14:32:15,185 autoreload Watching for file changes with StatReloader
INFO 2024-12-17 19:04:30,238 autoreload /home/alex/Ecole42/42cursus/ft_transcendence/ft_transcendence_microservices/matchtracker-service/game/views.py changed, reloading.
INFO 2024-12-17 19:04:30,675 autoreload Watching for file changes with StatReloader
INFO 2024-12-17 19:04:56,929 autoreload /home/alex/Ecole42/42cursus/ft_transcendence/ft_transcendence_microservices/matchtracker-service/game/views.py changed, reloading.
INFO 2024-12-17 19:04:57,141 autoreload Watching for file changes with StatReloader
INFO 2024-12-17 19:05:45,502 autoreload /home/alex/Ecole42/42cursus/ft_transcendence/ft_transcendence_microservices/matchtracker-service/game/views.py changed, reloading.
INFO 2024-12-17 19:05:45,735 autoreload Watching for file changes with StatReloader
INFO 2024-12-17 19:05:49,814 autoreload /home/alex/Ecole42/42cursus/ft_transcendence/ft_transcendence_microservices/matchtracker-service/game/views.py changed, reloading.
INFO 2024-12-17 19:05:50,019 autoreload Watching for file changes with StatReloader
INFO 2024-12-17 19:05:52,080 autoreload /home/alex/Ecole42/42cursus/ft_transcendence/ft_transcendence_microservices/matchtracker-service/game/views.py changed, reloading.
INFO 2024-12-17 19:05:52,292 autoreload Watching for file changes with StatReloader
INFO 2024-12-17 19:05:56,371 autoreload /home/alex/Ecole42/42cursus/ft_transcendence/ft_transcendence_microservices/matchtracker-service/game/views.py changed, reloading.
INFO 2024-12-17 19:05:56,584 autoreload Watching for file changes with StatReloader
INFO 2024-12-17 19:06:46,919 autoreload /home/alex/Ecole42/42cursus/ft_transcendence/ft_transcendence_microservices/matchtracker-service/game/views.py changed, reloading.
INFO 2024-12-17 19:06:47,135 autoreload Watching for file changes with StatReloader
INFO 2024-12-17 19:07:19,414 autoreload /home/alex/Ecole42/42cursus/ft_transcendence/ft_transcendence_microservices/matchtracker-service/game/views.py changed, reloading.
INFO 2024-12-17 19:07:19,627 autoreload Watching for file changes with StatReloader
INFO 2024-12-17 19:07:26,722 autoreload /home/alex/Ecole42/42cursus/ft_transcendence/ft_transcendence_microservices/matchtracker-service/game/views.py changed, reloading.
INFO 2024-12-17 19:07:26,940 autoreload Watching for file changes with StatReloader
INFO 2024-12-17 19:07:28,000 autoreload /home/alex/Ecole42/42cursus/ft_transcendence/ft_transcendence_microservices/matchtracker-service/game/views.py changed, reloading.
INFO 2024-12-17 19:07:28,206 autoreload Watching for file changes with StatReloader
INFO 2024-12-17 19:07:38,309 autoreload /home/alex/Ecole42/42cursus/ft_transcendence/ft_transcendence_microservices/matchtracker-service/game/views.py changed, reloading.
INFO 2024-12-17 19:07:38,526 autoreload Watching for file changes with StatReloader
INFO 2024-12-17 19:07:39,585 autoreload /home/alex/Ecole42/42cursus/ft_transcendence/ft_transcendence_microservices/matchtracker-service/game/views.py changed, reloading.
INFO 2024-12-17 19:07:39,798 autoreload Watching for file changes with StatReloader
INFO 2024-12-17 19:07:41,864 autoreload /home/alex/Ecole42/42cursus/ft_transcendence/ft_transcendence_microservices/matchtracker-service/game/views.py changed, reloading.
INFO 2024-12-17 19:07:42,073 autoreload Watching for file changes with StatReloader
INFO 2024-12-17 19:07:43,134 autoreload /home/alex/Ecole42/42cursus/ft_transcendence/ft_transcendence_microservices/matchtracker-service/game/views.py changed, reloading.
INFO 2024-12-17 19:07:43,348 autoreload Watching for file changes with StatReloader
INFO 2024-12-17 19:07:50,443 autoreload /home/alex/Ecole42/42cursus/ft_transcendence/ft_transcendence_microservices/matchtracker-service/game/views.py changed, reloading.
INFO 2024-12-17 19:07:50,661 autoreload Watching for file changes with StatReloader
INFO 2024-12-17 19:07:58,765 autoreload /home/alex/Ecole42/42cursus/ft_transcendence/ft_transcendence_microservices/matchtracker-service/game/views.py changed, reloading.
INFO 2024-12-17 19:07:58,974 autoreload Watching for file changes with StatReloader
INFO 2024-12-17 19:08:03,047 autoreload /home/alex/Ecole42/42cursus/ft_transcendence/ft_transcendence_microservices/matchtracker-service/game/views.py changed, reloading.
INFO 2024-12-17 19:08:03,259 autoreload Watching for file changes with StatReloader
INFO 2024-12-17 19:08:08,339 autoreload /home/alex/Ecole42/42cursus/ft_transcendence/ft_transcendence_microservices/matchtracker-service/game/views.py changed, reloading.
INFO 2024-12-17 19:08:08,552 autoreload Watching for file changes with StatReloader
INFO 2024-12-17 19:08:12,631 autoreload /home/alex/Ecole42/42cursus/ft_transcendence/ft_transcendence_microservices/matchtracker-service/game/views.py changed, reloading.
INFO 2024-12-17 19:08:12,844 autoreload Watching for file changes with StatReloader
INFO 2024-12-17 19:08:15,917 autoreload /home/alex/Ecole42/42cursus/ft_transcendence/ft_transcendence_microservices/matchtracker-service/game/views.py changed, reloading.
INFO 2024-12-17 19:08:16,129 autoreload Watching for file changes with StatReloader
INFO 2024-12-17 19:08:29,263 autoreload /home/alex/Ecole42/42cursus/ft_transcendence/ft_transcendence_microservices/matchtracker-service/game/views.py changed, reloading.
INFO 2024-12-17 19:08:29,474 autoreload Watching for file changes with StatReloader
INFO 2024-12-17 19:08:31,537 autoreload /home/alex/Ecole42/42cursus/ft_transcendence/ft_transcendence_microservices/matchtracker-service/game/views.py changed, reloading.
INFO 2024-12-17 19:08:31,763 autoreload Watching for file changes with StatReloader
INFO 2024-12-17 19:08:32,826 autoreload /home/alex/Ecole42/42cursus/ft_transcendence/ft_transcendence_microservices/matchtracker-service/game/views.py changed, reloading.
INFO 2024-12-17 19:08:33,038 autoreload Watching for file changes with StatReloader
INFO 2024-12-17 19:08:43,144 autoreload /home/alex/Ecole42/42cursus/ft_transcendence/ft_transcendence_microservices/matchtracker-service/game/views.py changed, reloading.
INFO 2024-12-17 19:08:43,352 autoreload Watching for file changes with StatReloader
INFO 2024-12-17 19:08:45,421 autoreload /home/alex/Ecole42/42cursus/ft_transcendence/ft_transcendence_microservices/matchtracker-service/game/views.py changed, reloading.
INFO 2024-12-17 19:08:45,634 autoreload Watching for file changes with StatReloader
INFO 2024-12-17 19:08:47,701 autoreload /home/alex/Ecole42/42cursus/ft_transcendence/ft_transcendence_microservices/matchtracker-service/game/views.py changed, reloading.
INFO 2024-12-17 19:08:47,909 autoreload Watching for file changes with StatReloader
INFO 2024-12-17 19:09:07,082 autoreload /home/alex/Ecole42/42cursus/ft_transcendence/ft_transcendence_microservices/matchtracker-service/game/views.py changed, reloading.
INFO 2024-12-17 19:09:07,293 autoreload Watching for file changes with StatReloader
INFO 2024-12-17 19:09:16,492 autoreload /home/alex/Ecole42/42cursus/ft_transcendence/ft_transcendence_microservices/matchtracker-service/game/views.py changed, reloading.
INFO 2024-12-17 19:09:16,719 autoreload Watching for file changes with StatReloader
INFO 2024-12-17 19:09:21,907 autoreload /home/alex/Ecole42/42cursus/ft_transcendence/ft_transcendence_microservices/matchtracker-service/game/views.py changed, reloading.
INFO 2024-12-17 19:09:22,147 autoreload Watching for file changes with StatReloader
INFO 2024-12-17 19:11:24,909 autoreload /home/alex/Ecole42/42cursus/ft_transcendence/ft_transcendence_microservices/matchtracker-service/game/utils.py changed, reloading.
INFO 2024-12-17 19:11:25,127 autoreload Watching for file changes with StatReloader
INFO 2024-12-17 19:11:26,202 autoreload /home/alex/Ecole42/42cursus/ft_transcendence/ft_transcendence_microservices/matchtracker-service/game/utils.py changed, reloading.
INFO 2024-12-17 19:11:26,424 autoreload Watching for file changes with StatReloader
INFO 2024-12-17 19:11:29,501 autoreload /home/alex/Ecole42/42cursus/ft_transcendence/ft_transcendence_microservices/matchtracker-service/game/utils.py changed, reloading.
INFO 2024-12-17 19:11:29,717 autoreload Watching for file changes with StatReloader
INFO 2024-12-17 19:11:52,897 autoreload /home/alex/Ecole42/42cursus/ft_transcendence/ft_transcendence_microservices/matchtracker-service/game/utils.py changed, reloading.
INFO 2024-12-17 19:11:53,117 autoreload Watching for file changes with StatReloader
INFO 2024-12-17 19:11:56,192 autoreload /home/alex/Ecole42/42cursus/ft_transcendence/ft_transcendence_microservices/matchtracker-service/game/utils.py changed, reloading.
INFO 2024-12-17 19:11:56,372 autoreload Watching for file changes with StatReloader
INFO 2024-12-17 19:12:04,593 autoreload /home/alex/Ecole42/42cursus/ft_transcendence/ft_transcendence_microservices/matchtracker-service/game/utils.py changed, reloading.
INFO 2024-12-17 19:12:04,811 autoreload Watching for file changes with StatReloader
INFO 2024-12-17 19:12:10,930 autoreload /home/alex/Ecole42/42cursus/ft_transcendence/ft_transcendence_microservices/matchtracker-service/game/utils.py changed, reloading.
INFO 2024-12-17 19:12:11,143 autoreload Watching for file changes with StatReloader
INFO 2024-12-17 19:12:41,403 autoreload /home/alex/Ecole42/42cursus/ft_transcendence/ft_transcendence_microservices/matchtracker-service/game/views.py changed, reloading.
INFO 2024-12-17 19:12:41,619 autoreload Watching for file changes with StatReloader
INFO 2024-12-17 19:12:50,741 autoreload /home/alex/Ecole42/42cursus/ft_transcendence/ft_transcendence_microservices/matchtracker-service/game/views.py changed, reloading.
INFO 2024-12-17 19:12:50,954 autoreload Watching for file changes with StatReloader
INFO 2024-12-17 19:12:52,103 autoreload /home/alex/Ecole42/42cursus/ft_transcendence/ft_transcendence_microservices/matchtracker-service/game/views.py changed, reloading.
INFO 2024-12-17 19:12:52,326 autoreload Watching for file changes with StatReloader
INFO 2024-12-17 19:13:01,529 autoreload /home/alex/Ecole42/42cursus/ft_transcendence/ft_transcendence_microservices/matchtracker-service/game/views.py changed, reloading.
INFO 2024-12-17 19:13:01,753 autoreload Watching for file changes with StatReloader
INFO 2024-12-17 19:13:03,905 autoreload /home/alex/Ecole42/42cursus/ft_transcendence/ft_transcendence_microservices/matchtracker-service/game/views.py changed, reloading.
INFO 2024-12-17 19:13:04,128 autoreload Watching for file changes with StatReloader
INFO 2024-12-17 19:14:02,828 autoreload Watching for file changes with StatReloader
WARNING 2024-12-17 19:14:40,812 basehttp "GET /games/ HTTP/1.1" 401 51
INFO 2024-12-17 19:18:28,936 autoreload /home/alex/Ecole42/42cursus/ft_transcendence/ft_transcendence_microservices/matchtracker-service/game/views.py changed, reloading.
INFO 2024-12-17 19:18:29,166 autoreload Watching for file changes with StatReloader
INFO 2024-12-17 19:19:32,716 autoreload /home/alex/Ecole42/42cursus/ft_transcendence/ft_transcendence_microservices/matchtracker-service/game/utils.py changed, reloading.
INFO 2024-12-17 19:19:32,955 autoreload Watching for file changes with StatReloader
INFO 2024-12-17 19:23:01,554 autoreload Watching for file changes with StatReloader
WARNING 2024-12-17 19:28:56,548 basehttp "GET /games/ HTTP/1.1" 401 51
INFO 2024-12-17 19:30:07,870 autoreload /home/alex/Ecole42/42cursus/ft_transcendence/ft_transcendence_microservices/matchtracker-service/game/views.py changed, reloading.
INFO 2024-12-17 19:30:08,107 autoreload Watching for file changes with StatReloader
INFO 2024-12-17 19:30:32,493 autoreload /home/alex/Ecole42/42cursus/ft_transcendence/ft_transcendence_microservices/matchtracker-service/game/utils.py changed, reloading.
INFO 2024-12-17 19:30:32,710 autoreload Watching for file changes with StatReloader
WARNING 2024-12-17 19:31:10,007 basehttp "GET /games/ HTTP/1.1" 401 51
INFO 2024-12-17 19:33:26,426 autoreload /home/alex/Ecole42/42cursus/ft_transcendence/ft_transcendence_microservices/matchtracker-service/game/views.py changed, reloading.
INFO 2024-12-17 19:33:26,648 autoreload Watching for file changes with StatReloader
INFO 2024-12-17 19:34:00,029 autoreload /home/alex/Ecole42/42cursus/ft_transcendence/ft_transcendence_microservices/matchtracker-service/game/views.py changed, reloading.
INFO 2024-12-17 19:34:00,252 autoreload Watching for file changes with StatReloader
INFO 2024-12-17 19:34:01,399 autoreload /home/alex/Ecole42/42cursus/ft_transcendence/ft_transcendence_microservices/matchtracker-service/game/views.py changed, reloading.
INFO 2024-12-17 19:34:01,623 autoreload Watching for file changes with StatReloader
WARNING 2024-12-17 19:34:34,285 basehttp "GET /games/ HTTP/1.1" 401 51
INFO 2024-12-17 19:36:56,107 autoreload Watching for file changes with StatReloader
WARNING 2024-12-17 19:37:36,440 basehttp "GET /games/ HTTP/1.1" 401 51
INFO 2024-12-17 19:39:21,489 autoreload /home/alex/Ecole42/42cursus/ft_transcendence/ft_transcendence_microservices/matchtracker-service/game/utils.py changed, reloading.
INFO 2024-12-17 19:39:21,735 autoreload Watching for file changes with StatReloader
INFO 2024-12-17 19:39:57,150 autoreload /home/alex/Ecole42/42cursus/ft_transcendence/ft_transcendence_microservices/matchtracker-service/game/views.py changed, reloading.
INFO 2024-12-17 19:39:57,370 autoreload Watching for file changes with StatReloader
INFO 2024-12-17 19:40:06,488 autoreload /home/alex/Ecole42/42cursus/ft_transcendence/ft_transcendence_microservices/matchtracker-service/game/views.py changed, reloading.
INFO 2024-12-17 19:40:06,700 autoreload Watching for file changes with StatReloader
INFO 2024-12-17 19:40:19,279 autoreload Watching for file changes with StatReloader
WARNING 2024-12-17 19:40:55,705 basehttp "GET /games/ HTTP/1.1" 401 51
INFO 2024-12-17 19:45:24,527 autoreload /home/alex/Ecole42/42cursus/ft_transcendence/ft_transcendence_microservices/matchtracker-service/game/views.py changed, reloading.
INFO 2024-12-17 19:45:24,761 autoreload Watching for file changes with StatReloader
INFO 2024-12-17 19:45:26,929 autoreload /home/alex/Ecole42/42cursus/ft_transcendence/ft_transcendence_microservices/matchtracker-service/game/views.py changed, reloading.
INFO 2024-12-17 19:45:27,156 autoreload Watching for file changes with StatReloader
INFO 2024-12-17 19:45:28,314 autoreload /home/alex/Ecole42/42cursus/ft_transcendence/ft_transcendence_microservices/matchtracker-service/game/views.py changed, reloading.
INFO 2024-12-17 19:45:28,541 autoreload Watching for file changes with StatReloader
DEBUG 2024-12-17 19:45:28,561 views Ceci est un test de log DEBUG.
INFO 2024-12-17 19:45:28,561 views Ceci est un test de log INFO.
WARNING 2024-12-17 19:45:28,561 views Ceci est un test de log WARNING.
ERROR 2024-12-17 19:45:28,561 views Ceci est un test de log ERROR.
WARNING 2024-12-17 19:46:05,112 basehttp "GET /games/ HTTP/1.1" 401 51
WARNING 2024-12-17 19:46:36,129 basehttp "GET /games/ HTTP/1.1" 401 51
INFO 2024-12-17 19:48:23,015 autoreload /home/alex/Ecole42/42cursus/ft_transcendence/ft_transcendence_microservices/matchtracker-service/game/views.py changed, reloading.
INFO 2024-12-17 19:48:23,240 autoreload Watching for file changes with StatReloader
INFO 2024-12-17 19:48:31,437 autoreload /home/alex/Ecole42/42cursus/ft_transcendence/ft_transcendence_microservices/matchtracker-service/game/views.py changed, reloading.
INFO 2024-12-17 19:48:31,663 autoreload Watching for file changes with StatReloader
INFO 2024-12-17 19:49:21,219 autoreload /home/alex/Ecole42/42cursus/ft_transcendence/ft_transcendence_microservices/matchtracker-service/game/views.py changed, reloading.
INFO 2024-12-17 19:49:21,437 autoreload Watching for file changes with StatReloader
INFO 2024-12-17 19:49:26,605 autoreload /home/alex/Ecole42/42cursus/ft_transcendence/ft_transcendence_microservices/matchtracker-service/game/views.py changed, reloading.
INFO 2024-12-17 19:49:26,856 autoreload Watching for file changes with StatReloader
INFO 2024-12-17 19:50:04,291 autoreload /home/alex/Ecole42/42cursus/ft_transcendence/ft_transcendence_microservices/matchtracker-service/game/utils.py changed, reloading.
INFO 2024-12-17 19:50:04,527 autoreload Watching for file changes with StatReloader
INFO 2024-12-17 19:50:05,679 autoreload /home/alex/Ecole42/42cursus/ft_transcendence/ft_transcendence_microservices/matchtracker-service/game/utils.py changed, reloading.
INFO 2024-12-17 19:50:05,897 autoreload Watching for file changes with StatReloader
INFO 2024-12-17 19:51:58,876 autoreload /home/alex/Ecole42/42cursus/ft_transcendence/ft_transcendence_microservices/matchtracker-service/game/utils.py changed, reloading.
INFO 2024-12-17 19:51:59,154 autoreload Watching for file changes with StatReloader
INFO 2024-12-17 19:52:07,378 autoreload /home/alex/Ecole42/42cursus/ft_transcendence/ft_transcendence_microservices/matchtracker-service/game/utils.py changed, reloading.
INFO 2024-12-17 19:52:07,636 autoreload Watching for file changes with StatReloader
INFO 2024-12-17 19:52:33,953 autoreload /home/alex/Ecole42/42cursus/ft_transcendence/ft_transcendence_microservices/matchtracker-service/game/views.py changed, reloading.
INFO 2024-12-17 19:52:34,194 autoreload Watching for file changes with StatReloader
INFO 2024-12-17 19:52:55,358 autoreload Watching for file changes with StatReloader
WARNING 2024-12-17 20:01:10,371 basehttp "GET / HTTP/1.1" 403 4863
INFO 2024-12-17 20:01:17,670 basehttp "GET /games HTTP/1.1" 301 0
WARNING 2024-12-17 20:01:17,676 basehttp "GET /games/ HTTP/1.1" 403 4998
INFO 2024-12-17 20:01:17,692 basehttp "GET /static/rest_framework/css/bootstrap.min.css HTTP/1.1" 304 0
INFO 2024-12-17 20:01:17,694 basehttp "GET /static/rest_framework/css/bootstrap-tweaks.css HTTP/1.1" 304 0
INFO 2024-12-17 20:01:17,695 basehttp "GET /static/rest_framework/css/prettify.css HTTP/1.1" 304 0
INFO 2024-12-17 20:01:17,696 basehttp "GET /static/rest_framework/css/default.css HTTP/1.1" 304 0
INFO 2024-12-17 20:01:17,697 basehttp "GET /static/rest_framework/js/jquery-3.7.1.min.js HTTP/1.1" 304 0
INFO 2024-12-17 20:01:17,698 basehttp "GET /static/rest_framework/js/csrf.js HTTP/1.1" 304 0
INFO 2024-12-17 20:01:17,698 basehttp "GET /static/rest_framework/js/bootstrap.min.js HTTP/1.1" 304 0
INFO 2024-12-17 20:01:17,698 basehttp "GET /static/rest_framework/js/prettify-min.js HTTP/1.1" 304 0
INFO 2024-12-17 20:01:17,699 basehttp "GET /static/rest_framework/js/default.js HTTP/1.1" 304 0
INFO 2024-12-17 20:01:17,699 basehttp "GET /static/rest_framework/js/ajax-form.js HTTP/1.1" 304 0
INFO 2024-12-17 20:01:17,701 basehttp "GET /static/rest_framework/js/load-ajax-form.js HTTP/1.1" 304 0
ERROR 2024-12-17 20:02:27,505 log Internal Server Error: /games/
Traceback (most recent call last):
  File "/home/alex/Ecole42/42cursus/ft_transcendence/ft_transcendence_microservices/matchtracker-service/venv/lib/python3.13/site-packages/django/core/handlers/exception.py", line 55, in inner
    response = get_response(request)
  File "/home/alex/Ecole42/42cursus/ft_transcendence/ft_transcendence_microservices/matchtracker-service/venv/lib/python3.13/site-packages/django/core/handlers/base.py", line 197, in _get_response
    response = wrapped_callback(request, *callback_args, **callback_kwargs)
  File "/home/alex/Ecole42/42cursus/ft_transcendence/ft_transcendence_microservices/matchtracker-service/venv/lib/python3.13/site-packages/django/views/decorators/csrf.py", line 65, in _view_wrapper
    return view_func(request, *args, **kwargs)
  File "/home/alex/Ecole42/42cursus/ft_transcendence/ft_transcendence_microservices/matchtracker-service/venv/lib/python3.13/site-packages/rest_framework/viewsets.py", line 124, in view
    return self.dispatch(request, *args, **kwargs)
           ~~~~~~~~~~~~~^^^^^^^^^^^^^^^^^^^^^^^^^^
  File "/home/alex/Ecole42/42cursus/ft_transcendence/ft_transcendence_microservices/matchtracker-service/venv/lib/python3.13/site-packages/rest_framework/views.py", line 509, in dispatch
    response = self.handle_exception(exc)
  File "/home/alex/Ecole42/42cursus/ft_transcendence/ft_transcendence_microservices/matchtracker-service/venv/lib/python3.13/site-packages/rest_framework/views.py", line 469, in handle_exception
    self.raise_uncaught_exception(exc)
    ~~~~~~~~~~~~~~~~~~~~~~~~~~~~~^^^^^
  File "/home/alex/Ecole42/42cursus/ft_transcendence/ft_transcendence_microservices/matchtracker-service/venv/lib/python3.13/site-packages/rest_framework/views.py", line 480, in raise_uncaught_exception
    raise exc
  File "/home/alex/Ecole42/42cursus/ft_transcendence/ft_transcendence_microservices/matchtracker-service/venv/lib/python3.13/site-packages/rest_framework/views.py", line 497, in dispatch
    self.initial(request, *args, **kwargs)
    ~~~~~~~~~~~~^^^^^^^^^^^^^^^^^^^^^^^^^^
  File "/home/alex/Ecole42/42cursus/ft_transcendence/ft_transcendence_microservices/matchtracker-service/venv/lib/python3.13/site-packages/rest_framework/views.py", line 415, in initial
    self.check_permissions(request)
    ~~~~~~~~~~~~~~~~~~~~~~^^^^^^^^^
  File "/home/alex/Ecole42/42cursus/ft_transcendence/ft_transcendence_microservices/matchtracker-service/venv/lib/python3.13/site-packages/rest_framework/views.py", line 332, in check_permissions
    if not permission.has_permission(request, self):
           ~~~~~~~~~~~~~~~~~~~~~~~~~^^^^^^^^^^^^^^^
  File "/home/alex/Ecole42/42cursus/ft_transcendence/ft_transcendence_microservices/matchtracker-service/venv/lib/python3.13/site-packages/rest_framework/permissions.py", line 151, in has_permission
    return bool(request.user and request.user.is_authenticated)
                                 ^^^^^^^^^^^^^^^^^^^^^^^^^^^^^
AttributeError: 'dict' object has no attribute 'is_authenticated'
ERROR 2024-12-17 20:02:27,507 basehttp "GET /games/ HTTP/1.1" 500 105982
INFO 2024-12-17 20:33:17,238 autoreload /home/alex/Ecole42/42cursus/ft_transcendence/ft_transcendence_microservices/matchtracker-service/game/views.py changed, reloading.
INFO 2024-12-17 20:33:17,481 autoreload Watching for file changes with StatReloader
INFO 2024-12-17 20:33:23,721 autoreload /home/alex/Ecole42/42cursus/ft_transcendence/ft_transcendence_microservices/matchtracker-service/game/views.py changed, reloading.
INFO 2024-12-17 20:33:23,943 autoreload Watching for file changes with StatReloader
INFO 2024-12-17 20:34:17,538 autoreload /home/alex/Ecole42/42cursus/ft_transcendence/ft_transcendence_microservices/matchtracker-service/game/views.py changed, reloading.
INFO 2024-12-17 20:34:17,762 autoreload Watching for file changes with StatReloader
INFO 2024-12-17 20:34:24,996 autoreload /home/alex/Ecole42/42cursus/ft_transcendence/ft_transcendence_microservices/matchtracker-service/game/views.py changed, reloading.
INFO 2024-12-17 20:34:25,223 autoreload Watching for file changes with StatReloader
INFO 2024-12-17 20:34:36,032 autoreload /home/alex/Ecole42/42cursus/ft_transcendence/ft_transcendence_microservices/matchtracker-service/game/utils.py changed, reloading.
INFO 2024-12-17 20:34:36,264 autoreload Watching for file changes with StatReloader
INFO 2024-12-17 20:34:41,446 autoreload /home/alex/Ecole42/42cursus/ft_transcendence/ft_transcendence_microservices/matchtracker-service/game/utils.py changed, reloading.
INFO 2024-12-17 20:34:41,668 autoreload Watching for file changes with StatReloader
INFO 2024-12-17 20:35:54,557 autoreload Watching for file changes with StatReloader
INFO 2024-12-17 20:37:03,153 autoreload /home/alex/Ecole42/42cursus/ft_transcendence/ft_transcendence_microservices/matchtracker-service/matchtracker_service/settings.py changed, reloading.
INFO 2024-12-17 20:58:27,904 autoreload Watching for file changes with StatReloader
ERROR 2024-12-17 21:00:07,738 log Internal Server Error: /games/
Traceback (most recent call last):
  File "/home/alex/Ecole42/42cursus/ft_transcendence/ft_transcendence_microservices/matchtracker-service/venv/lib/python3.13/site-packages/django/core/handlers/exception.py", line 55, in inner
    response = get_response(request)
  File "/home/alex/Ecole42/42cursus/ft_transcendence/ft_transcendence_microservices/matchtracker-service/venv/lib/python3.13/site-packages/django/core/handlers/base.py", line 197, in _get_response
    response = wrapped_callback(request, *callback_args, **callback_kwargs)
  File "/home/alex/Ecole42/42cursus/ft_transcendence/ft_transcendence_microservices/matchtracker-service/venv/lib/python3.13/site-packages/django/views/decorators/csrf.py", line 65, in _view_wrapper
    return view_func(request, *args, **kwargs)
  File "/home/alex/Ecole42/42cursus/ft_transcendence/ft_transcendence_microservices/matchtracker-service/venv/lib/python3.13/site-packages/rest_framework/viewsets.py", line 124, in view
    return self.dispatch(request, *args, **kwargs)
           ~~~~~~~~~~~~~^^^^^^^^^^^^^^^^^^^^^^^^^^
  File "/home/alex/Ecole42/42cursus/ft_transcendence/ft_transcendence_microservices/matchtracker-service/venv/lib/python3.13/site-packages/rest_framework/views.py", line 509, in dispatch
    response = self.handle_exception(exc)
  File "/home/alex/Ecole42/42cursus/ft_transcendence/ft_transcendence_microservices/matchtracker-service/venv/lib/python3.13/site-packages/rest_framework/views.py", line 469, in handle_exception
    self.raise_uncaught_exception(exc)
    ~~~~~~~~~~~~~~~~~~~~~~~~~~~~~^^^^^
  File "/home/alex/Ecole42/42cursus/ft_transcendence/ft_transcendence_microservices/matchtracker-service/venv/lib/python3.13/site-packages/rest_framework/views.py", line 480, in raise_uncaught_exception
    raise exc
  File "/home/alex/Ecole42/42cursus/ft_transcendence/ft_transcendence_microservices/matchtracker-service/venv/lib/python3.13/site-packages/rest_framework/views.py", line 497, in dispatch
    self.initial(request, *args, **kwargs)
    ~~~~~~~~~~~~^^^^^^^^^^^^^^^^^^^^^^^^^^
  File "/home/alex/Ecole42/42cursus/ft_transcendence/ft_transcendence_microservices/matchtracker-service/venv/lib/python3.13/site-packages/rest_framework/views.py", line 415, in initial
    self.check_permissions(request)
    ~~~~~~~~~~~~~~~~~~~~~~^^^^^^^^^
  File "/home/alex/Ecole42/42cursus/ft_transcendence/ft_transcendence_microservices/matchtracker-service/venv/lib/python3.13/site-packages/rest_framework/views.py", line 332, in check_permissions
    if not permission.has_permission(request, self):
           ~~~~~~~~~~~~~~~~~~~~~~~~~^^^^^^^^^^^^^^^
  File "/home/alex/Ecole42/42cursus/ft_transcendence/ft_transcendence_microservices/matchtracker-service/venv/lib/python3.13/site-packages/rest_framework/permissions.py", line 151, in has_permission
    return bool(request.user and request.user.is_authenticated)
                                 ^^^^^^^^^^^^^^^^^^^^^^^^^^^^^
AttributeError: 'dict' object has no attribute 'is_authenticated'
ERROR 2024-12-17 21:00:07,739 basehttp "GET /games/ HTTP/1.1" 500 105581
INFO 2024-12-17 21:12:10,618 autoreload /home/alex/Ecole42/42cursus/ft_transcendence/ft_transcendence_microservices/matchtracker-service/game/authentication.py changed, reloading.
INFO 2024-12-17 21:12:10,880 autoreload Watching for file changes with StatReloader
INFO 2024-12-17 21:12:47,878 autoreload Watching for file changes with StatReloader
WARNING 2024-12-17 21:15:54,796 log Forbidden: /games/
WARNING 2024-12-17 21:15:54,796 basehttp "GET /games/ HTTP/1.1" 403 37
INFO 2024-12-17 21:22:19,727 autoreload /home/alex/Ecole42/42cursus/ft_transcendence/ft_transcendence_microservices/matchtracker-service/game/views.py changed, reloading.
INFO 2024-12-17 21:22:19,973 autoreload Watching for file changes with StatReloader
INFO 2024-12-17 21:22:23,075 autoreload /home/alex/Ecole42/42cursus/ft_transcendence/ft_transcendence_microservices/matchtracker-service/game/views.py changed, reloading.
INFO 2024-12-17 21:22:23,296 autoreload Watching for file changes with StatReloader
WARNING 2024-12-17 21:23:06,218 log Forbidden: /games/
WARNING 2024-12-17 21:23:06,218 basehttp "GET /games/ HTTP/1.1" 403 37
INFO 2024-12-17 21:29:55,516 autoreload /home/alex/Ecole42/42cursus/ft_transcendence/ft_transcendence_microservices/matchtracker-service/matchtracker_service/settings.py changed, reloading.
INFO 2024-12-17 21:29:55,760 autoreload Watching for file changes with StatReloader
INFO 2024-12-17 21:31:13,642 autoreload Watching for file changes with StatReloader
WARNING 2024-12-17 21:32:16,618 log Forbidden: /games/
WARNING 2024-12-17 21:32:16,618 basehttp "GET /games/ HTTP/1.1" 403 37
INFO 2024-12-17 21:35:33,245 autoreload /home/alex/Ecole42/42cursus/ft_transcendence/ft_transcendence_microservices/matchtracker-service/matchtracker_service/settings.py changed, reloading.
INFO 2024-12-17 21:35:33,532 autoreload Watching for file changes with StatReloader
INFO 2024-12-17 21:38:59,517 autoreload /home/alex/Ecole42/42cursus/ft_transcendence/ft_transcendence_microservices/matchtracker-service/matchtracker_service/settings.py changed, reloading.
INFO 2024-12-17 21:38:59,753 autoreload Watching for file changes with StatReloader
INFO 2024-12-17 21:39:43,878 autoreload /home/alex/Ecole42/42cursus/ft_transcendence/ft_transcendence_microservices/matchtracker-service/matchtracker_service/settings.py changed, reloading.
INFO 2024-12-17 21:39:44,106 autoreload Watching for file changes with StatReloader
INFO 2024-12-17 21:39:45,264 autoreload /home/alex/Ecole42/42cursus/ft_transcendence/ft_transcendence_microservices/matchtracker-service/matchtracker_service/settings.py changed, reloading.
INFO 2024-12-17 21:39:45,510 autoreload Watching for file changes with StatReloader
INFO 2024-12-17 21:41:44,493 autoreload /home/alex/Ecole42/42cursus/ft_transcendence/ft_transcendence_microservices/matchtracker-service/manage.py changed, reloading.
INFO 2024-12-17 21:41:44,725 autoreload Watching for file changes with StatReloader
INFO 2024-12-17 21:42:39,349 autoreload Watching for file changes with StatReloader
WARNING 2024-12-17 21:43:36,975 log Forbidden: /games/
WARNING 2024-12-17 21:43:36,975 basehttp "GET /games/ HTTP/1.1" 403 37
INFO 2024-12-17 21:45:42,872 autoreload Watching for file changes with StatReloader
INFO 2024-12-17 21:49:18,037 autoreload /home/alex/Ecole42/42cursus/ft_transcendence/ft_transcendence_microservices/matchtracker-service/matchtracker_service/settings.py changed, reloading.
INFO 2024-12-17 21:49:18,274 autoreload Watching for file changes with StatReloader
INFO 2024-12-17 21:49:19,440 autoreload /home/alex/Ecole42/42cursus/ft_transcendence/ft_transcendence_microservices/matchtracker-service/matchtracker_service/settings.py changed, reloading.
INFO 2024-12-17 21:49:19,663 autoreload Watching for file changes with StatReloader
INFO 2024-12-17 21:49:21,868 autoreload /home/alex/Ecole42/42cursus/ft_transcendence/ft_transcendence_microservices/matchtracker-service/matchtracker_service/settings.py changed, reloading.
INFO 2024-12-17 21:49:22,102 autoreload Watching for file changes with StatReloader
INFO 2024-12-17 21:49:47,763 autoreload Watching for file changes with StatReloader
WARNING 2024-12-17 21:50:57,328 log Forbidden: /games/
WARNING 2024-12-17 21:50:57,328 basehttp "GET /games/ HTTP/1.1" 403 37
