INFO 2024-12-09 13:06:34,489 basehttp "GET /api/user/profile/ HTTP/1.1" 200 9083
INFO 2024-12-09 13:06:41,373 basehttp "GET /api/user/register HTTP/1.1" 301 0
WARNING 2024-12-09 13:06:41,387 basehttp "GET /api/user/register/ HTTP/1.1" 405 8307
WARNING 2024-12-09 13:06:46,348 basehttp "GET /api/user/register/ HTTP/1.1" 405 8307
INFO 2024-12-09 13:06:46,366 basehttp "GET /static/rest_framework/css/prettify.css HTTP/1.1" 200 817
INFO 2024-12-09 13:06:46,367 basehttp "GET /static/rest_framework/css/bootstrap-tweaks.css HTTP/1.1" 200 3426
INFO 2024-12-09 13:06:46,368 basehttp "GET /static/rest_framework/js/ajax-form.js HTTP/1.1" 200 3796
INFO 2024-12-09 13:06:46,369 basehttp "GET /static/rest_framework/css/default.css HTTP/1.1" 200 1152
INFO 2024-12-09 13:06:46,372 basehttp "GET /static/rest_framework/js/csrf.js HTTP/1.1" 200 1793
INFO 2024-12-09 13:06:46,373 basehttp "GET /static/rest_framework/js/default.js HTTP/1.1" 200 1268
INFO 2024-12-09 13:06:46,375 basehttp "GET /static/rest_framework/js/jquery-3.7.1.min.js HTTP/1.1" 200 87533
INFO 2024-12-09 13:06:46,375 basehttp "GET /static/rest_framework/js/prettify-min.js HTTP/1.1" 200 13632
INFO 2024-12-09 13:06:46,375 basehttp "GET /static/rest_framework/js/bootstrap.min.js HTTP/1.1" 200 39680
INFO 2024-12-09 13:06:46,376 basehttp "GET /static/rest_framework/css/bootstrap.min.css HTTP/1.1" 200 121457
INFO 2024-12-09 13:06:46,421 basehttp "GET /static/rest_framework/js/load-ajax-form.js HTTP/1.1" 200 59
INFO 2024-12-09 13:06:46,472 basehttp "GET /static/rest_framework/img/grid.png HTTP/1.1" 200 1458
WARNING 2024-12-09 13:06:46,544 basehttp "GET /favicon.ico HTTP/1.1" 404 2535
WARNING 2024-12-09 13:06:49,345 basehttp "GET /api/user/register/ HTTP/1.1" 405 8307
INFO 2024-12-09 13:06:49,363 basehttp "GET /static/rest_framework/css/bootstrap-tweaks.css HTTP/1.1" 200 3426
INFO 2024-12-09 13:06:49,364 basehttp "GET /static/rest_framework/js/ajax-form.js HTTP/1.1" 200 3796
INFO 2024-12-09 13:06:49,364 basehttp "GET /static/rest_framework/css/prettify.css HTTP/1.1" 200 817
INFO 2024-12-09 13:06:49,365 basehttp "GET /static/rest_framework/css/default.css HTTP/1.1" 200 1152
INFO 2024-12-09 13:06:49,368 basehttp "GET /static/rest_framework/js/csrf.js HTTP/1.1" 200 1793
INFO 2024-12-09 13:06:49,370 basehttp "GET /static/rest_framework/js/prettify-min.js HTTP/1.1" 200 13632
INFO 2024-12-09 13:06:49,371 basehttp "GET /static/rest_framework/js/default.js HTTP/1.1" 200 1268
INFO 2024-12-09 13:06:49,372 basehttp "GET /static/rest_framework/css/bootstrap.min.css HTTP/1.1" 200 121457
INFO 2024-12-09 13:06:49,372 basehttp "GET /static/rest_framework/js/bootstrap.min.js HTTP/1.1" 200 39680
INFO 2024-12-09 13:06:49,373 basehttp "GET /static/rest_framework/js/jquery-3.7.1.min.js HTTP/1.1" 200 87533
INFO 2024-12-09 13:06:49,422 basehttp "GET /static/rest_framework/js/load-ajax-form.js HTTP/1.1" 200 59
INFO 2024-12-09 13:06:49,463 basehttp "GET /static/rest_framework/img/grid.png HTTP/1.1" 200 1458
WARNING 2024-12-09 13:06:49,551 basehttp "GET /favicon.ico HTTP/1.1" 404 2535
WARNING 2024-12-09 13:10:40,186 basehttp "GET /api/user/logout HTTP/1.1" 404 3766
WARNING 2024-12-09 13:10:45,961 basehttp "GET /api/user/login HTTP/1.1" 404 3763
WARNING 2024-12-09 13:10:59,497 basehttp "GET /api-auth/logout/ HTTP/1.1" 404 2550
WARNING 2024-12-09 13:11:04,348 basehttp "GET /api-auth/login/ HTTP/1.1" 404 2547
INFO 2024-12-09 13:12:50,668 autoreload /home/alex/Ecole42/42cursus/ft_transcendence/ft_transcendence_microservices/user-service/user_service/urls.py changed, reloading.
INFO 2024-12-09 13:12:50,861 autoreload Watching for file changes with StatReloader
INFO 2024-12-09 13:12:50,519 autoreload /home/alex/Ecole42/42cursus/ft_transcendence/ft_transcendence_microservices/user-service/user_service/urls.py changed, reloading.
INFO 2024-12-09 13:12:50,700 autoreload Watching for file changes with StatReloader
WARNING 2024-12-09 13:13:18,503 basehttp "GET /api/game/games/ HTTP/1.1" 404 2699
INFO 2024-12-09 13:13:25,401 basehttp "GET /api-auth/login/ HTTP/1.1" 200 2700
INFO 2024-12-09 13:13:32,325 basehttp "GET /api-auth/login/ HTTP/1.1" 200 2700
INFO 2024-12-09 13:13:47,937 basehttp "GET /api/user/profile HTTP/1.1" 301 0
INFO 2024-12-09 13:13:47,954 basehttp "GET /api/user/profile/ HTTP/1.1" 200 9652
INFO 2024-12-09 13:13:48,263 basehttp "POST /api-auth/logout/?next=/api/user/profile/ HTTP/1.1" 302 0
WARNING 2024-12-09 13:13:48,267 basehttp "GET /api/user/profile/ HTTP/1.1" 403 5054
INFO 2024-12-09 13:13:58,808 basehttp "GET /api-auth/login/?next=/api/user/profile/ HTTP/1.1" 200 2718
INFO 2024-12-09 13:14:10,222 basehttp "POST /api-auth/login/ HTTP/1.1" 302 0
INFO 2024-12-09 13:14:10,235 basehttp "GET /api/user/profile/ HTTP/1.1" 200 9652
WARNING 2024-12-09 13:20:26,064 basehttp "GET /media/user_1/IMG-20211118-WA0004.jpg HTTP/1.1" 404 3049
INFO 2024-12-09 13:20:36,479 basehttp "PUT /api/user/profile/ HTTP/1.1" 200 9640
WARNING 2024-12-13 09:57:37,657 base Session data corrupted
WARNING 2024-12-13 09:57:39,501 base Session data corrupted
WARNING 2024-12-13 09:57:52,175 base Session data corrupted
WARNING 2024-12-13 09:57:54,648 base Session data corrupted
WARNING 2024-12-13 09:58:03,227 base Session data corrupted
WARNING 2024-12-13 09:58:05,776 base Session data corrupted
WARNING 2024-12-13 09:58:11,529 base Session data corrupted
WARNING 2024-12-13 09:58:13,900 base Session data corrupted
WARNING 2024-12-13 09:59:26,331 base Session data corrupted
WARNING 2024-12-13 09:59:28,919 base Session data corrupted
WARNING 2024-12-13 10:31:01,859 base Session data corrupted
WARNING 2024-12-13 10:31:04,404 base Session data corrupted
WARNING 2024-12-13 10:34:59,453 base Session data corrupted
WARNING 2024-12-13 10:35:01,934 base Session data corrupted
INFO 2024-12-13 15:59:32,414 autoreload Watching for file changes with StatReloader
INFO 2024-12-13 16:07:27,947 autoreload /home/alex/Ecole42/42cursus/ft_transcendence/ft_transcendence_microservices/matchtracker-service/game/views.py changed, reloading.
INFO 2024-12-13 16:07:28,128 autoreload Watching for file changes with StatReloader
INFO 2024-12-16 19:52:46,717 autoreload Watching for file changes with StatReloader
INFO 2024-12-16 19:54:27,413 autoreload Watching for file changes with StatReloader
WARNING 2024-12-16 19:54:29,442 base Session data corrupted
INFO 2024-12-16 19:54:29,453 basehttp "GET / HTTP/1.1" 200 5529
INFO 2024-12-16 19:54:29,483 basehttp "GET /static/rest_framework/css/bootstrap.min.css HTTP/1.1" 304 0
INFO 2024-12-16 19:54:29,484 basehttp "GET /static/rest_framework/css/bootstrap-tweaks.css HTTP/1.1" 304 0
INFO 2024-12-16 19:54:29,486 basehttp "GET /static/rest_framework/css/prettify.css HTTP/1.1" 304 0
INFO 2024-12-16 19:54:29,488 basehttp "GET /static/rest_framework/js/csrf.js HTTP/1.1" 304 0
INFO 2024-12-16 19:54:29,488 basehttp "GET /static/rest_framework/js/bootstrap.min.js HTTP/1.1" 304 0
INFO 2024-12-16 19:54:29,491 basehttp "GET /static/rest_framework/js/ajax-form.js HTTP/1.1" 304 0
INFO 2024-12-16 19:54:29,491 basehttp "GET /static/rest_framework/css/default.css HTTP/1.1" 304 0
INFO 2024-12-16 19:54:29,491 basehttp "GET /static/rest_framework/js/jquery-3.7.1.min.js HTTP/1.1" 304 0
INFO 2024-12-16 19:54:29,493 basehttp "GET /static/rest_framework/js/default.js HTTP/1.1" 304 0
INFO 2024-12-16 19:54:29,493 basehttp "GET /static/rest_framework/js/prettify-min.js HTTP/1.1" 304 0
INFO 2024-12-16 19:54:29,493 basehttp "GET /static/rest_framework/js/load-ajax-form.js HTTP/1.1" 304 0
INFO 2024-12-16 19:54:29,596 basehttp "GET /static/rest_framework/img/grid.png HTTP/1.1" 304 0
WARNING 2024-12-16 19:54:36,002 base Session data corrupted
WARNING 2024-12-16 19:54:36,004 basehttp "GET /games/ HTTP/1.1" 403 4998
WARNING 2024-12-16 19:55:00,311 base Session data corrupted
WARNING 2024-12-16 19:55:00,313 basehttp "GET /games/ HTTP/1.1" 403 4998
WARNING 2024-12-16 19:55:11,739 base Session data corrupted
WARNING 2024-12-16 19:55:11,741 basehttp "GET /tournament-matches/ HTTP/1.1" 403 5135
WARNING 2024-12-16 19:55:14,856 base Session data corrupted
WARNING 2024-12-16 19:55:14,858 basehttp "GET /tournaments/ HTTP/1.1" 403 5064
WARNING 2024-12-16 19:55:20,401 base Session data corrupted
INFO 2024-12-16 19:55:20,403 basehttp "OPTIONS / HTTP/1.1" 200 5507
WARNING 2024-12-16 19:55:24,862 base Session data corrupted
INFO 2024-12-16 19:55:24,864 basehttp "OPTIONS / HTTP/1.1" 200 5507
WARNING 2024-12-16 19:55:27,163 base Session data corrupted
INFO 2024-12-16 19:55:27,165 basehttp "GET / HTTP/1.1" 200 5529
WARNING 2024-12-16 19:55:29,265 base Session data corrupted
WARNING 2024-12-16 19:55:29,267 basehttp "GET /games/ HTTP/1.1" 403 4998
WARNING 2024-12-16 19:57:15,422 base Session data corrupted
WARNING 2024-12-16 19:57:15,424 basehttp "GET /games/ HTTP/1.1" 403 4998
WARNING 2024-12-16 19:57:38,812 basehttp "GET /api/user/profile/ HTTP/1.1" 404 6778
INFO 2024-12-16 20:01:43,512 autoreload /home/alex/Ecole42/42cursus/ft_transcendence/ft_transcendence_microservices/matchtracker-service/game/views.py changed, reloading.
INFO 2024-12-16 20:01:43,717 autoreload Watching for file changes with StatReloader
INFO 2024-12-16 20:01:44,774 autoreload /home/alex/Ecole42/42cursus/ft_transcendence/ft_transcendence_microservices/matchtracker-service/game/views.py changed, reloading.
INFO 2024-12-16 20:01:44,984 autoreload Watching for file changes with StatReloader
INFO 2024-12-16 20:03:28,523 autoreload /home/alex/Ecole42/42cursus/ft_transcendence/ft_transcendence_microservices/matchtracker-service/matchtracker_service/settings.py changed, reloading.
INFO 2024-12-16 20:03:28,727 autoreload Watching for file changes with StatReloader
WARNING 2024-12-16 20:03:32,004 base Session data corrupted
INFO 2024-12-16 20:03:32,015 basehttp "GET / HTTP/1.1" 200 5529
WARNING 2024-12-16 20:03:34,410 base Session data corrupted
WARNING 2024-12-16 20:03:34,412 basehttp "GET /tournaments/ HTTP/1.1" 403 5064
WARNING 2024-12-16 20:03:36,494 base Session data corrupted
WARNING 2024-12-16 20:03:36,496 basehttp "GET /games/ HTTP/1.1" 403 4998
WARNING 2024-12-16 20:03:57,674 base Session data corrupted
WARNING 2024-12-16 20:03:57,676 basehttp "GET /games/ HTTP/1.1" 403 4998
INFO 2024-12-16 20:05:13,566 basehttp "GET /match-history HTTP/1.1" 301 0
WARNING 2024-12-16 20:05:13,574 base Session data corrupted
WARNING 2024-12-16 20:05:13,576 basehttp "GET /match-history/ HTTP/1.1" 403 5056
INFO 2024-12-16 20:18:03,997 autoreload /home/alex/Ecole42/42cursus/ft_transcendence/ft_transcendence_microservices/matchtracker-service/matchtracker_service/settings.py changed, reloading.
INFO 2024-12-16 20:18:04,203 autoreload Watching for file changes with StatReloader
INFO 2024-12-16 20:18:07,325 autoreload /home/alex/Ecole42/42cursus/ft_transcendence/ft_transcendence_microservices/matchtracker-service/matchtracker_service/settings.py changed, reloading.
INFO 2024-12-16 20:18:07,535 autoreload Watching for file changes with StatReloader
INFO 2024-12-16 20:18:38,256 autoreload /home/alex/Ecole42/42cursus/ft_transcendence/ft_transcendence_microservices/matchtracker-service/matchtracker_service/settings.py changed, reloading.
INFO 2024-12-16 20:18:38,455 autoreload Watching for file changes with StatReloader
INFO 2024-12-16 20:18:39,544 autoreload /home/alex/Ecole42/42cursus/ft_transcendence/ft_transcendence_microservices/matchtracker-service/matchtracker_service/settings.py changed, reloading.
INFO 2024-12-16 20:18:39,745 autoreload Watching for file changes with StatReloader
INFO 2024-12-16 20:18:40,813 autoreload /home/alex/Ecole42/42cursus/ft_transcendence/ft_transcendence_microservices/matchtracker-service/matchtracker_service/settings.py changed, reloading.
INFO 2024-12-16 20:18:41,016 autoreload Watching for file changes with StatReloader
INFO 2024-12-16 20:18:42,078 autoreload /home/alex/Ecole42/42cursus/ft_transcendence/ft_transcendence_microservices/matchtracker-service/matchtracker_service/settings.py changed, reloading.
INFO 2024-12-16 20:18:42,285 autoreload Watching for file changes with StatReloader
INFO 2024-12-16 20:18:45,388 autoreload /home/alex/Ecole42/42cursus/ft_transcendence/ft_transcendence_microservices/matchtracker-service/matchtracker_service/settings.py changed, reloading.
INFO 2024-12-16 20:18:45,595 autoreload Watching for file changes with StatReloader
INFO 2024-12-16 20:19:19,411 autoreload /home/alex/Ecole42/42cursus/ft_transcendence/ft_transcendence_microservices/matchtracker-service/matchtracker_service/settings.py changed, reloading.
INFO 2024-12-16 20:19:19,612 autoreload Watching for file changes with StatReloader
INFO 2024-12-16 20:21:23,820 autoreload /home/alex/Ecole42/42cursus/ft_transcendence/ft_transcendence_microservices/matchtracker-service/matchtracker_service/settings.py changed, reloading.
INFO 2024-12-16 20:21:24,018 autoreload Watching for file changes with StatReloader
INFO 2024-12-16 20:21:26,145 autoreload /home/alex/Ecole42/42cursus/ft_transcendence/ft_transcendence_microservices/matchtracker-service/matchtracker_service/settings.py changed, reloading.
INFO 2024-12-16 20:21:26,350 autoreload Watching for file changes with StatReloader
INFO 2024-12-16 20:21:32,551 autoreload /home/alex/Ecole42/42cursus/ft_transcendence/ft_transcendence_microservices/matchtracker-service/matchtracker_service/settings.py changed, reloading.
INFO 2024-12-16 20:21:32,760 autoreload Watching for file changes with StatReloader
INFO 2024-12-16 20:21:45,356 autoreload /home/alex/Ecole42/42cursus/ft_transcendence/ft_transcendence_microservices/matchtracker-service/matchtracker_service/settings.py changed, reloading.
INFO 2024-12-16 20:21:45,559 autoreload Watching for file changes with StatReloader
INFO 2024-12-16 20:21:55,696 autoreload /home/alex/Ecole42/42cursus/ft_transcendence/ft_transcendence_microservices/matchtracker-service/matchtracker_service/settings.py changed, reloading.
INFO 2024-12-16 20:36:42,865 autoreload Watching for file changes with StatReloader
INFO 2024-12-16 20:37:29,122 autoreload Watching for file changes with StatReloader
INFO 2024-12-16 20:40:08,781 autoreload /home/alex/Ecole42/42cursus/ft_transcendence/ft_transcendence_microservices/matchtracker-service/matchtracker_service/settings.py changed, reloading.
INFO 2024-12-16 20:40:08,989 autoreload Watching for file changes with StatReloader
INFO 2024-12-16 20:40:11,158 autoreload /home/alex/Ecole42/42cursus/ft_transcendence/ft_transcendence_microservices/matchtracker-service/matchtracker_service/settings.py changed, reloading.
INFO 2024-12-16 20:40:11,371 autoreload Watching for file changes with StatReloader
INFO 2024-12-16 20:40:25,270 basehttp "GET / HTTP/1.1" 200 5529
INFO 2024-12-16 21:14:44,355 autoreload Watching for file changes with StatReloader
INFO 2024-12-16 21:19:33,643 autoreload /home/alex/Ecole42/42cursus/ft_transcendence/ft_transcendence_microservices/matchtracker-service/matchtracker_service/settings.py changed, reloading.
INFO 2024-12-16 21:19:33,854 autoreload Watching for file changes with StatReloader
INFO 2024-12-16 21:19:35,004 autoreload /home/alex/Ecole42/42cursus/ft_transcendence/ft_transcendence_microservices/matchtracker-service/matchtracker_service/settings.py changed, reloading.
INFO 2024-12-16 21:19:35,219 autoreload Watching for file changes with StatReloader
INFO 2024-12-16 21:23:20,568 autoreload /home/alex/Ecole42/42cursus/ft_transcendence/ft_transcendence_microservices/matchtracker-service/matchtracker_service/settings.py changed, reloading.
INFO 2024-12-16 21:23:20,783 autoreload Watching for file changes with StatReloader
INFO 2024-12-16 21:23:23,964 autoreload /home/alex/Ecole42/42cursus/ft_transcendence/ft_transcendence_microservices/matchtracker-service/matchtracker_service/settings.py changed, reloading.
INFO 2024-12-16 21:23:24,178 autoreload Watching for file changes with StatReloader
INFO 2024-12-16 21:23:26,339 autoreload /home/alex/Ecole42/42cursus/ft_transcendence/ft_transcendence_microservices/matchtracker-service/matchtracker_service/settings.py changed, reloading.
INFO 2024-12-16 21:23:26,558 autoreload Watching for file changes with StatReloader
INFO 2024-12-16 21:26:06,708 autoreload /home/alex/Ecole42/42cursus/ft_transcendence/ft_transcendence_microservices/matchtracker-service/matchtracker_service/settings.py changed, reloading.
INFO 2024-12-16 21:26:06,957 autoreload Watching for file changes with StatReloader
INFO 2024-12-16 21:26:10,159 autoreload /home/alex/Ecole42/42cursus/ft_transcendence/ft_transcendence_microservices/matchtracker-service/matchtracker_service/settings.py changed, reloading.
INFO 2024-12-16 21:26:10,370 autoreload Watching for file changes with StatReloader
INFO 2024-12-16 21:26:13,541 autoreload /home/alex/Ecole42/42cursus/ft_transcendence/ft_transcendence_microservices/matchtracker-service/matchtracker_service/settings.py changed, reloading.
INFO 2024-12-16 21:26:13,766 autoreload Watching for file changes with StatReloader
INFO 2024-12-16 21:33:15,789 autoreload /home/alex/Ecole42/42cursus/ft_transcendence/ft_transcendence_microservices/matchtracker-service/matchtracker_service/settings.py changed, reloading.
INFO 2024-12-16 21:33:16,015 autoreload Watching for file changes with StatReloader
INFO 2024-12-16 21:33:18,180 autoreload /home/alex/Ecole42/42cursus/ft_transcendence/ft_transcendence_microservices/matchtracker-service/matchtracker_service/settings.py changed, reloading.
INFO 2024-12-16 21:33:18,413 autoreload Watching for file changes with StatReloader
INFO 2024-12-16 21:33:50,003 autoreload /home/alex/Ecole42/42cursus/ft_transcendence/ft_transcendence_microservices/matchtracker-service/matchtracker_service/settings.py changed, reloading.
INFO 2024-12-16 21:33:50,272 autoreload Watching for file changes with StatReloader
INFO 2024-12-16 21:38:33,350 autoreload /home/alex/Ecole42/42cursus/ft_transcendence/ft_transcendence_microservices/matchtracker-service/game/views.py changed, reloading.
INFO 2024-12-16 21:38:33,563 autoreload Watching for file changes with StatReloader
INFO 2024-12-16 21:40:20,479 autoreload Watching for file changes with StatReloader
WARNING 2024-12-16 21:41:36,004 basehttp "GET /test-redis-session/ HTTP/1.1" 404 6784
WARNING 2024-12-16 21:41:44,942 basehttp "GET /game/test-redis-session/ HTTP/1.1" 404 6799
WARNING 2024-12-16 21:41:49,553 basehttp "GET /games/test-redis-session/ HTTP/1.1" 403 5231
INFO 2024-12-16 21:41:49,566 basehttp "GET /static/rest_framework/css/bootstrap.min.css HTTP/1.1" 304 0
INFO 2024-12-16 21:41:49,569 basehttp "GET /static/rest_framework/css/bootstrap-tweaks.css HTTP/1.1" 304 0
INFO 2024-12-16 21:41:49,571 basehttp "GET /static/rest_framework/js/csrf.js HTTP/1.1" 304 0
INFO 2024-12-16 21:41:49,572 basehttp "GET /static/rest_framework/js/jquery-3.7.1.min.js HTTP/1.1" 304 0
INFO 2024-12-16 21:41:49,572 basehttp "GET /static/rest_framework/css/default.css HTTP/1.1" 304 0
INFO 2024-12-16 21:41:49,573 basehttp "GET /static/rest_framework/js/bootstrap.min.js HTTP/1.1" 304 0
INFO 2024-12-16 21:41:49,573 basehttp "GET /static/rest_framework/css/prettify.css HTTP/1.1" 304 0
INFO 2024-12-16 21:41:49,574 basehttp "GET /static/rest_framework/js/ajax-form.js HTTP/1.1" 304 0
INFO 2024-12-16 21:41:49,574 basehttp "GET /static/rest_framework/js/prettify-min.js HTTP/1.1" 304 0
INFO 2024-12-16 21:41:49,575 basehttp "GET /static/rest_framework/js/default.js HTTP/1.1" 304 0
INFO 2024-12-16 21:41:49,575 basehttp "GET /static/rest_framework/js/load-ajax-form.js HTTP/1.1" 304 0
INFO 2024-12-16 21:41:49,667 basehttp "GET /static/rest_framework/img/grid.png HTTP/1.1" 304 0
WARNING 2024-12-16 21:42:23,073 basehttp "GET /match-history/ HTTP/1.1" 403 5056
WARNING 2024-12-16 21:42:34,346 basehttp "GET /test_redis_session HTTP/1.1" 404 6781
INFO 2024-12-16 21:43:07,130 autoreload /home/alex/Ecole42/42cursus/ft_transcendence/ft_transcendence_microservices/matchtracker-service/game/views.py changed, reloading.
INFO 2024-12-16 21:43:07,345 autoreload Watching for file changes with StatReloader
INFO 2024-12-16 21:43:11,519 autoreload /home/alex/Ecole42/42cursus/ft_transcendence/ft_transcendence_microservices/matchtracker-service/game/views.py changed, reloading.
INFO 2024-12-16 21:43:11,734 autoreload Watching for file changes with StatReloader
INFO 2024-12-16 21:48:23,586 autoreload /home/alex/Ecole42/42cursus/ft_transcendence/ft_transcendence_microservices/matchtracker-service/matchtracker_service/urls.py changed, reloading.
INFO 2024-12-16 21:48:23,804 autoreload Watching for file changes with StatReloader
INFO 2024-12-16 21:48:24,888 autoreload /home/alex/Ecole42/42cursus/ft_transcendence/ft_transcendence_microservices/matchtracker-service/matchtracker_service/urls.py changed, reloading.
INFO 2024-12-16 21:48:25,104 autoreload Watching for file changes with StatReloader
INFO 2024-12-16 21:48:30,222 autoreload /home/alex/Ecole42/42cursus/ft_transcendence/ft_transcendence_microservices/matchtracker-service/matchtracker_service/urls.py changed, reloading.
INFO 2024-12-16 21:48:30,431 autoreload Watching for file changes with StatReloader
INFO 2024-12-16 21:48:31,514 autoreload /home/alex/Ecole42/42cursus/ft_transcendence/ft_transcendence_microservices/matchtracker-service/matchtracker_service/urls.py changed, reloading.
INFO 2024-12-16 21:48:31,721 autoreload Watching for file changes with StatReloader
INFO 2024-12-16 21:48:34,943 autoreload /home/alex/Ecole42/42cursus/ft_transcendence/ft_transcendence_microservices/matchtracker-service/matchtracker_service/urls.py changed, reloading.
INFO 2024-12-16 21:48:35,151 autoreload Watching for file changes with StatReloader
INFO 2024-12-16 21:49:12,665 autoreload Watching for file changes with StatReloader
INFO 2024-12-16 21:51:26,170 basehttp "GET / HTTP/1.1" 200 5529
WARNING 2024-12-16 21:51:33,512 basehttp "GET /api/user/profile/ HTTP/1.1" 404 6967
INFO 2024-12-16 21:51:56,365 basehttp "GET /test-redis-session HTTP/1.1" 301 0
INFO 2024-12-16 21:51:56,369 basehttp "GET /test-redis-session/ HTTP/1.1" 200 21
INFO 2024-12-16 21:56:07,873 autoreload /home/alex/Ecole42/42cursus/ft_transcendence/ft_transcendence_microservices/matchtracker-service/game/views.py changed, reloading.
INFO 2024-12-16 21:56:08,088 autoreload Watching for file changes with StatReloader
INFO 2024-12-16 21:57:53,230 basehttp "GET /test-redis-session/ HTTP/1.1" 200 59
INFO 2024-12-16 22:01:24,691 basehttp "GET /test-redis-session/ HTTP/1.1" 200 59
INFO 2024-12-16 22:01:43,262 basehttp "GET /test-redis-session/ HTTP/1.1" 200 59
INFO 2024-12-16 22:01:51,555 basehttp "GET /test-redis-session/ HTTP/1.1" 200 59
INFO 2024-12-16 22:05:37,313 basehttp "GET /test-redis-session/ HTTP/1.1" 200 59
INFO 2024-12-16 22:09:14,135 autoreload /home/alex/Ecole42/42cursus/ft_transcendence/ft_transcendence_microservices/matchtracker-service/matchtracker_service/settings.py changed, reloading.
INFO 2024-12-16 22:09:14,349 autoreload Watching for file changes with StatReloader
INFO 2024-12-16 22:09:24,256 autoreload Watching for file changes with StatReloader
INFO 2024-12-16 22:09:56,615 basehttp "GET /test-redis-session/ HTTP/1.1" 200 59
INFO 2024-12-16 22:09:59,358 basehttp "GET /test-redis-session/ HTTP/1.1" 200 59
INFO 2024-12-16 22:09:59,884 basehttp "GET /test-redis-session/ HTTP/1.1" 200 59
INFO 2024-12-16 22:10:07,695 basehttp "GET /test-redis-session/ HTTP/1.1" 200 59
WARNING 2024-12-16 22:10:07,825 basehttp "GET /favicon.ico HTTP/1.1" 404 6949
INFO 2024-12-16 22:10:30,288 basehttp "GET /test-redis-session/ HTTP/1.1" 200 59
INFO 2024-12-16 22:13:35,596 autoreload /home/alex/Ecole42/42cursus/ft_transcendence/ft_transcendence_microservices/matchtracker-service/matchtracker_service/settings.py changed, reloading.
INFO 2024-12-16 22:13:35,825 autoreload Watching for file changes with StatReloader
INFO 2024-12-16 22:13:54,029 autoreload Watching for file changes with StatReloader
INFO 2024-12-16 22:16:17,920 basehttp "GET /test-redis-session/ HTTP/1.1" 200 59
INFO 2024-12-16 22:20:56,852 autoreload /home/alex/Ecole42/42cursus/ft_transcendence/ft_transcendence_microservices/matchtracker-service/matchtracker_service/settings.py changed, reloading.
INFO 2024-12-16 22:20:57,074 autoreload Watching for file changes with StatReloader
INFO 2024-12-16 22:21:13,664 basehttp "GET /test-redis-session/ HTTP/1.1" 200 59
WARNING 2024-12-16 22:21:13,819 basehttp "GET /favicon.ico HTTP/1.1" 404 6949
INFO 2024-12-16 22:21:40,580 autoreload Watching for file changes with StatReloader
INFO 2024-12-16 22:21:50,757 basehttp "GET /test-redis-session/ HTTP/1.1" 200 59
WARNING 2024-12-16 22:21:50,893 basehttp "GET /favicon.ico HTTP/1.1" 404 6949
INFO 2024-12-16 22:22:10,240 basehttp "GET /test-redis-session/ HTTP/1.1" 200 59
WARNING 2024-12-16 22:22:10,369 basehttp "GET /favicon.ico HTTP/1.1" 404 6949
INFO 2024-12-16 22:23:14,545 basehttp "GET /test-redis-session/ HTTP/1.1" 200 59
INFO 2024-12-16 22:24:43,120 basehttp "GET /test-redis-session/ HTTP/1.1" 200 59
INFO 2024-12-16 22:24:44,224 basehttp "GET /test-redis-session/ HTTP/1.1" 200 59
INFO 2024-12-16 22:25:37,779 basehttp "GET /test-redis-session/ HTTP/1.1" 200 59
INFO 2024-12-17 09:00:41,191 autoreload Watching for file changes with StatReloader
INFO 2024-12-17 09:01:39,530 basehttp "GET /test-redis-session/ HTTP/1.1" 200 59
WARNING 2024-12-17 09:01:39,595 basehttp "GET /favicon.ico HTTP/1.1" 404 6949
INFO 2024-12-17 09:02:50,589 basehttp "GET /test-redis-session/ HTTP/1.1" 200 59
INFO 2024-12-17 09:03:05,567 basehttp "GET /test-redis-session/ HTTP/1.1" 200 59
INFO 2024-12-17 09:03:09,597 basehttp "GET /test-redis-session/ HTTP/1.1" 200 59
INFO 2024-12-17 09:03:10,143 basehttp "GET /test-redis-session/ HTTP/1.1" 200 59
INFO 2024-12-17 09:03:10,520 basehttp "GET /test-redis-session/ HTTP/1.1" 200 59
INFO 2024-12-17 09:03:10,833 basehttp "GET /test-redis-session/ HTTP/1.1" 200 59
INFO 2024-12-17 09:03:11,153 basehttp "GET /test-redis-session/ HTTP/1.1" 200 59
INFO 2024-12-17 09:03:11,440 basehttp "GET /test-redis-session/ HTTP/1.1" 200 59
INFO 2024-12-17 09:03:11,719 basehttp "GET /test-redis-session/ HTTP/1.1" 200 59
INFO 2024-12-17 09:03:12,014 basehttp "GET /test-redis-session/ HTTP/1.1" 200 59
INFO 2024-12-17 09:03:12,294 basehttp "GET /test-redis-session/ HTTP/1.1" 200 59
INFO 2024-12-17 09:03:12,596 basehttp "GET /test-redis-session/ HTTP/1.1" 200 59
INFO 2024-12-17 09:03:12,867 basehttp "GET /test-redis-session/ HTTP/1.1" 200 59
INFO 2024-12-17 09:03:13,134 basehttp "GET /test-redis-session/ HTTP/1.1" 200 59
INFO 2024-12-17 09:03:13,409 basehttp "GET /test-redis-session/ HTTP/1.1" 200 59
INFO 2024-12-17 09:03:13,649 basehttp "GET /test-redis-session/ HTTP/1.1" 200 59
INFO 2024-12-17 09:03:13,924 basehttp "GET /test-redis-session/ HTTP/1.1" 200 59
INFO 2024-12-17 09:07:00,032 autoreload /home/alex/Ecole42/42cursus/ft_transcendence/ft_transcendence_microservices/matchtracker-service/game/views.py changed, reloading.
INFO 2024-12-17 09:07:00,249 autoreload Watching for file changes with StatReloader
INFO 2024-12-17 09:07:04,899 autoreload Watching for file changes with StatReloader
INFO 2024-12-17 09:07:15,783 basehttp "GET /test-redis-session/ HTTP/1.1" 200 59
INFO 2024-12-17 09:10:46,491 basehttp "GET /test-redis-session/ HTTP/1.1" 200 59
INFO 2024-12-17 09:11:32,376 basehttp "GET /test-redis-session/ HTTP/1.1" 200 59
INFO 2024-12-17 09:11:33,722 basehttp "GET /test-redis-session/ HTTP/1.1" 200 59
INFO 2024-12-17 09:26:16,652 basehttp "GET / HTTP/1.1" 200 5529
INFO 2024-12-17 09:26:16,676 basehttp "GET /static/rest_framework/css/bootstrap.min.css HTTP/1.1" 200 121457
INFO 2024-12-17 09:26:16,725 basehttp "GET /static/rest_framework/css/bootstrap-tweaks.css HTTP/1.1" 200 3426
INFO 2024-12-17 09:26:16,789 basehttp "GET /static/rest_framework/css/prettify.css HTTP/1.1" 200 817
INFO 2024-12-17 09:26:16,861 basehttp "GET /static/rest_framework/css/default.css HTTP/1.1" 200 1152
INFO 2024-12-17 09:26:16,906 basehttp "GET /static/rest_framework/js/jquery-3.7.1.min.js HTTP/1.1" 200 87533
INFO 2024-12-17 09:26:16,914 basehttp "GET /static/rest_framework/js/ajax-form.js HTTP/1.1" 200 3796
INFO 2024-12-17 09:26:16,915 basehttp "GET /static/rest_framework/js/csrf.js HTTP/1.1" 200 1793
INFO 2024-12-17 09:26:16,965 basehttp "GET /static/rest_framework/js/prettify-min.js HTTP/1.1" 200 13632
INFO 2024-12-17 09:26:16,965 basehttp "GET /static/rest_framework/js/bootstrap.min.js HTTP/1.1" 200 39680
INFO 2024-12-17 09:26:17,004 basehttp "GET /static/rest_framework/js/default.js HTTP/1.1" 200 1268
INFO 2024-12-17 09:26:17,004 basehttp "GET /static/rest_framework/js/load-ajax-form.js HTTP/1.1" 200 59
INFO 2024-12-17 09:26:17,005 basehttp "GET /static/rest_framework/img/grid.png HTTP/1.1" 200 1458
WARNING 2024-12-17 09:26:21,848 basehttp "GET /games/ HTTP/1.1" 403 4998
ERROR 2024-12-17 09:26:54,115 log Internal Server Error: /games/
Traceback (most recent call last):
  File "/home/alex/Ecole42/42cursus/ft_transcendence/ft_transcendence_microservices/matchtracker-service/venv/lib/python3.13/site-packages/django/db/backends/utils.py", line 105, in _execute
    return self.cursor.execute(sql, params)
           ~~~~~~~~~~~~~~~~~~~^^^^^^^^^^^^^
psycopg2.errors.UndefinedTable: relation "auth_user" does not exist
LINE 1: ...user"."is_active", "auth_user"."date_joined" FROM "auth_user...
                                                             ^


The above exception was the direct cause of the following exception:

Traceback (most recent call last):
  File "/home/alex/Ecole42/42cursus/ft_transcendence/ft_transcendence_microservices/matchtracker-service/venv/lib/python3.13/site-packages/django/core/handlers/exception.py", line 55, in inner
    response = get_response(request)
  File "/home/alex/Ecole42/42cursus/ft_transcendence/ft_transcendence_microservices/matchtracker-service/venv/lib/python3.13/site-packages/django/core/handlers/base.py", line 197, in _get_response
    response = wrapped_callback(request, *callback_args, **callback_kwargs)
  File "/home/alex/Ecole42/42cursus/ft_transcendence/ft_transcendence_microservices/matchtracker-service/venv/lib/python3.13/site-packages/django/views/decorators/csrf.py", line 65, in _view_wrapper
    return view_func(request, *args, **kwargs)
  File "/home/alex/Ecole42/42cursus/ft_transcendence/ft_transcendence_microservices/matchtracker-service/venv/lib/python3.13/site-packages/rest_framework/viewsets.py", line 124, in view
    return self.dispatch(request, *args, **kwargs)
           ~~~~~~~~~~~~~^^^^^^^^^^^^^^^^^^^^^^^^^^
  File "/home/alex/Ecole42/42cursus/ft_transcendence/ft_transcendence_microservices/matchtracker-service/venv/lib/python3.13/site-packages/rest_framework/views.py", line 509, in dispatch
    response = self.handle_exception(exc)
  File "/home/alex/Ecole42/42cursus/ft_transcendence/ft_transcendence_microservices/matchtracker-service/venv/lib/python3.13/site-packages/rest_framework/views.py", line 469, in handle_exception
    self.raise_uncaught_exception(exc)
    ~~~~~~~~~~~~~~~~~~~~~~~~~~~~~^^^^^
  File "/home/alex/Ecole42/42cursus/ft_transcendence/ft_transcendence_microservices/matchtracker-service/venv/lib/python3.13/site-packages/rest_framework/views.py", line 480, in raise_uncaught_exception
    raise exc
  File "/home/alex/Ecole42/42cursus/ft_transcendence/ft_transcendence_microservices/matchtracker-service/venv/lib/python3.13/site-packages/rest_framework/views.py", line 497, in dispatch
    self.initial(request, *args, **kwargs)
    ~~~~~~~~~~~~^^^^^^^^^^^^^^^^^^^^^^^^^^
  File "/home/alex/Ecole42/42cursus/ft_transcendence/ft_transcendence_microservices/matchtracker-service/venv/lib/python3.13/site-packages/rest_framework/views.py", line 414, in initial
    self.perform_authentication(request)
    ~~~~~~~~~~~~~~~~~~~~~~~~~~~^^^^^^^^^
  File "/home/alex/Ecole42/42cursus/ft_transcendence/ft_transcendence_microservices/matchtracker-service/venv/lib/python3.13/site-packages/rest_framework/views.py", line 324, in perform_authentication
    request.user
  File "/home/alex/Ecole42/42cursus/ft_transcendence/ft_transcendence_microservices/matchtracker-service/venv/lib/python3.13/site-packages/rest_framework/request.py", line 231, in user
    self._authenticate()
    ~~~~~~~~~~~~~~~~~~^^
  File "/home/alex/Ecole42/42cursus/ft_transcendence/ft_transcendence_microservices/matchtracker-service/venv/lib/python3.13/site-packages/rest_framework/request.py", line 384, in _authenticate
    user_auth_tuple = authenticator.authenticate(self)
  File "/home/alex/Ecole42/42cursus/ft_transcendence/ft_transcendence_microservices/matchtracker-service/venv/lib/python3.13/site-packages/rest_framework/authentication.py", line 127, in authenticate
    if not user or not user.is_active:
           ^^^^
  File "/home/alex/Ecole42/42cursus/ft_transcendence/ft_transcendence_microservices/matchtracker-service/venv/lib/python3.13/site-packages/django/utils/functional.py", line 251, in inner
    self._setup()
    ~~~~~~~~~~~^^
  File "/home/alex/Ecole42/42cursus/ft_transcendence/ft_transcendence_microservices/matchtracker-service/venv/lib/python3.13/site-packages/django/utils/functional.py", line 404, in _setup
    self._wrapped = self._setupfunc()
                    ~~~~~~~~~~~~~~~^^
  File "/home/alex/Ecole42/42cursus/ft_transcendence/ft_transcendence_microservices/matchtracker-service/venv/lib/python3.13/site-packages/django/contrib/auth/middleware.py", line 37, in <lambda>
    request.user = SimpleLazyObject(lambda: get_user(request))
                                            ~~~~~~~~^^^^^^^^^
  File "/home/alex/Ecole42/42cursus/ft_transcendence/ft_transcendence_microservices/matchtracker-service/venv/lib/python3.13/site-packages/django/contrib/auth/middleware.py", line 17, in get_user
    request._cached_user = auth.get_user(request)
                           ~~~~~~~~~~~~~^^^^^^^^^
  File "/home/alex/Ecole42/42cursus/ft_transcendence/ft_transcendence_microservices/matchtracker-service/venv/lib/python3.13/site-packages/django/contrib/auth/__init__.py", line 216, in get_user
    user = backend.get_user(user_id)
  File "/home/alex/Ecole42/42cursus/ft_transcendence/ft_transcendence_microservices/matchtracker-service/venv/lib/python3.13/site-packages/django/contrib/auth/backends.py", line 157, in get_user
    user = UserModel._default_manager.get(pk=user_id)
  File "/home/alex/Ecole42/42cursus/ft_transcendence/ft_transcendence_microservices/matchtracker-service/venv/lib/python3.13/site-packages/django/db/models/manager.py", line 87, in manager_method
    return getattr(self.get_queryset(), name)(*args, **kwargs)
           ~~~~~~~~~~~~~~~~~~~~~~~~~~~~~~~~~~^^^^^^^^^^^^^^^^^
  File "/home/alex/Ecole42/42cursus/ft_transcendence/ft_transcendence_microservices/matchtracker-service/venv/lib/python3.13/site-packages/django/db/models/query.py", line 645, in get
    num = len(clone)
  File "/home/alex/Ecole42/42cursus/ft_transcendence/ft_transcendence_microservices/matchtracker-service/venv/lib/python3.13/site-packages/django/db/models/query.py", line 382, in __len__
    self._fetch_all()
    ~~~~~~~~~~~~~~~^^
  File "/home/alex/Ecole42/42cursus/ft_transcendence/ft_transcendence_microservices/matchtracker-service/venv/lib/python3.13/site-packages/django/db/models/query.py", line 1928, in _fetch_all
    self._result_cache = list(self._iterable_class(self))
                         ~~~~^^^^^^^^^^^^^^^^^^^^^^^^^^^^
  File "/home/alex/Ecole42/42cursus/ft_transcendence/ft_transcendence_microservices/matchtracker-service/venv/lib/python3.13/site-packages/django/db/models/query.py", line 91, in __iter__
    results = compiler.execute_sql(
        chunked_fetch=self.chunked_fetch, chunk_size=self.chunk_size
    )
  File "/home/alex/Ecole42/42cursus/ft_transcendence/ft_transcendence_microservices/matchtracker-service/venv/lib/python3.13/site-packages/django/db/models/sql/compiler.py", line 1574, in execute_sql
    cursor.execute(sql, params)
    ~~~~~~~~~~~~~~^^^^^^^^^^^^^
  File "/home/alex/Ecole42/42cursus/ft_transcendence/ft_transcendence_microservices/matchtracker-service/venv/lib/python3.13/site-packages/django/db/backends/utils.py", line 122, in execute
    return super().execute(sql, params)
           ~~~~~~~~~~~~~~~^^^^^^^^^^^^^
  File "/home/alex/Ecole42/42cursus/ft_transcendence/ft_transcendence_microservices/matchtracker-service/venv/lib/python3.13/site-packages/django/db/backends/utils.py", line 79, in execute
    return self._execute_with_wrappers(
           ~~~~~~~~~~~~~~~~~~~~~~~~~~~^
        sql, params, many=False, executor=self._execute
        ^^^^^^^^^^^^^^^^^^^^^^^^^^^^^^^^^^^^^^^^^^^^^^^
    )
    ^
  File "/home/alex/Ecole42/42cursus/ft_transcendence/ft_transcendence_microservices/matchtracker-service/venv/lib/python3.13/site-packages/django/db/backends/utils.py", line 92, in _execute_with_wrappers
    return executor(sql, params, many, context)
  File "/home/alex/Ecole42/42cursus/ft_transcendence/ft_transcendence_microservices/matchtracker-service/venv/lib/python3.13/site-packages/django/db/backends/utils.py", line 100, in _execute
    with self.db.wrap_database_errors:
         ^^^^^^^^^^^^^^^^^^^^^^^^^^^^
  File "/home/alex/Ecole42/42cursus/ft_transcendence/ft_transcendence_microservices/matchtracker-service/venv/lib/python3.13/site-packages/django/db/utils.py", line 91, in __exit__
    raise dj_exc_value.with_traceback(traceback) from exc_value
  File "/home/alex/Ecole42/42cursus/ft_transcendence/ft_transcendence_microservices/matchtracker-service/venv/lib/python3.13/site-packages/django/db/backends/utils.py", line 105, in _execute
    return self.cursor.execute(sql, params)
           ~~~~~~~~~~~~~~~~~~~^^^^^^^^^^^^^
django.db.utils.ProgrammingError: relation "auth_user" does not exist
LINE 1: ...user"."is_active", "auth_user"."date_joined" FROM "auth_user...
                                                             ^

ERROR 2024-12-17 09:26:54,118 basehttp "GET /games/ HTTP/1.1" 500 210413
ERROR 2024-12-17 09:27:01,512 log Internal Server Error: /
Traceback (most recent call last):
  File "/home/alex/Ecole42/42cursus/ft_transcendence/ft_transcendence_microservices/matchtracker-service/venv/lib/python3.13/site-packages/django/db/backends/utils.py", line 105, in _execute
    return self.cursor.execute(sql, params)
           ~~~~~~~~~~~~~~~~~~~^^^^^^^^^^^^^
psycopg2.errors.UndefinedTable: relation "auth_user" does not exist
LINE 1: ...user"."is_active", "auth_user"."date_joined" FROM "auth_user...
                                                             ^


The above exception was the direct cause of the following exception:

Traceback (most recent call last):
  File "/home/alex/Ecole42/42cursus/ft_transcendence/ft_transcendence_microservices/matchtracker-service/venv/lib/python3.13/site-packages/django/core/handlers/exception.py", line 55, in inner
    response = get_response(request)
  File "/home/alex/Ecole42/42cursus/ft_transcendence/ft_transcendence_microservices/matchtracker-service/venv/lib/python3.13/site-packages/django/core/handlers/base.py", line 197, in _get_response
    response = wrapped_callback(request, *callback_args, **callback_kwargs)
  File "/home/alex/Ecole42/42cursus/ft_transcendence/ft_transcendence_microservices/matchtracker-service/venv/lib/python3.13/site-packages/django/views/decorators/csrf.py", line 65, in _view_wrapper
    return view_func(request, *args, **kwargs)
  File "/home/alex/Ecole42/42cursus/ft_transcendence/ft_transcendence_microservices/matchtracker-service/venv/lib/python3.13/site-packages/django/views/generic/base.py", line 104, in view
    return self.dispatch(request, *args, **kwargs)
           ~~~~~~~~~~~~~^^^^^^^^^^^^^^^^^^^^^^^^^^
  File "/home/alex/Ecole42/42cursus/ft_transcendence/ft_transcendence_microservices/matchtracker-service/venv/lib/python3.13/site-packages/rest_framework/views.py", line 509, in dispatch
    response = self.handle_exception(exc)
  File "/home/alex/Ecole42/42cursus/ft_transcendence/ft_transcendence_microservices/matchtracker-service/venv/lib/python3.13/site-packages/rest_framework/views.py", line 469, in handle_exception
    self.raise_uncaught_exception(exc)
    ~~~~~~~~~~~~~~~~~~~~~~~~~~~~~^^^^^
  File "/home/alex/Ecole42/42cursus/ft_transcendence/ft_transcendence_microservices/matchtracker-service/venv/lib/python3.13/site-packages/rest_framework/views.py", line 480, in raise_uncaught_exception
    raise exc
  File "/home/alex/Ecole42/42cursus/ft_transcendence/ft_transcendence_microservices/matchtracker-service/venv/lib/python3.13/site-packages/rest_framework/views.py", line 497, in dispatch
    self.initial(request, *args, **kwargs)
    ~~~~~~~~~~~~^^^^^^^^^^^^^^^^^^^^^^^^^^
  File "/home/alex/Ecole42/42cursus/ft_transcendence/ft_transcendence_microservices/matchtracker-service/venv/lib/python3.13/site-packages/rest_framework/views.py", line 414, in initial
    self.perform_authentication(request)
    ~~~~~~~~~~~~~~~~~~~~~~~~~~~^^^^^^^^^
  File "/home/alex/Ecole42/42cursus/ft_transcendence/ft_transcendence_microservices/matchtracker-service/venv/lib/python3.13/site-packages/rest_framework/views.py", line 324, in perform_authentication
    request.user
  File "/home/alex/Ecole42/42cursus/ft_transcendence/ft_transcendence_microservices/matchtracker-service/venv/lib/python3.13/site-packages/rest_framework/request.py", line 231, in user
    self._authenticate()
    ~~~~~~~~~~~~~~~~~~^^
  File "/home/alex/Ecole42/42cursus/ft_transcendence/ft_transcendence_microservices/matchtracker-service/venv/lib/python3.13/site-packages/rest_framework/request.py", line 384, in _authenticate
    user_auth_tuple = authenticator.authenticate(self)
  File "/home/alex/Ecole42/42cursus/ft_transcendence/ft_transcendence_microservices/matchtracker-service/venv/lib/python3.13/site-packages/rest_framework/authentication.py", line 127, in authenticate
    if not user or not user.is_active:
           ^^^^
  File "/home/alex/Ecole42/42cursus/ft_transcendence/ft_transcendence_microservices/matchtracker-service/venv/lib/python3.13/site-packages/django/utils/functional.py", line 251, in inner
    self._setup()
    ~~~~~~~~~~~^^
  File "/home/alex/Ecole42/42cursus/ft_transcendence/ft_transcendence_microservices/matchtracker-service/venv/lib/python3.13/site-packages/django/utils/functional.py", line 404, in _setup
    self._wrapped = self._setupfunc()
                    ~~~~~~~~~~~~~~~^^
  File "/home/alex/Ecole42/42cursus/ft_transcendence/ft_transcendence_microservices/matchtracker-service/venv/lib/python3.13/site-packages/django/contrib/auth/middleware.py", line 37, in <lambda>
    request.user = SimpleLazyObject(lambda: get_user(request))
                                            ~~~~~~~~^^^^^^^^^
  File "/home/alex/Ecole42/42cursus/ft_transcendence/ft_transcendence_microservices/matchtracker-service/venv/lib/python3.13/site-packages/django/contrib/auth/middleware.py", line 17, in get_user
    request._cached_user = auth.get_user(request)
                           ~~~~~~~~~~~~~^^^^^^^^^
  File "/home/alex/Ecole42/42cursus/ft_transcendence/ft_transcendence_microservices/matchtracker-service/venv/lib/python3.13/site-packages/django/contrib/auth/__init__.py", line 216, in get_user
    user = backend.get_user(user_id)
  File "/home/alex/Ecole42/42cursus/ft_transcendence/ft_transcendence_microservices/matchtracker-service/venv/lib/python3.13/site-packages/django/contrib/auth/backends.py", line 157, in get_user
    user = UserModel._default_manager.get(pk=user_id)
  File "/home/alex/Ecole42/42cursus/ft_transcendence/ft_transcendence_microservices/matchtracker-service/venv/lib/python3.13/site-packages/django/db/models/manager.py", line 87, in manager_method
    return getattr(self.get_queryset(), name)(*args, **kwargs)
           ~~~~~~~~~~~~~~~~~~~~~~~~~~~~~~~~~~^^^^^^^^^^^^^^^^^
  File "/home/alex/Ecole42/42cursus/ft_transcendence/ft_transcendence_microservices/matchtracker-service/venv/lib/python3.13/site-packages/django/db/models/query.py", line 645, in get
    num = len(clone)
  File "/home/alex/Ecole42/42cursus/ft_transcendence/ft_transcendence_microservices/matchtracker-service/venv/lib/python3.13/site-packages/django/db/models/query.py", line 382, in __len__
    self._fetch_all()
    ~~~~~~~~~~~~~~~^^
  File "/home/alex/Ecole42/42cursus/ft_transcendence/ft_transcendence_microservices/matchtracker-service/venv/lib/python3.13/site-packages/django/db/models/query.py", line 1928, in _fetch_all
    self._result_cache = list(self._iterable_class(self))
                         ~~~~^^^^^^^^^^^^^^^^^^^^^^^^^^^^
  File "/home/alex/Ecole42/42cursus/ft_transcendence/ft_transcendence_microservices/matchtracker-service/venv/lib/python3.13/site-packages/django/db/models/query.py", line 91, in __iter__
    results = compiler.execute_sql(
        chunked_fetch=self.chunked_fetch, chunk_size=self.chunk_size
    )
  File "/home/alex/Ecole42/42cursus/ft_transcendence/ft_transcendence_microservices/matchtracker-service/venv/lib/python3.13/site-packages/django/db/models/sql/compiler.py", line 1574, in execute_sql
    cursor.execute(sql, params)
    ~~~~~~~~~~~~~~^^^^^^^^^^^^^
  File "/home/alex/Ecole42/42cursus/ft_transcendence/ft_transcendence_microservices/matchtracker-service/venv/lib/python3.13/site-packages/django/db/backends/utils.py", line 122, in execute
    return super().execute(sql, params)
           ~~~~~~~~~~~~~~~^^^^^^^^^^^^^
  File "/home/alex/Ecole42/42cursus/ft_transcendence/ft_transcendence_microservices/matchtracker-service/venv/lib/python3.13/site-packages/django/db/backends/utils.py", line 79, in execute
    return self._execute_with_wrappers(
           ~~~~~~~~~~~~~~~~~~~~~~~~~~~^
        sql, params, many=False, executor=self._execute
        ^^^^^^^^^^^^^^^^^^^^^^^^^^^^^^^^^^^^^^^^^^^^^^^
    )
    ^
  File "/home/alex/Ecole42/42cursus/ft_transcendence/ft_transcendence_microservices/matchtracker-service/venv/lib/python3.13/site-packages/django/db/backends/utils.py", line 92, in _execute_with_wrappers
    return executor(sql, params, many, context)
  File "/home/alex/Ecole42/42cursus/ft_transcendence/ft_transcendence_microservices/matchtracker-service/venv/lib/python3.13/site-packages/django/db/backends/utils.py", line 100, in _execute
    with self.db.wrap_database_errors:
         ^^^^^^^^^^^^^^^^^^^^^^^^^^^^
  File "/home/alex/Ecole42/42cursus/ft_transcendence/ft_transcendence_microservices/matchtracker-service/venv/lib/python3.13/site-packages/django/db/utils.py", line 91, in __exit__
    raise dj_exc_value.with_traceback(traceback) from exc_value
  File "/home/alex/Ecole42/42cursus/ft_transcendence/ft_transcendence_microservices/matchtracker-service/venv/lib/python3.13/site-packages/django/db/backends/utils.py", line 105, in _execute
    return self.cursor.execute(sql, params)
           ~~~~~~~~~~~~~~~~~~~^^^^^^^^^^^^^
django.db.utils.ProgrammingError: relation "auth_user" does not exist
LINE 1: ...user"."is_active", "auth_user"."date_joined" FROM "auth_user...
                                                             ^

ERROR 2024-12-17 09:27:01,514 basehttp "GET / HTTP/1.1" 500 209816
ERROR 2024-12-17 09:27:41,591 log Internal Server Error: /
Traceback (most recent call last):
  File "/home/alex/Ecole42/42cursus/ft_transcendence/ft_transcendence_microservices/matchtracker-service/venv/lib/python3.13/site-packages/django/db/backends/utils.py", line 105, in _execute
    return self.cursor.execute(sql, params)
           ~~~~~~~~~~~~~~~~~~~^^^^^^^^^^^^^
psycopg2.errors.UndefinedTable: relation "auth_user" does not exist
LINE 1: ...user"."is_active", "auth_user"."date_joined" FROM "auth_user...
                                                             ^


The above exception was the direct cause of the following exception:

Traceback (most recent call last):
  File "/home/alex/Ecole42/42cursus/ft_transcendence/ft_transcendence_microservices/matchtracker-service/venv/lib/python3.13/site-packages/django/core/handlers/exception.py", line 55, in inner
    response = get_response(request)
  File "/home/alex/Ecole42/42cursus/ft_transcendence/ft_transcendence_microservices/matchtracker-service/venv/lib/python3.13/site-packages/django/core/handlers/base.py", line 197, in _get_response
    response = wrapped_callback(request, *callback_args, **callback_kwargs)
  File "/home/alex/Ecole42/42cursus/ft_transcendence/ft_transcendence_microservices/matchtracker-service/venv/lib/python3.13/site-packages/django/views/decorators/csrf.py", line 65, in _view_wrapper
    return view_func(request, *args, **kwargs)
  File "/home/alex/Ecole42/42cursus/ft_transcendence/ft_transcendence_microservices/matchtracker-service/venv/lib/python3.13/site-packages/django/views/generic/base.py", line 104, in view
    return self.dispatch(request, *args, **kwargs)
           ~~~~~~~~~~~~~^^^^^^^^^^^^^^^^^^^^^^^^^^
  File "/home/alex/Ecole42/42cursus/ft_transcendence/ft_transcendence_microservices/matchtracker-service/venv/lib/python3.13/site-packages/rest_framework/views.py", line 509, in dispatch
    response = self.handle_exception(exc)
  File "/home/alex/Ecole42/42cursus/ft_transcendence/ft_transcendence_microservices/matchtracker-service/venv/lib/python3.13/site-packages/rest_framework/views.py", line 469, in handle_exception
    self.raise_uncaught_exception(exc)
    ~~~~~~~~~~~~~~~~~~~~~~~~~~~~~^^^^^
  File "/home/alex/Ecole42/42cursus/ft_transcendence/ft_transcendence_microservices/matchtracker-service/venv/lib/python3.13/site-packages/rest_framework/views.py", line 480, in raise_uncaught_exception
    raise exc
  File "/home/alex/Ecole42/42cursus/ft_transcendence/ft_transcendence_microservices/matchtracker-service/venv/lib/python3.13/site-packages/rest_framework/views.py", line 497, in dispatch
    self.initial(request, *args, **kwargs)
    ~~~~~~~~~~~~^^^^^^^^^^^^^^^^^^^^^^^^^^
  File "/home/alex/Ecole42/42cursus/ft_transcendence/ft_transcendence_microservices/matchtracker-service/venv/lib/python3.13/site-packages/rest_framework/views.py", line 414, in initial
    self.perform_authentication(request)
    ~~~~~~~~~~~~~~~~~~~~~~~~~~~^^^^^^^^^
  File "/home/alex/Ecole42/42cursus/ft_transcendence/ft_transcendence_microservices/matchtracker-service/venv/lib/python3.13/site-packages/rest_framework/views.py", line 324, in perform_authentication
    request.user
  File "/home/alex/Ecole42/42cursus/ft_transcendence/ft_transcendence_microservices/matchtracker-service/venv/lib/python3.13/site-packages/rest_framework/request.py", line 231, in user
    self._authenticate()
    ~~~~~~~~~~~~~~~~~~^^
  File "/home/alex/Ecole42/42cursus/ft_transcendence/ft_transcendence_microservices/matchtracker-service/venv/lib/python3.13/site-packages/rest_framework/request.py", line 384, in _authenticate
    user_auth_tuple = authenticator.authenticate(self)
  File "/home/alex/Ecole42/42cursus/ft_transcendence/ft_transcendence_microservices/matchtracker-service/venv/lib/python3.13/site-packages/rest_framework/authentication.py", line 127, in authenticate
    if not user or not user.is_active:
           ^^^^
  File "/home/alex/Ecole42/42cursus/ft_transcendence/ft_transcendence_microservices/matchtracker-service/venv/lib/python3.13/site-packages/django/utils/functional.py", line 251, in inner
    self._setup()
    ~~~~~~~~~~~^^
  File "/home/alex/Ecole42/42cursus/ft_transcendence/ft_transcendence_microservices/matchtracker-service/venv/lib/python3.13/site-packages/django/utils/functional.py", line 404, in _setup
    self._wrapped = self._setupfunc()
                    ~~~~~~~~~~~~~~~^^
  File "/home/alex/Ecole42/42cursus/ft_transcendence/ft_transcendence_microservices/matchtracker-service/venv/lib/python3.13/site-packages/django/contrib/auth/middleware.py", line 37, in <lambda>
    request.user = SimpleLazyObject(lambda: get_user(request))
                                            ~~~~~~~~^^^^^^^^^
  File "/home/alex/Ecole42/42cursus/ft_transcendence/ft_transcendence_microservices/matchtracker-service/venv/lib/python3.13/site-packages/django/contrib/auth/middleware.py", line 17, in get_user
    request._cached_user = auth.get_user(request)
                           ~~~~~~~~~~~~~^^^^^^^^^
  File "/home/alex/Ecole42/42cursus/ft_transcendence/ft_transcendence_microservices/matchtracker-service/venv/lib/python3.13/site-packages/django/contrib/auth/__init__.py", line 216, in get_user
    user = backend.get_user(user_id)
  File "/home/alex/Ecole42/42cursus/ft_transcendence/ft_transcendence_microservices/matchtracker-service/venv/lib/python3.13/site-packages/django/contrib/auth/backends.py", line 157, in get_user
    user = UserModel._default_manager.get(pk=user_id)
  File "/home/alex/Ecole42/42cursus/ft_transcendence/ft_transcendence_microservices/matchtracker-service/venv/lib/python3.13/site-packages/django/db/models/manager.py", line 87, in manager_method
    return getattr(self.get_queryset(), name)(*args, **kwargs)
           ~~~~~~~~~~~~~~~~~~~~~~~~~~~~~~~~~~^^^^^^^^^^^^^^^^^
  File "/home/alex/Ecole42/42cursus/ft_transcendence/ft_transcendence_microservices/matchtracker-service/venv/lib/python3.13/site-packages/django/db/models/query.py", line 645, in get
    num = len(clone)
  File "/home/alex/Ecole42/42cursus/ft_transcendence/ft_transcendence_microservices/matchtracker-service/venv/lib/python3.13/site-packages/django/db/models/query.py", line 382, in __len__
    self._fetch_all()
    ~~~~~~~~~~~~~~~^^
  File "/home/alex/Ecole42/42cursus/ft_transcendence/ft_transcendence_microservices/matchtracker-service/venv/lib/python3.13/site-packages/django/db/models/query.py", line 1928, in _fetch_all
    self._result_cache = list(self._iterable_class(self))
                         ~~~~^^^^^^^^^^^^^^^^^^^^^^^^^^^^
  File "/home/alex/Ecole42/42cursus/ft_transcendence/ft_transcendence_microservices/matchtracker-service/venv/lib/python3.13/site-packages/django/db/models/query.py", line 91, in __iter__
    results = compiler.execute_sql(
        chunked_fetch=self.chunked_fetch, chunk_size=self.chunk_size
    )
  File "/home/alex/Ecole42/42cursus/ft_transcendence/ft_transcendence_microservices/matchtracker-service/venv/lib/python3.13/site-packages/django/db/models/sql/compiler.py", line 1574, in execute_sql
    cursor.execute(sql, params)
    ~~~~~~~~~~~~~~^^^^^^^^^^^^^
  File "/home/alex/Ecole42/42cursus/ft_transcendence/ft_transcendence_microservices/matchtracker-service/venv/lib/python3.13/site-packages/django/db/backends/utils.py", line 122, in execute
    return super().execute(sql, params)
           ~~~~~~~~~~~~~~~^^^^^^^^^^^^^
  File "/home/alex/Ecole42/42cursus/ft_transcendence/ft_transcendence_microservices/matchtracker-service/venv/lib/python3.13/site-packages/django/db/backends/utils.py", line 79, in execute
    return self._execute_with_wrappers(
           ~~~~~~~~~~~~~~~~~~~~~~~~~~~^
        sql, params, many=False, executor=self._execute
        ^^^^^^^^^^^^^^^^^^^^^^^^^^^^^^^^^^^^^^^^^^^^^^^
    )
    ^
  File "/home/alex/Ecole42/42cursus/ft_transcendence/ft_transcendence_microservices/matchtracker-service/venv/lib/python3.13/site-packages/django/db/backends/utils.py", line 92, in _execute_with_wrappers
    return executor(sql, params, many, context)
  File "/home/alex/Ecole42/42cursus/ft_transcendence/ft_transcendence_microservices/matchtracker-service/venv/lib/python3.13/site-packages/django/db/backends/utils.py", line 100, in _execute
    with self.db.wrap_database_errors:
         ^^^^^^^^^^^^^^^^^^^^^^^^^^^^
  File "/home/alex/Ecole42/42cursus/ft_transcendence/ft_transcendence_microservices/matchtracker-service/venv/lib/python3.13/site-packages/django/db/utils.py", line 91, in __exit__
    raise dj_exc_value.with_traceback(traceback) from exc_value
  File "/home/alex/Ecole42/42cursus/ft_transcendence/ft_transcendence_microservices/matchtracker-service/venv/lib/python3.13/site-packages/django/db/backends/utils.py", line 105, in _execute
    return self.cursor.execute(sql, params)
           ~~~~~~~~~~~~~~~~~~~^^^^^^^^^^^^^
django.db.utils.ProgrammingError: relation "auth_user" does not exist
LINE 1: ...user"."is_active", "auth_user"."date_joined" FROM "auth_user...
                                                             ^

ERROR 2024-12-17 09:27:41,593 basehttp "GET / HTTP/1.1" 500 209816
ERROR 2024-12-17 09:28:00,776 log Internal Server Error: /
Traceback (most recent call last):
  File "/home/alex/Ecole42/42cursus/ft_transcendence/ft_transcendence_microservices/matchtracker-service/venv/lib/python3.13/site-packages/django/db/backends/utils.py", line 105, in _execute
    return self.cursor.execute(sql, params)
           ~~~~~~~~~~~~~~~~~~~^^^^^^^^^^^^^
psycopg2.errors.UndefinedTable: relation "auth_user" does not exist
LINE 1: ...user"."is_active", "auth_user"."date_joined" FROM "auth_user...
                                                             ^


The above exception was the direct cause of the following exception:

Traceback (most recent call last):
  File "/home/alex/Ecole42/42cursus/ft_transcendence/ft_transcendence_microservices/matchtracker-service/venv/lib/python3.13/site-packages/django/core/handlers/exception.py", line 55, in inner
    response = get_response(request)
  File "/home/alex/Ecole42/42cursus/ft_transcendence/ft_transcendence_microservices/matchtracker-service/venv/lib/python3.13/site-packages/django/core/handlers/base.py", line 197, in _get_response
    response = wrapped_callback(request, *callback_args, **callback_kwargs)
  File "/home/alex/Ecole42/42cursus/ft_transcendence/ft_transcendence_microservices/matchtracker-service/venv/lib/python3.13/site-packages/django/views/decorators/csrf.py", line 65, in _view_wrapper
    return view_func(request, *args, **kwargs)
  File "/home/alex/Ecole42/42cursus/ft_transcendence/ft_transcendence_microservices/matchtracker-service/venv/lib/python3.13/site-packages/django/views/generic/base.py", line 104, in view
    return self.dispatch(request, *args, **kwargs)
           ~~~~~~~~~~~~~^^^^^^^^^^^^^^^^^^^^^^^^^^
  File "/home/alex/Ecole42/42cursus/ft_transcendence/ft_transcendence_microservices/matchtracker-service/venv/lib/python3.13/site-packages/rest_framework/views.py", line 509, in dispatch
    response = self.handle_exception(exc)
  File "/home/alex/Ecole42/42cursus/ft_transcendence/ft_transcendence_microservices/matchtracker-service/venv/lib/python3.13/site-packages/rest_framework/views.py", line 469, in handle_exception
    self.raise_uncaught_exception(exc)
    ~~~~~~~~~~~~~~~~~~~~~~~~~~~~~^^^^^
  File "/home/alex/Ecole42/42cursus/ft_transcendence/ft_transcendence_microservices/matchtracker-service/venv/lib/python3.13/site-packages/rest_framework/views.py", line 480, in raise_uncaught_exception
    raise exc
  File "/home/alex/Ecole42/42cursus/ft_transcendence/ft_transcendence_microservices/matchtracker-service/venv/lib/python3.13/site-packages/rest_framework/views.py", line 497, in dispatch
    self.initial(request, *args, **kwargs)
    ~~~~~~~~~~~~^^^^^^^^^^^^^^^^^^^^^^^^^^
  File "/home/alex/Ecole42/42cursus/ft_transcendence/ft_transcendence_microservices/matchtracker-service/venv/lib/python3.13/site-packages/rest_framework/views.py", line 414, in initial
    self.perform_authentication(request)
    ~~~~~~~~~~~~~~~~~~~~~~~~~~~^^^^^^^^^
  File "/home/alex/Ecole42/42cursus/ft_transcendence/ft_transcendence_microservices/matchtracker-service/venv/lib/python3.13/site-packages/rest_framework/views.py", line 324, in perform_authentication
    request.user
  File "/home/alex/Ecole42/42cursus/ft_transcendence/ft_transcendence_microservices/matchtracker-service/venv/lib/python3.13/site-packages/rest_framework/request.py", line 231, in user
    self._authenticate()
    ~~~~~~~~~~~~~~~~~~^^
  File "/home/alex/Ecole42/42cursus/ft_transcendence/ft_transcendence_microservices/matchtracker-service/venv/lib/python3.13/site-packages/rest_framework/request.py", line 384, in _authenticate
    user_auth_tuple = authenticator.authenticate(self)
  File "/home/alex/Ecole42/42cursus/ft_transcendence/ft_transcendence_microservices/matchtracker-service/venv/lib/python3.13/site-packages/rest_framework/authentication.py", line 127, in authenticate
    if not user or not user.is_active:
           ^^^^
  File "/home/alex/Ecole42/42cursus/ft_transcendence/ft_transcendence_microservices/matchtracker-service/venv/lib/python3.13/site-packages/django/utils/functional.py", line 251, in inner
    self._setup()
    ~~~~~~~~~~~^^
  File "/home/alex/Ecole42/42cursus/ft_transcendence/ft_transcendence_microservices/matchtracker-service/venv/lib/python3.13/site-packages/django/utils/functional.py", line 404, in _setup
    self._wrapped = self._setupfunc()
                    ~~~~~~~~~~~~~~~^^
  File "/home/alex/Ecole42/42cursus/ft_transcendence/ft_transcendence_microservices/matchtracker-service/venv/lib/python3.13/site-packages/django/contrib/auth/middleware.py", line 37, in <lambda>
    request.user = SimpleLazyObject(lambda: get_user(request))
                                            ~~~~~~~~^^^^^^^^^
  File "/home/alex/Ecole42/42cursus/ft_transcendence/ft_transcendence_microservices/matchtracker-service/venv/lib/python3.13/site-packages/django/contrib/auth/middleware.py", line 17, in get_user
    request._cached_user = auth.get_user(request)
                           ~~~~~~~~~~~~~^^^^^^^^^
  File "/home/alex/Ecole42/42cursus/ft_transcendence/ft_transcendence_microservices/matchtracker-service/venv/lib/python3.13/site-packages/django/contrib/auth/__init__.py", line 216, in get_user
    user = backend.get_user(user_id)
  File "/home/alex/Ecole42/42cursus/ft_transcendence/ft_transcendence_microservices/matchtracker-service/venv/lib/python3.13/site-packages/django/contrib/auth/backends.py", line 157, in get_user
    user = UserModel._default_manager.get(pk=user_id)
  File "/home/alex/Ecole42/42cursus/ft_transcendence/ft_transcendence_microservices/matchtracker-service/venv/lib/python3.13/site-packages/django/db/models/manager.py", line 87, in manager_method
    return getattr(self.get_queryset(), name)(*args, **kwargs)
           ~~~~~~~~~~~~~~~~~~~~~~~~~~~~~~~~~~^^^^^^^^^^^^^^^^^
  File "/home/alex/Ecole42/42cursus/ft_transcendence/ft_transcendence_microservices/matchtracker-service/venv/lib/python3.13/site-packages/django/db/models/query.py", line 645, in get
    num = len(clone)
  File "/home/alex/Ecole42/42cursus/ft_transcendence/ft_transcendence_microservices/matchtracker-service/venv/lib/python3.13/site-packages/django/db/models/query.py", line 382, in __len__
    self._fetch_all()
    ~~~~~~~~~~~~~~~^^
  File "/home/alex/Ecole42/42cursus/ft_transcendence/ft_transcendence_microservices/matchtracker-service/venv/lib/python3.13/site-packages/django/db/models/query.py", line 1928, in _fetch_all
    self._result_cache = list(self._iterable_class(self))
                         ~~~~^^^^^^^^^^^^^^^^^^^^^^^^^^^^
  File "/home/alex/Ecole42/42cursus/ft_transcendence/ft_transcendence_microservices/matchtracker-service/venv/lib/python3.13/site-packages/django/db/models/query.py", line 91, in __iter__
    results = compiler.execute_sql(
        chunked_fetch=self.chunked_fetch, chunk_size=self.chunk_size
    )
  File "/home/alex/Ecole42/42cursus/ft_transcendence/ft_transcendence_microservices/matchtracker-service/venv/lib/python3.13/site-packages/django/db/models/sql/compiler.py", line 1574, in execute_sql
    cursor.execute(sql, params)
    ~~~~~~~~~~~~~~^^^^^^^^^^^^^
  File "/home/alex/Ecole42/42cursus/ft_transcendence/ft_transcendence_microservices/matchtracker-service/venv/lib/python3.13/site-packages/django/db/backends/utils.py", line 122, in execute
    return super().execute(sql, params)
           ~~~~~~~~~~~~~~~^^^^^^^^^^^^^
  File "/home/alex/Ecole42/42cursus/ft_transcendence/ft_transcendence_microservices/matchtracker-service/venv/lib/python3.13/site-packages/django/db/backends/utils.py", line 79, in execute
    return self._execute_with_wrappers(
           ~~~~~~~~~~~~~~~~~~~~~~~~~~~^
        sql, params, many=False, executor=self._execute
        ^^^^^^^^^^^^^^^^^^^^^^^^^^^^^^^^^^^^^^^^^^^^^^^
    )
    ^
  File "/home/alex/Ecole42/42cursus/ft_transcendence/ft_transcendence_microservices/matchtracker-service/venv/lib/python3.13/site-packages/django/db/backends/utils.py", line 92, in _execute_with_wrappers
    return executor(sql, params, many, context)
  File "/home/alex/Ecole42/42cursus/ft_transcendence/ft_transcendence_microservices/matchtracker-service/venv/lib/python3.13/site-packages/django/db/backends/utils.py", line 100, in _execute
    with self.db.wrap_database_errors:
         ^^^^^^^^^^^^^^^^^^^^^^^^^^^^
  File "/home/alex/Ecole42/42cursus/ft_transcendence/ft_transcendence_microservices/matchtracker-service/venv/lib/python3.13/site-packages/django/db/utils.py", line 91, in __exit__
    raise dj_exc_value.with_traceback(traceback) from exc_value
  File "/home/alex/Ecole42/42cursus/ft_transcendence/ft_transcendence_microservices/matchtracker-service/venv/lib/python3.13/site-packages/django/db/backends/utils.py", line 105, in _execute
    return self.cursor.execute(sql, params)
           ~~~~~~~~~~~~~~~~~~~^^^^^^^^^^^^^
django.db.utils.ProgrammingError: relation "auth_user" does not exist
LINE 1: ...user"."is_active", "auth_user"."date_joined" FROM "auth_user...
                                                             ^

ERROR 2024-12-17 09:28:00,778 basehttp "GET / HTTP/1.1" 500 209953
INFO 2024-12-17 09:35:45,870 autoreload /home/alex/Ecole42/42cursus/ft_transcendence/ft_transcendence_microservices/matchtracker-service/matchtracker_service/settings.py changed, reloading.
INFO 2024-12-17 09:35:46,100 autoreload Watching for file changes with StatReloader
INFO 2024-12-17 09:35:48,268 autoreload /home/alex/Ecole42/42cursus/ft_transcendence/ft_transcendence_microservices/matchtracker-service/matchtracker_service/settings.py changed, reloading.
INFO 2024-12-17 09:35:48,483 autoreload Watching for file changes with StatReloader
INFO 2024-12-17 09:55:45,831 basehttp "GET / HTTP/1.1" 200 5529
WARNING 2024-12-17 09:55:57,169 basehttp "GET /games/ HTTP/1.1" 403 4998
INFO 2024-12-17 09:56:16,556 basehttp "GET /static/rest_framework/css/bootstrap.min.css.map HTTP/1.1" 200 540434
WARNING 2024-12-17 09:59:28,996 basehttp "GET /games/ HTTP/1.1" 403 4998
INFO 2024-12-17 10:00:04,214 autoreload Watching for file changes with StatReloader
INFO 2024-12-17 10:10:17,791 autoreload /home/alex/Ecole42/42cursus/ft_transcendence/ft_transcendence_microservices/matchtracker-service/matchtracker_service/settings.py changed, reloading.
INFO 2024-12-17 10:10:18,007 autoreload Watching for file changes with StatReloader
WARNING 2024-12-17 10:11:12,940 basehttp "GET /games/ HTTP/1.1" 403 4998
WARNING 2024-12-17 10:11:30,966 basehttp "GET /games/ HTTP/1.1" 403 58
WARNING 2024-12-17 10:11:52,001 basehttp "GET /games/ HTTP/1.1" 403 58
WARNING 2024-12-17 10:11:58,508 basehttp "GET /games/ HTTP/1.1" 403 58
WARNING 2024-12-17 10:13:59,048 basehttp "GET /games/ HTTP/1.1" 403 4998
WARNING 2024-12-17 10:13:59,173 basehttp "GET /favicon.ico HTTP/1.1" 404 6949
INFO 2024-12-17 10:17:12,315 autoreload /home/alex/Ecole42/42cursus/ft_transcendence/ft_transcendence_microservices/matchtracker-service/matchtracker_service/settings.py changed, reloading.
INFO 2024-12-17 10:17:12,533 autoreload Watching for file changes with StatReloader
INFO 2024-12-17 10:17:14,734 autoreload /home/alex/Ecole42/42cursus/ft_transcendence/ft_transcendence_microservices/matchtracker-service/matchtracker_service/settings.py changed, reloading.
INFO 2024-12-17 10:17:14,954 autoreload Watching for file changes with StatReloader
INFO 2024-12-17 10:17:36,904 autoreload /home/alex/Ecole42/42cursus/ft_transcendence/ft_transcendence_microservices/matchtracker-service/matchtracker_service/settings.py changed, reloading.
INFO 2024-12-17 10:17:37,126 autoreload Watching for file changes with StatReloader
INFO 2024-12-17 10:17:40,447 autoreload /home/alex/Ecole42/42cursus/ft_transcendence/ft_transcendence_microservices/matchtracker-service/matchtracker_service/settings.py changed, reloading.
INFO 2024-12-17 10:17:40,669 autoreload Watching for file changes with StatReloader
INFO 2024-12-17 10:18:06,890 autoreload Watching for file changes with StatReloader
WARNING 2024-12-17 10:19:05,287 basehttp "GET /games/ HTTP/1.1" 403 4998
WARNING 2024-12-17 10:19:22,465 basehttp "GET / HTTP/1.1" 403 4863
WARNING 2024-12-17 10:19:26,149 basehttp "GET /admin HTTP/1.1" 404 6931
WARNING 2024-12-17 10:19:29,612 basehttp "GET / HTTP/1.1" 403 4863
WARNING 2024-12-17 10:19:45,794 basehttp "GET / HTTP/1.1" 403 4863
WARNING 2024-12-17 10:20:03,802 basehttp "GET /admin HTTP/1.1" 404 6931
WARNING 2024-12-17 10:20:12,447 basehttp "GET / HTTP/1.1" 403 4863
INFO 2024-12-17 10:21:55,766 autoreload /home/alex/Ecole42/42cursus/ft_transcendence/ft_transcendence_microservices/matchtracker-service/matchtracker_service/settings.py changed, reloading.
INFO 2024-12-17 10:21:55,987 autoreload Watching for file changes with StatReloader
INFO 2024-12-17 10:23:35,985 autoreload /home/alex/Ecole42/42cursus/ft_transcendence/ft_transcendence_microservices/matchtracker-service/game/views.py changed, reloading.
INFO 2024-12-17 10:23:36,200 autoreload Watching for file changes with StatReloader
INFO 2024-12-17 10:25:09,067 autoreload Watching for file changes with StatReloader
WARNING 2024-12-17 10:25:34,605 basehttp "GET / HTTP/1.1" 403 4863
WARNING 2024-12-17 10:25:42,778 basehttp "GET / HTTP/1.1" 403 4863
WARNING 2024-12-17 10:25:44,237 basehttp "GET / HTTP/1.1" 403 4863
WARNING 2024-12-17 10:26:11,549 basehttp "GET /check-session/ HTTP/1.1" 404 6958
WARNING 2024-12-17 10:29:20,135 basehttp "GET /check-session/ HTTP/1.1" 404 6958
WARNING 2024-12-17 10:29:24,952 basehttp "GET /check-session HTTP/1.1" 404 6955
WARNING 2024-12-17 10:29:49,823 basehttp "GET /check-session HTTP/1.1" 404 6955
INFO 2024-12-17 10:30:12,363 autoreload /home/alex/Ecole42/42cursus/ft_transcendence/ft_transcendence_microservices/matchtracker-service/matchtracker_service/urls.py changed, reloading.
INFO 2024-12-17 10:30:12,578 autoreload Watching for file changes with StatReloader
INFO 2024-12-17 10:30:13,683 autoreload /home/alex/Ecole42/42cursus/ft_transcendence/ft_transcendence_microservices/matchtracker-service/matchtracker_service/urls.py changed, reloading.
INFO 2024-12-17 10:30:13,896 autoreload Watching for file changes with StatReloader
INFO 2024-12-17 10:30:18,067 autoreload /home/alex/Ecole42/42cursus/ft_transcendence/ft_transcendence_microservices/matchtracker-service/matchtracker_service/urls.py changed, reloading.
INFO 2024-12-17 10:30:18,275 autoreload Watching for file changes with StatReloader
INFO 2024-12-17 10:30:19,381 autoreload /home/alex/Ecole42/42cursus/ft_transcendence/ft_transcendence_microservices/matchtracker-service/matchtracker_service/urls.py changed, reloading.
INFO 2024-12-17 10:30:19,589 autoreload Watching for file changes with StatReloader
INFO 2024-12-17 10:30:21,338 basehttp "GET /check-session HTTP/1.1" 301 0
WARNING 2024-12-17 10:30:21,614 basehttp "GET /check-session/ HTTP/1.1" 403 55
WARNING 2024-12-17 10:30:21,775 basehttp "GET /favicon.ico HTTP/1.1" 404 7128
WARNING 2024-12-17 10:30:45,267 basehttp "GET /check-session/ HTTP/1.1" 403 55
WARNING 2024-12-17 10:31:35,144 basehttp "POST /test-login/ HTTP/1.1" 404 7129
WARNING 2024-12-17 10:32:17,993 basehttp "POST /test-login/ HTTP/1.1" 404 7129
WARNING 2024-12-17 10:33:01,262 basehttp "GET /check-session/ HTTP/1.1" 403 55
WARNING 2024-12-17 10:33:02,764 basehttp "GET /check-session/ HTTP/1.1" 403 55
WARNING 2024-12-17 10:33:03,848 basehttp "GET /check-session/ HTTP/1.1" 403 55
WARNING 2024-12-17 10:33:03,968 basehttp "GET /favicon.ico HTTP/1.1" 404 7128
WARNING 2024-12-17 10:33:04,347 basehttp "GET /check-session/ HTTP/1.1" 403 55
WARNING 2024-12-17 10:33:04,465 basehttp "GET /favicon.ico HTTP/1.1" 404 7128
WARNING 2024-12-17 10:33:09,967 basehttp "GET /check-session/ HTTP/1.1" 403 55
WARNING 2024-12-17 10:33:21,964 basehttp "POST /test-login/ HTTP/1.1" 404 7129
WARNING 2024-12-17 10:40:43,406 basehttp "GET /games/ HTTP/1.1" 403 58
WARNING 2024-12-17 10:45:44,467 basehttp "GET /games/ HTTP/1.1" 403 58
WARNING 2024-12-17 10:46:40,306 basehttp "GET /games/ HTTP/1.1" 403 58
WARNING 2024-12-17 10:47:48,292 basehttp "GET /games/ HTTP/1.1" 403 58
INFO 2024-12-17 10:49:18,044 autoreload /home/alex/Ecole42/42cursus/ft_transcendence/ft_transcendence_microservices/matchtracker-service/matchtracker_service/settings.py changed, reloading.
INFO 2024-12-17 10:49:18,265 autoreload Watching for file changes with StatReloader
INFO 2024-12-17 10:49:51,338 autoreload Watching for file changes with StatReloader
WARNING 2024-12-17 10:50:33,104 basehttp "GET /check-session/ HTTP/1.1" 403 55
WARNING 2024-12-17 10:52:51,366 basehttp "GET /check-session/ HTTP/1.1" 403 55
WARNING 2024-12-17 10:52:51,508 basehttp "GET /favicon.ico HTTP/1.1" 404 7128
WARNING 2024-12-17 10:53:22,188 basehttp "GET /games/ HTTP/1.1" 403 58
WARNING 2024-12-17 10:53:42,809 basehttp "GET /games/ HTTP/1.1" 403 58
INFO 2024-12-17 10:59:52,679 autoreload /home/alex/Ecole42/42cursus/ft_transcendence/ft_transcendence_microservices/matchtracker-service/matchtracker_service/settings.py changed, reloading.
INFO 2024-12-17 10:59:52,896 autoreload Watching for file changes with StatReloader
INFO 2024-12-17 11:00:11,547 autoreload /home/alex/Ecole42/42cursus/ft_transcendence/ft_transcendence_microservices/matchtracker-service/matchtracker_service/settings.py changed, reloading.
INFO 2024-12-17 11:00:11,769 autoreload Watching for file changes with StatReloader
INFO 2024-12-17 11:00:19,066 autoreload /home/alex/Ecole42/42cursus/ft_transcendence/ft_transcendence_microservices/matchtracker-service/matchtracker_service/settings.py changed, reloading.
INFO 2024-12-17 11:00:19,283 autoreload Watching for file changes with StatReloader
WARNING 2024-12-17 11:01:44,398 basehttp "GET /games/ HTTP/1.1" 403 58
INFO 2024-12-17 11:03:16,696 autoreload /home/alex/Ecole42/42cursus/ft_transcendence/ft_transcendence_microservices/matchtracker-service/matchtracker_service/settings.py changed, reloading.
INFO 2024-12-17 11:03:16,923 autoreload Watching for file changes with StatReloader
INFO 2024-12-17 11:03:31,806 autoreload Watching for file changes with StatReloader
INFO 2024-12-17 11:04:42,366 autoreload /home/alex/Ecole42/42cursus/ft_transcendence/ft_transcendence_microservices/matchtracker-service/matchtracker_service/settings.py changed, reloading.
INFO 2024-12-17 11:04:42,586 autoreload Watching for file changes with StatReloader
INFO 2024-12-17 11:04:46,935 autoreload /home/alex/Ecole42/42cursus/ft_transcendence/ft_transcendence_microservices/matchtracker-service/matchtracker_service/settings.py changed, reloading.
INFO 2024-12-17 11:04:47,153 autoreload Watching for file changes with StatReloader
WARNING 2024-12-17 11:05:28,253 basehttp "GET /check-session/ HTTP/1.1" 403 55
WARNING 2024-12-17 11:06:47,291 basehttp "GET /games/ HTTP/1.1" 403 58
INFO 2024-12-17 11:09:42,749 autoreload /home/alex/Ecole42/42cursus/ft_transcendence/ft_transcendence_microservices/matchtracker-service/matchtracker_service/settings.py changed, reloading.
INFO 2024-12-17 11:10:03,345 autoreload Watching for file changes with StatReloader
INFO 2024-12-17 11:12:16,950 autoreload /home/alex/Ecole42/42cursus/ft_transcendence/ft_transcendence_microservices/matchtracker-service/matchtracker_service/settings.py changed, reloading.
INFO 2024-12-17 11:12:17,113 autoreload Watching for file changes with StatReloader
INFO 2024-12-17 11:12:18,385 autoreload /home/alex/Ecole42/42cursus/ft_transcendence/ft_transcendence_microservices/matchtracker-service/matchtracker_service/settings.py changed, reloading.
INFO 2024-12-17 11:12:18,531 autoreload Watching for file changes with StatReloader
INFO 2024-12-17 11:12:26,605 autoreload Watching for file changes with StatReloader
INFO 2024-12-17 11:14:45,544 autoreload /home/alex/Ecole42/42cursus/ft_transcendence/ft_transcendence_microservices/matchtracker-service/matchtracker_service/settings.py changed, reloading.
INFO 2024-12-17 11:14:45,761 autoreload Watching for file changes with StatReloader
INFO 2024-12-17 11:14:49,848 autoreload Watching for file changes with StatReloader
WARNING 2024-12-17 11:16:07,827 basehttp "GET /check-session/ HTTP/1.1" 403 55
WARNING 2024-12-17 11:17:46,766 basehttp "GET /games/ HTTP/1.1" 403 58
INFO 2024-12-17 11:21:55,035 autoreload /home/alex/Ecole42/42cursus/ft_transcendence/ft_transcendence_microservices/matchtracker-service/matchtracker_service/settings.py changed, reloading.
INFO 2024-12-17 11:21:55,261 autoreload Watching for file changes with StatReloader
INFO 2024-12-17 11:22:55,598 autoreload /home/alex/Ecole42/42cursus/ft_transcendence/ft_transcendence_microservices/matchtracker-service/game/middleware.py changed, reloading.
INFO 2024-12-17 11:22:55,821 autoreload Watching for file changes with StatReloader
INFO 2024-12-17 11:23:00,838 autoreload /home/alex/Ecole42/42cursus/ft_transcendence/ft_transcendence_microservices/matchtracker-service/game/middleware.py changed, reloading.
INFO 2024-12-17 11:23:01,070 autoreload Watching for file changes with StatReloader
INFO 2024-12-17 11:23:49,354 autoreload /home/alex/Ecole42/42cursus/ft_transcendence/ft_transcendence_microservices/matchtracker-service/game/middleware.py changed, reloading.
INFO 2024-12-17 11:23:49,586 autoreload Watching for file changes with StatReloader
INFO 2024-12-17 11:25:21,966 autoreload Watching for file changes with StatReloader
WARNING 2024-12-17 11:26:26,414 basehttp "GET /check-session/ HTTP/1.1" 403 55
WARNING 2024-12-17 11:26:37,924 basehttp "GET / HTTP/1.1" 403 4863
INFO 2024-12-17 11:27:14,068 basehttp "GET /test-redis-session/ HTTP/1.1" 200 44
INFO 2024-12-17 11:29:37,702 autoreload /home/alex/Ecole42/42cursus/ft_transcendence/ft_transcendence_microservices/matchtracker-service/matchtracker_service/settings.py changed, reloading.
INFO 2024-12-17 11:29:37,925 autoreload Watching for file changes with StatReloader
INFO 2024-12-17 11:29:39,104 autoreload /home/alex/Ecole42/42cursus/ft_transcendence/ft_transcendence_microservices/matchtracker-service/matchtracker_service/settings.py changed, reloading.
INFO 2024-12-17 11:29:39,335 autoreload Watching for file changes with StatReloader
INFO 2024-12-17 11:29:57,344 autoreload /home/alex/Ecole42/42cursus/ft_transcendence/ft_transcendence_microservices/matchtracker-service/matchtracker_service/settings.py changed, reloading.
INFO 2024-12-17 11:29:55,314 autoreload Watching for file changes with StatReloader
INFO 2024-12-17 11:30:09,253 autoreload /home/alex/Ecole42/42cursus/ft_transcendence/ft_transcendence_microservices/matchtracker-service/matchtracker_service/settings.py changed, reloading.
INFO 2024-12-17 11:30:09,483 autoreload Watching for file changes with StatReloader
INFO 2024-12-17 11:30:11,655 autoreload /home/alex/Ecole42/42cursus/ft_transcendence/ft_transcendence_microservices/matchtracker-service/matchtracker_service/settings.py changed, reloading.
INFO 2024-12-17 11:30:11,886 autoreload Watching for file changes with StatReloader
INFO 2024-12-17 11:30:16,236 autoreload /home/alex/Ecole42/42cursus/ft_transcendence/ft_transcendence_microservices/matchtracker-service/matchtracker_service/settings.py changed, reloading.
INFO 2024-12-17 11:30:16,464 autoreload Watching for file changes with StatReloader
INFO 2024-12-17 11:30:51,085 autoreload Watching for file changes with StatReloader
INFO 2024-12-17 11:32:17,883 basehttp "GET /test-redis-session/ HTTP/1.1" 200 44
WARNING 2024-12-17 11:32:18,020 basehttp "GET /favicon.ico HTTP/1.1" 404 7128
INFO 2024-12-17 11:32:18,872 basehttp "GET /test-redis-session/ HTTP/1.1" 200 44
WARNING 2024-12-17 11:32:19,009 basehttp "GET /favicon.ico HTTP/1.1" 404 7128
INFO 2024-12-17 11:32:37,001 basehttp "GET /test-redis-session/ HTTP/1.1" 200 44
INFO 2024-12-17 11:32:38,106 basehttp "GET /test-redis-session/ HTTP/1.1" 200 44
INFO 2024-12-17 11:34:25,855 autoreload Watching for file changes with StatReloader
WARNING 2024-12-17 11:45:55,464 basehttp "GET / HTTP/1.1" 403 4863
INFO 2024-12-17 11:45:55,502 basehttp "GET /static/rest_framework/css/bootstrap.min.css HTTP/1.1" 304 0
INFO 2024-12-17 11:45:55,506 basehttp "GET /static/rest_framework/js/ajax-form.js HTTP/1.1" 304 0
INFO 2024-12-17 11:45:55,507 basehttp "GET /static/rest_framework/css/prettify.css HTTP/1.1" 304 0
INFO 2024-12-17 11:45:55,507 basehttp "GET /static/rest_framework/css/bootstrap-tweaks.css HTTP/1.1" 304 0
INFO 2024-12-17 11:45:55,510 basehttp "GET /static/rest_framework/js/jquery-3.7.1.min.js HTTP/1.1" 304 0
INFO 2024-12-17 11:45:55,511 basehttp "GET /static/rest_framework/js/bootstrap.min.js HTTP/1.1" 304 0
INFO 2024-12-17 11:45:55,512 basehttp "GET /static/rest_framework/js/csrf.js HTTP/1.1" 304 0
INFO 2024-12-17 11:45:55,512 basehttp "GET /static/rest_framework/js/prettify-min.js HTTP/1.1" 304 0
INFO 2024-12-17 11:45:55,512 basehttp "GET /static/rest_framework/css/default.css HTTP/1.1" 304 0
INFO 2024-12-17 11:45:55,513 basehttp "GET /static/rest_framework/js/default.js HTTP/1.1" 304 0
INFO 2024-12-17 11:45:55,515 basehttp "GET /static/rest_framework/js/load-ajax-form.js HTTP/1.1" 304 0
INFO 2024-12-17 11:45:55,557 basehttp "GET /static/rest_framework/img/grid.png HTTP/1.1" 304 0
WARNING 2024-12-17 11:45:55,653 basehttp "GET /favicon.ico HTTP/1.1" 404 7128
INFO 2024-12-17 11:47:37,350 autoreload /home/alex/Ecole42/42cursus/ft_transcendence/ft_transcendence_microservices/matchtracker-service/matchtracker_service/settings.py changed, reloading.
INFO 2024-12-17 11:47:37,578 autoreload Watching for file changes with StatReloader
INFO 2024-12-17 11:47:39,777 autoreload /home/alex/Ecole42/42cursus/ft_transcendence/ft_transcendence_microservices/matchtracker-service/matchtracker_service/settings.py changed, reloading.
INFO 2024-12-17 11:47:40,009 autoreload Watching for file changes with StatReloader
INFO 2024-12-17 11:48:00,587 autoreload /home/alex/Ecole42/42cursus/ft_transcendence/ft_transcendence_microservices/matchtracker-service/matchtracker_service/settings.py changed, reloading.
INFO 2024-12-17 11:48:00,811 autoreload Watching for file changes with StatReloader
INFO 2024-12-17 11:48:03,053 autoreload /home/alex/Ecole42/42cursus/ft_transcendence/ft_transcendence_microservices/matchtracker-service/matchtracker_service/settings.py changed, reloading.
